This is pdfTeX, Version 3.141592-1.40.5 (Web2C 7.5.5) (format=latex 2008.3.4)  29 NOV 2008 12:45
entering extended mode
**./images.tex
(./images.tex
LaTeX2e <2005/12/01>
Babel <v3.8h> and hyphenation patterns for american, french, german, ngerman, b
ahasa, basque, bulgarian, catalan, croatian, czech, danish, dutch, esperanto, e
stonian, finnish, greek, icelandic, irish, italian, latin, magyar, norsk, polis
h, portuges, romanian, russian, serbian, slovak, slovene, spanish, swedish, tur
kish, ukrainian, nohyphenation, loaded.

(/usr/share/texmf/tex/latex/base/book.cls
Document Class: book 2005/09/16 v1.4f Standard LaTeX document class
(/usr/share/texmf/tex/latex/base/bk11.clo
File: bk11.clo 2005/09/16 v1.4f Standard LaTeX file (size option)
)
\c@part=\count79
\c@chapter=\count80
\c@section=\count81
\c@subsection=\count82
\c@subsubsection=\count83
\c@paragraph=\count84
\c@subparagraph=\count85
\c@figure=\count86
\c@table=\count87
\abovecaptionskip=\skip41
\belowcaptionskip=\skip42
\bibindent=\dimen102
) (/usr/share/texmf/tex/latex/base/ifthen.sty
Package: ifthen 2001/05/26 v1.1c Standard LaTeX ifthen package (DPC)
) (/usr/share/texmf/tex/latex/graphics/graphicx.sty
Package: graphicx 1999/02/16 v1.0f Enhanced LaTeX Graphics (DPC,SPQR)
(/usr/share/texmf/tex/latex/graphics/keyval.sty
Package: keyval 1999/03/16 v1.13 key=value parser (DPC)
\KV@toks@=\toks14
) (/usr/share/texmf/tex/latex/graphics/graphics.sty
Package: graphics 2006/02/20 v1.0o Standard LaTeX Graphics (DPC,SPQR)
(/usr/share/texmf/tex/latex/graphics/trig.sty
Package: trig 1999/03/16 v1.09 sin cos tan (DPC)
) (/usr/share/texmf/tex/latex/graphics/graphics.cfg
File: graphics.cfg 2005/08/28 v1.4 graphics configuration of teTeX/TeXLive
)
Package graphics Info: Driver file: dvips.def on input line 90.
(/usr/share/texmf/tex/latex/graphics/dvips.def
File: dvips.def 1999/02/16 v3.0i Driver-dependant file (DPC,SPQR)
))
\Gin@req@height=\dimen103
\Gin@req@width=\dimen104
) (/usr/share/texmf/tex/latex/natbib/natbib.sty
Package: natbib 2003/06/06 7.1 (PWD)
\bibhang=\skip43
\bibsep=\skip44
LaTeX Info: Redefining \cite on input line 518.
\c@NAT@ctr=\count88
) (/usr/share/texmf/tex/latex/base/makeidx.sty
Package: makeidx 2000/03/29 v1.0m Standard LaTeX package
) (/usr/share/texmf/tex/latex/booktabs/booktabs.sty
Package: booktabs 2003/03/28 v1.618 publication quality tables
\heavyrulewidth=\dimen105
\lightrulewidth=\dimen106
\cmidrulewidth=\dimen107
\belowrulesep=\dimen108
\belowbottomsep=\dimen109
\aboverulesep=\dimen110
\abovetopsep=\dimen111
\cmidrulesep=\dimen112
\cmidrulekern=\dimen113
\defaultaddspace=\dimen114
\@cmidla=\count89
\@cmidlb=\count90
\@aboverulesep=\dimen115
\@belowrulesep=\dimen116
\@thisruleclass=\count91
\@lastruleclass=\count92
\@thisrulewidth=\dimen117
) (/usr/share/texmf/tex/latex/vmargin/vmargin.sty
Package: vmargin 2004/07/15 V2.5 set document margins (VK)
Package: vmargin 2004/07/15 V2.5 set document margins (VK)
\PaperWidth=\dimen118
\PaperHeight=\dimen119
) (/usr/share/texmf/tex/latex/amsmath/amsmath.sty
Package: amsmath 2000/07/18 v2.13 AMS math features
\@mathmargin=\skip45
For additional information on amsmath, use the `?' option.
(/usr/share/texmf/tex/latex/amsmath/amstext.sty
Package: amstext 2000/06/29 v2.01
(/usr/share/texmf/tex/latex/amsmath/amsgen.sty
File: amsgen.sty 1999/11/30 v2.0
\@emptytoks=\toks15
\ex@=\dimen120
)) (/usr/share/texmf/tex/latex/amsmath/amsbsy.sty
Package: amsbsy 1999/11/29 v1.2d
\pmbraise@=\dimen121
) (/usr/share/texmf/tex/latex/amsmath/amsopn.sty
Package: amsopn 1999/12/14 v2.01 operator names
)
\inf@bad=\count93
LaTeX Info: Redefining \frac on input line 211.
\uproot@=\count94
\leftroot@=\count95
LaTeX Info: Redefining \overline on input line 307.
\classnum@=\count96
\DOTSCASE@=\count97
LaTeX Info: Redefining \ldots on input line 379.
LaTeX Info: Redefining \dots on input line 382.
LaTeX Info: Redefining \cdots on input line 467.
\Mathstrutbox@=\box26
\strutbox@=\box27
\big@size=\dimen122
LaTeX Font Info:    Redeclaring font encoding OML on input line 567.
LaTeX Font Info:    Redeclaring font encoding OMS on input line 568.
\macc@depth=\count98
\c@MaxMatrixCols=\count99
\dotsspace@=\muskip10
\c@parentequation=\count100
\dspbrk@lvl=\count101
\tag@help=\toks16
\row@=\count102
\column@=\count103
\maxfields@=\count104
\andhelp@=\toks17
\eqnshift@=\dimen123
\alignsep@=\dimen124
\tagshift@=\dimen125
\tagwidth@=\dimen126
\totwidth@=\dimen127
\lineht@=\dimen128
\@envbody=\toks18
\multlinegap=\skip46
\multlinetaggap=\skip47
\mathdisplay@stack=\toks19
LaTeX Info: Redefining \[ on input line 2666.
LaTeX Info: Redefining \] on input line 2667.
) (/usr/share/texmf/tex/latex/amsfonts/amssymb.sty
Package: amssymb 2002/01/22 v2.2d
(/usr/share/texmf/tex/latex/amsfonts/amsfonts.sty
Package: amsfonts 2001/10/25 v2.2f
\symAMSa=\mathgroup4
\symAMSb=\mathgroup5
LaTeX Font Info:    Overwriting math alphabet `\mathfrak' in version `bold'
(Font)                  U/euf/m/n --> U/euf/b/n on input line 132.
)) (/usr/share/texmf/tex/latex/hyperref/hyperref.sty
Package: hyperref 2008/01/09 v6.77i Hypertext links for LaTeX
(/usr/share/texmf/tex/latex/oberdiek/hycolor.sty
Package: hycolor 2007/04/11 v1.1 Code for color options of hyperref/bookmark (H
O)
)
\@linkdim=\dimen129
\Hy@linkcounter=\count105
\Hy@pagecounter=\count106
(/usr/share/texmf/tex/latex/hyperref/pd1enc.def
File: pd1enc.def 2008/01/09 v6.77i Hyperref: PDFDocEncoding definition (HO)
) (/usr/share/texmf/tex/latex/oberdiek/etexcmds.sty
Package: etexcmds 2007/12/12 v1.2 Prefix for e-TeX command names (HO)
(/usr/share/texmf/tex/latex/oberdiek/infwarerr.sty
Package: infwarerr 2007/09/09 v1.2 Providing info/warning/message (HO)
)
Package etexcmds Info: Could not find \expanded.
(etexcmds)             That can mean that you are not using pdfTeX 1.50 or
(etexcmds)             that some package has redefined \expanded.
(etexcmds)             In the latter case, load this package earlier.
) (/usr/share/texmf/tex/latex/hyperref/hyperref.cfg
File: hyperref.cfg 2002/06/06 v1.2 hyperref configuration of TeXLive and teTeX
) (/usr/share/texmf/tex/latex/oberdiek/kvoptions.sty
Package: kvoptions 2007/10/18 v3.0 Keyval support for LaTeX options (HO)
)
Package hyperref Info: Hyper figures OFF on input line 2722.
Package hyperref Info: Link nesting OFF on input line 2727.
Package hyperref Info: Hyper index ON on input line 2730.
Package hyperref Info: Plain pages OFF on input line 2737.
Package hyperref Info: Backreferencing OFF on input line 2742.
Implicit mode ON; LaTeX internals redefined
Package hyperref Info: Bookmarks ON on input line 2898.
(/usr/share/texmf/tex/latex/url/url.sty
\Urlmuskip=\muskip11
Package: url 2006/04/12  ver 3.3  Verb mode for urls, etc.
)
LaTeX Info: Redefining \url on input line 3068.
(/usr/share/texmf/tex/latex/oberdiek/bitset.sty
Package: bitset 2007/09/28 v1.0 Data type bit set (HO)
(/usr/share/texmf/tex/latex/oberdiek/intcalc.sty
Package: intcalc 2007/09/27 v1.1 Expandable integer calculations (HO)
) (/usr/share/texmf/tex/latex/oberdiek/bigintcalc.sty
Package: bigintcalc 2007/11/11 v1.1 Expandable big integer calculations (HO)
(/usr/share/texmf/tex/latex/oberdiek/pdftexcmds.sty
Package: pdftexcmds 2007/12/12 v0.3 LuaTeX support for pdfTeX utility functions
 (HO)
Package pdftexcmds Info: LuaTeX not detected on input line 139.
))) (/usr/share/texmf/tex/latex/oberdiek/kvsetkeys.sty
Package: kvsetkeys 2007/09/29 v1.3 Key value parser with default handler suppor
t (HO)
)
\Fld@menulength=\count107
\Field@Width=\dimen130
\Fld@charsize=\dimen131
\Field@toks=\toks20
Package hyperref Info: Hyper figures OFF on input line 3949.
Package hyperref Info: Link nesting OFF on input line 3954.
Package hyperref Info: Hyper index ON on input line 3957.
Package hyperref Info: backreferencing OFF on input line 3964.
Package hyperref Info: Link coloring OFF on input line 3969.
(/usr/share/texmf/tex/latex/oberdiek/atbegshi.sty
Package: atbegshi 2007/09/09 v1.6 At begin shipout hook (HO)
(/usr/share/texmf/tex/latex/oberdiek/ifpdf.sty
Package: ifpdf 2007/12/12 v1.6 Provides the ifpdf switch (HO)
Package ifpdf Info: pdfTeX in pdf mode not detected.
))
\Hy@abspage=\count108
\c@Item=\count109
\c@Hfootnote=\count110
)
*hyperref using default driver hdvips*
(/usr/share/texmf/tex/latex/hyperref/hdvips.def
File: hdvips.def 2008/01/09 v6.77i Hyperref driver for dvips
(/usr/share/texmf/tex/latex/hyperref/pdfmark.def
File: pdfmark.def 2008/01/09 v6.77i Hyperref definitions for pdfmark specials
\pdf@docset=\toks21
\pdf@box=\box28
\pdf@toks=\toks22
\pdf@defaulttoks=\toks23
\Fld@listcount=\count111
))
Package hyperref Info: Option `colorlinks' set `true' on input line 32.
\@indexfile=\write3
\openout3 = `images.idx'.

Writing index file images.idx
(/usr/share/texmf/tex/latex/graphics/color.sty
Package: color 2005/11/14 v1.0j Standard LaTeX Color (DPC)
(/usr/share/texmf/tex/latex/graphics/color.cfg
File: color.cfg 2005/08/28 v1.4 color configuration of teTeX/TeXLive
)
Package color Info: Driver file: dvips.def on input line 130.
(/usr/share/texmf/tex/latex/graphics/dvipsnam.def
File: dvipsnam.def 1999/02/16 v3.0i Driver-dependant file (DPC,SPQR)
)) (/usr/share/texmf/tex/latex/base/inputenc.sty
Package: inputenc 2006/05/05 v1.1b Input encoding file
\inpenc@prehook=\toks24
\inpenc@posthook=\toks25
(/usr/share/texmf/tex/latex/base/latin1.def
File: latin1.def 2006/05/05 v1.1b Input encoding file
))
\sizebox=\box29
\lthtmlwrite=\write4
No file images.aux.
\openout1 = `images.aux'.

LaTeX Font Info:    Checking defaults for OML/cmm/m/it on input line 198.
LaTeX Font Info:    ... okay on input line 198.
LaTeX Font Info:    Checking defaults for T1/cmr/m/n on input line 198.
LaTeX Font Info:    ... okay on input line 198.
LaTeX Font Info:    Checking defaults for OT1/cmr/m/n on input line 198.
LaTeX Font Info:    ... okay on input line 198.
LaTeX Font Info:    Checking defaults for OMS/cmsy/m/n on input line 198.
LaTeX Font Info:    ... okay on input line 198.
LaTeX Font Info:    Checking defaults for OMX/cmex/m/n on input line 198.
LaTeX Font Info:    ... okay on input line 198.
LaTeX Font Info:    Checking defaults for U/cmr/m/n on input line 198.
LaTeX Font Info:    ... okay on input line 198.
LaTeX Font Info:    Checking defaults for PD1/pdf/m/n on input line 198.
LaTeX Font Info:    ... okay on input line 198.
Package hyperref Info: Link coloring ON on input line 198.
(/usr/share/texmf/tex/latex/hyperref/nameref.sty
Package: nameref 2007/05/29 v2.31 Cross-referencing by name of section
(/usr/share/texmf/tex/latex/oberdiek/refcount.sty
Package: refcount 2006/02/20 v3.0 Data extraction from references (HO)
)
\c@section@level=\count112
)
LaTeX Info: Redefining \ref on input line 198.
LaTeX Info: Redefining \pageref on input line 198.
\@outlinefile=\write5
\openout5 = `images.out'.

\AtBeginShipoutBox=\box30

Package hyperref Warning: Rerun to get /PageLabels entry.


latex2htmlLength hsize=349.0pt

latex2htmlLength vsize=803.2213pt

latex2htmlLength hoffset=0.0pt

latex2htmlLength voffset=0.0pt

latex2htmlLength topmargin=0.0pt

latex2htmlLength topskip=0.00003pt

latex2htmlLength headheight=0.0pt

latex2htmlLength headsep=0.0pt

latex2htmlLength parskip=0.0pt plus 1.0pt

latex2htmlLength oddsidemargin=99.58464pt

latex2htmlLength evensidemargin=71.13188pt

File: images/ulysses.eps.gz Graphic file (type eps)
<images/ulysses.eps.gz>
l2hSize :tex2html_wrap26969:146.94681pt::0.0pt::349.0pt.
[1



]
LaTeX Font Info:    Try loading font information for U+msa on input line 228.
(/usr/share/texmf/tex/latex/amsfonts/umsa.fd
File: umsa.fd 2002/01/19 v2.2g AMS font definitions
)
LaTeX Font Info:    Try loading font information for U+msb on input line 228.
(/usr/share/texmf/tex/latex/amsfonts/umsb.fd
File: umsb.fd 2002/01/19 v2.2g AMS font definitions
)
l2hSize :tex2html_wrap_inline27001:8.7125pt::8.7125pt::23.69995pt.
[2


]
l2hSize :tex2html_wrap_inline27003:9.62923pt::9.62923pt::12.14891pt.
[3


]
LaTeX Font Info:    Try loading font information for U+euf on input line 240.
(/usr/share/texmf/tex/latex/amsfonts/ueuf.fd
File: ueuf.fd 2002/01/19 v2.2g AMS font definitions
)
l2hSize :tex2html_wrap_inline27005:7.57089pt::0.0pt::9.6533pt.
[4


]
l2hSize :tex2html_wrap_inline27007:8.07089pt::8.07089pt::13.98662pt.
[5


]
l2hSize :tex2html_wrap_inline27009:8.07089pt::8.07089pt::15.93103pt.
[6


]
l2hSize :tex2html_wrap_inline27011:8.07089pt::8.07089pt::14.66818pt.
[7


]
l2hSize :tex2html_wrap_inline27013:8.07089pt::8.07089pt::21.08626pt.
[8


]
l2hSize :tex2html_wrap_inline27015:8.07089pt::8.07089pt::14.22511pt.
[9


]
l2hSize :tex2html_wrap_inline27017:8.07089pt::8.07089pt::28.81183pt.
[10


]
l2hSize :tex2html_wrap_inline27023:8.07089pt::8.07089pt::14.93808pt.
[11


]
l2hSize :tex2html_wrap_inline27025:8.07089pt::8.07089pt::14.64178pt.
[12


]
l2hSize :tex2html_wrap_inline27027:8.07089pt::8.07089pt::14.44502pt.
[13


]
l2hSize :tex2html_wrap_inline27029:7.57185pt::7.57185pt::8.38612pt.
[14


]
l2hSize :tex2html_wrap_inline27031:8.7125pt::8.7125pt::23.39806pt.
[15


]
l2hSize :tex2html_wrap_inline27033:7.07185pt::0.0pt::5.79189pt.
[16


]
l2hSize :tex2html_wrap_inline27035:7.98248pt::7.98248pt::13.35802pt.
[17


]
l2hSize :tex2html_wrap_inline27037:7.98248pt::7.98248pt::13.35802pt.
[18


]
l2hSize :tex2html_wrap_inline27039:7.98248pt::7.98248pt::18.08963pt.
[19


]
l2hSize :tex2html_wrap_inline27041:9.12923pt::0.0pt::12.6432pt.
[20


]
l2hSize :tex2html_wrap_inline27043:9.62923pt::9.62923pt::12.72733pt.
[21


]
l2hSize :tex2html_wrap_inline27045:9.62923pt::9.62923pt::12.6432pt.
[22


]
l2hSize :tex2html_wrap_inline27047:7.57185pt::7.57185pt::9.77748pt.
[23


]
l2hSize :tex2html_wrap_inline27049:7.57185pt::7.57185pt::10.79968pt.
[24


]
l2hSize :tex2html_wrap_inline27051:7.57185pt::7.57185pt::9.76497pt.
[25


]
l2hSize :tex2html_wrap_inline27053:7.57185pt::7.57185pt::13.35298pt.
[26


]
l2hSize :tex2html_wrap_inline27111:7.57185pt::7.57185pt::17.58092pt.
[27


]
l2hSize :tex2html_wrap_inline27119:8.7125pt::8.7125pt::6.02254pt.
[28


]
l2hSize :tex2html_wrap_inline27163:9.52922pt::0.0pt::9.07542pt.
[29


]
l2hSize :tex2html_wrap_indisplay27169:15.39023pt::15.39023pt::66.24557pt.
[30


]
l2hSize :tex2html_wrap_inline27171:7.98248pt::7.98248pt::17.37595pt.
[31


]
l2hSize :tex2html_wrap_inline27173:7.98248pt::7.98248pt::18.84122pt.
[32


]
l2hSize :tex2html_wrap_indisplay27176:20.92955pt::20.92955pt::188.12283pt.
[33


]
l2hSize :tex2html_wrap_inline27178:7.57185pt::7.57185pt::18.81947pt.
[34


]
l2hSize :tex2html_wrap_inline27180:7.57185pt::7.57185pt::20.28474pt.
[35


]
File: images/noe.eps.gz Graphic file (type eps)
<images/noe.eps.gz>
l2hSize :tex2html_wrap27183:215.73811pt::0.0pt::349.0pt.
[36


]
l2hSize :tex2html_wrap_inline27198:7.98248pt::7.98248pt::13.89273pt.
[37


]
l2hSize :tex2html_wrap_inline27200:7.98248pt::7.98248pt::10.11104pt.
[38


]
l2hSize :tex2html_wrap_indisplay27203:10.48782pt::10.48782pt::74.47699pt.
[39


]
l2hSize :tex2html_wrap_inline27205:8.7125pt::8.7125pt::18.6911pt.
[40


]
l2hSize :tex2html_wrap_inline27207:7.07185pt::0.0pt::4.50171pt.
[41


]
l2hSize :tex2html_wrap_inline27221:7.98248pt::7.98248pt::14.3611pt.
[42


]
l2hSize :tex2html_wrap_indisplay27224:10.48782pt::10.48782pt::101.15295pt.
[43


]
l2hSize :tex2html_wrap_inline27235:9.62923pt::9.62923pt::26.11018pt.
[44


]
l2hSize :tex2html_wrap_indisplay27238:18.72697pt::18.72697pt::127.31348pt.
[45


]
l2hSize :tex2html_wrap_inline27240:7.22179pt::0.0pt::4.31995pt.
[46


]
l2hSize :tex2html_wrap_inline27242:7.98248pt::7.98248pt::12.0019pt.
[47


]
l2hSize :tex2html_wrap_inline27248:8.7125pt::8.7125pt::25.96318pt.
[48


]
l2hSize :tex2html_wrap_inline27250:8.7125pt::8.7125pt::14.5088pt.
[49


]
l2hSize :tex2html_wrap_inline27252:7.60416pt::0.0pt::5.99211pt.
[50


]
l2hSize :tex2html_wrap_inline27254:10.49374pt::0.0pt::5.99211pt.
[51


]
l2hSize :tex2html_wrap_inline27256:7.57185pt::7.57185pt::10.19846pt.
[52


]
l2hSize :tex2html_wrap_inline27265:8.7125pt::8.7125pt::27.31929pt.
[53


]
l2hSize :tex2html_wrap_inline27267:8.7125pt::8.7125pt::27.31929pt.
[54


]
l2hSize :tex2html_wrap_inline27271:8.7125pt::8.7125pt::37.16559pt.
[55


]
l2hSize :subequations27276:73.57806pt::0.0pt::349.0pt.
[56


]
l2hSize :tex2html_wrap_inline27285:8.91812pt::8.91812pt::25.96318pt.
[57


]
l2hSize :tex2html_wrap_inline27287:8.91812pt::8.91812pt::17.31436pt.
[58


]
l2hSize :subequations27290:104.48373pt::0.0pt::349.0pt.
[59


]
l2hSize :tex2html_wrap_indisplay27296:17.03697pt::17.03697pt::114.59552pt.
[60


]
l2hSize :tex2html_wrap_indisplay27298:17.03697pt::17.03697pt::69.28397pt.
[61


]
l2hSize :tex2html_wrap_inline27300:7.57185pt::7.57185pt::11.89551pt.
[62


]
l2hSize :tex2html_wrap_inline27302:7.57185pt::7.57185pt::13.16664pt.
[63


]
l2hSize :tex2html_wrap_inline27304:7.57185pt::7.57185pt::13.18884pt.
[64


]
l2hSize :tex2html_wrap_inline27306:7.48248pt::0.0pt::10.53938pt.
[65


]
l2hSize :tex2html_wrap_inline27308:7.48248pt::0.0pt::10.47856pt.
[66


]
l2hSize :tex2html_wrap_inline27310:7.54332pt::0.0pt::6.4636pt.
[67


]
l2hSize :tex2html_wrap_inline27312:7.07185pt::0.0pt::12.6572pt.
[68


]
l2hSize :tex2html_wrap_inline27316:7.48248pt::0.0pt::16.32239pt.
[69


]
l2hSize :tex2html_wrap_inline27318:7.57185pt::7.57185pt::23.20432pt.
[70


]
l2hSize :tex2html_wrap_indisplay27321:16.12024pt::16.12024pt::129.24931pt.
[71


]
l2hSize :tex2html_wrap_indisplay27329:20.83809pt::20.83809pt::275.90718pt.
[72


]
l2hSize :multline1776:76.51991pt::0.0pt::349.0pt.
[73


]
l2hSize :tex2html_wrap_inline27348:9.62923pt::9.62923pt::59.42683pt.
[74


]
l2hSize :tex2html_wrap_indisplay27352:20.83809pt::20.83809pt::117.76431pt.
[75


]
l2hSize :tex2html_wrap_inline27363:7.07185pt::0.0pt::7.59279pt.
[76


]
l2hSize :tex2html_wrap_inline27365:8.10416pt::8.10416pt::7.31905pt.
[77


]
l2hSize :tex2html_wrap_inline27367:7.57185pt::7.57185pt::6.825pt.
[78


]
l2hSize :tex2html_wrap_inline27369:7.60416pt::0.0pt::6.59285pt.
[79


]
l2hSize :tex2html_wrap_inline27371:8.7125pt::8.7125pt::92.52817pt.
[80


]
l2hSize :subequations27380:71.9022pt::0.0pt::349.0pt.
[81


]
l2hSize :subequations27383:75.7262pt::0.0pt::349.0pt.
[82


]
l2hSize :tex2html_wrap_inline27391:7.57185pt::7.57185pt::8.68016pt.
[83


]
l2hSize :subequations27394:98.34453pt::0.0pt::349.0pt.
[84


]
l2hSize :tex2html_wrap_indisplay27396:8.10416pt::8.10416pt::6.24686pt.
[85


]
l2hSize :tex2html_wrap_indisplay27397:10.17673pt::10.17673pt::108.32352pt.
[86


]
l2hSize :tex2html_wrap_indisplay27399:7.57185pt::7.57185pt::5.64613pt.
[87


]
l2hSize :tex2html_wrap_indisplay27400:16.37761pt::16.37761pt::348.09822pt.

Overfull \hbox (2.30724pt too wide) in paragraph at lines 843--844
[]|[] 
 []

[88


]
l2hSize :tex2html_wrap_indisplay27403:11.3413pt::11.3413pt::76.39558pt.
[89


]
l2hSize :tex2html_wrap_inline27405:7.57185pt::7.57185pt::8.72832pt.
[90


]
l2hSize :subequations27408:93.5092pt::0.0pt::349.0pt.
[91


]
l2hSize :tex2html_wrap_inline27419:8.10416pt::8.10416pt::7.07191pt.
[92


]
l2hSize :tex2html_wrap_inline27421:8.7125pt::8.7125pt::63.32819pt.
[93


]
l2hSize :subequations27428:43.70918pt::0.0pt::349.0pt.
[94


]
l2hSize :subequations27431:43.70918pt::0.0pt::349.0pt.
[95


]
l2hSize :subequations27440:62.6227pt::0.0pt::349.0pt.
[96


]
l2hSize :subequations27445:60.30919pt::0.0pt::349.0pt.
[97


]
l2hSize :tex2html_wrap_inline27454:8.7125pt::8.7125pt::34.1282pt.
[98


]
l2hSize :tex2html_wrap_inline27456:7.57185pt::7.57185pt::10.03627pt.
[99


]
l2hSize :tex2html_wrap_inline27458:7.57185pt::7.57185pt::10.08443pt.
[100


]
l2hSize :tex2html_wrap_indisplay27463:8.7125pt::8.7125pt::67.95831pt.
[101


]

! Package amsmath Error: \begin{align} allowed only in paragraph mode.

See the amsmath package documentation for explanation.
Type  H <return>  for immediate help.
 ...                                              
                                                  
l.941 ...\addtocounter{equation}{-1} \begin{align}
                                                    m0 &= \{\},\\m1 &= \{S^2...

You've lost some text.  Try typing  <return>  to proceed.
If that doesn't work, type  X <return>  to quit.

l2hSize :tex2html_wrap_indisplay27467:7.57185pt::7.57185pt::0.54753pt.
[102


]
l2hSize :tex2html_wrap_inline27473:8.07089pt::8.07089pt::10.63403pt.
[103


]
l2hSize :tex2html_wrap_inline27477:8.07089pt::8.07089pt::11.2669pt.
[104


]

! Package amsmath Error: \begin{align} allowed only in paragraph mode.

See the amsmath package documentation for explanation.
Type  H <return>  for immediate help.
 ...                                              
                                                  
l.961 ...\addtocounter{equation}{-1} \begin{align}
                                                    tm0 &= \{\tau_m\},\\tm1 ...

You've lost some text.  Try typing  <return>  to proceed.
If that doesn't work, type  X <return>  to quit.

l2hSize :tex2html_wrap_indisplay27480:7.57185pt::7.57185pt::0.54753pt.
[105


]
l2hSize :tex2html_wrap_inline27484:7.07185pt::0.0pt::15.63678pt.
[106


]
l2hSize :tex2html_wrap_inline27495:7.07185pt::0.0pt::15.63678pt.
[107


]
l2hSize :tex2html_wrap_inline27497:7.07185pt::0.0pt::15.63678pt.
[108


]
File: images/model_free/mandel95.eps.gz Graphic file (type eps)
<images/model_free/mandel95.eps.gz>
l2hSize :tex2html_wrap27512:345.16356pt::0.0pt::349.0pt.
[109


]
l2hSize :tex2html_wrap_inline27516:8.7125pt::8.7125pt::31.64351pt.
[110


]
l2hSize :tex2html_wrap_inline27520:7.07185pt::0.0pt::15.63678pt.
[111


]
l2hSize :tex2html_wrap_inline27522:7.07185pt::0.0pt::15.63678pt.
[112


]
l2hSize :tex2html_wrap_inline27530:7.57089pt::0.0pt::9.62077pt.
[113


]
File: images/model_free/init_diff_est.eps.gz Graphic file (type eps)
<images/model_free/init_diff_est.eps.gz>
l2hSize :tex2html_wrap27548:334.15654pt::0.0pt::349.0pt.
[114


]
File: images/model_free/new_protocol.eps.gz Graphic file (type eps)
<images/model_free/new_protocol.eps.gz>
l2hSize :tex2html_wrap27572:422.13174pt::0.0pt::349.0pt.
[115


]
l2hSize :tex2html_wrap_inline27576:7.07185pt::0.0pt::19.59096pt.
[116


]
l2hSize :tex2html_wrap_inline27578:7.07185pt::0.0pt::19.59096pt.
[117


]
! Missing } inserted.
<inserted text> 
                }
l.1051 $ \widehat\mathfrak
                          {U}$%
I've inserted something that you may have forgotten.
(See the <inserted text> above.)
With luck, this will get me unwedged. But if you
really didn't forget anything, try typing `2' now; then
my insertion and my current dilemma will both disappear.

! Extra }, or forgotten $.
\@mathmeasure ...erymath \@emptytoks \m@th $#2#3$}
                                                  
l.1051 $ \widehat\mathfrak
                          {U}$%
I've deleted a group-closing symbol because it seems to be
spurious, as in `$x}$'. But perhaps the } is legitimate and
you forgot something else, as in `\hbox{$x}'. In such cases
the way to recover is to insert both the forgotten and the
deleted material, e.g., by typing `I$}'.

! Argument of \math@egroup has an extra }.
<inserted text> 
                \par 
l.1051 $ \widehat\mathfrak
                          {U}$%
I've run across a `}' that doesn't seem to match anything.
For example, `\def\a#1{...}' and `\a}' would produce
this error. If you simply proceed now, the `\par' that
I've just inserted will cause me to report a runaway
argument that might be the root of the problem. But if
your `}' was spurious, just type `2' and it will go away.

! Missing $ inserted.
<inserted text> 
                $
l.1051 $ \widehat\mathfrak
                          {U}$%
I've inserted a begin-math/end-math symbol since I think
you left one out. Proceed, with fingers crossed.

! Missing } inserted.
<inserted text> 
                }
l.1051 $ \widehat\mathfrak
                          {U}$%
I've inserted something that you may have forgotten.
(See the <inserted text> above.)
With luck, this will get me unwedged. But if you
really didn't forget anything, try typing `2' now; then
my insertion and my current dilemma will both disappear.

! Extra }, or forgotten $.
\lthtmlinlinemathZ ->\egroup 
                             \expandafter \ifdim \dp \sizebox >0pt \expandaf...
l.1052 \lthtmlinlinemathZ
                         
I've deleted a group-closing symbol because it seems to be
spurious, as in `$x}$'. But perhaps the } is legitimate and
you forgot something else, as in `\hbox{$x}'. In such cases
the way to recover is to insert both the forgotten and the
deleted material, e.g., by typing `I$}'.

l2hSize :tex2html_wrap_inline27596:7.90834pt::0.0pt::0.54753pt.
! Missing $ inserted.
<inserted text> 
                $
l.1053 \lthtmlcheckvsize
                        \clearpage}
I've inserted a begin-math/end-math symbol since I think
you left one out. Proceed, with fingers crossed.

[118


]
l2hSize :tex2html_wrap_indisplay27620:34.9309pt::34.9309pt::59.8684pt.
[119


]
l2hSize :tex2html_wrap_inline27622:7.07185pt::0.0pt::7.1201pt.
[120


]
l2hSize :tex2html_wrap_indisplay27628:38.2728pt::38.2728pt::191.45622pt.
[121


]
l2hSize :tex2html_wrap_inline27631:8.07089pt::8.07089pt::7.24008pt.
[122


]
l2hSize :tex2html_wrap_indisplay27649:8.10416pt::8.10416pt::71.42918pt.
[123


]
l2hSize :tex2html_wrap_inline27651:9.62923pt::9.62923pt::121.94041pt.
[124


]
l2hSize :tex2html_wrap_inline27668:8.07089pt::8.07089pt::13.04726pt.
[125


]
l2hSize :tex2html_wrap_indisplay27671:8.07089pt::8.07089pt::63.66132pt.
[126


]
l2hSize :tex2html_wrap_indisplay27678:8.10416pt::8.10416pt::93.962pt.
[127


]
l2hSize :tex2html_wrap_inline27685:8.7125pt::8.7125pt::92.76776pt.
[128


]
l2hSize :tex2html_wrap_inline27687:7.57089pt::0.0pt::9.60303pt.
[129


]
l2hSize :tex2html_wrap_indisplay27690:8.07089pt::8.07089pt::57.11705pt.
[130


]
l2hSize :tex2html_wrap_indisplay27723:8.10416pt::8.10416pt::204.88966pt.
[131


]
l2hSize :tex2html_wrap_indisplay27729:20.83809pt::20.83809pt::93.36394pt.
[132


]
l2hSize :tex2html_wrap_inline27733:7.60416pt::0.0pt::4.03026pt.
[133


]
l2hSize :tex2html_wrap_indisplay27738:20.83809pt::20.83809pt::159.05354pt.
[134


]
l2hSize :tex2html_wrap_inline27740:8.10416pt::8.10416pt::9.64209pt.
[135


]
l2hSize :tex2html_wrap_inline27744:8.10416pt::8.10416pt::30.70903pt.
[136


]
l2hSize :tex2html_wrap_inline27756:9.62923pt::9.62923pt::12.14891pt.
[137


]
l2hSize :tex2html_wrap_indisplay27765:20.83809pt::20.83809pt::59.03354pt.
[138


]
File: images/gradient.eps.gz Graphic file (type eps)
<images/gradient.eps.gz>
l2hSize :tex2html_wrap27774:338.26028pt::0.0pt::349.0pt.
[139


]
l2hSize :tex2html_wrap_inline27778:9.62923pt::9.62923pt::21.27393pt.
[140


]
l2hSize :tex2html_wrap_inline27784:9.62923pt::9.62923pt::21.27393pt.
[141


]
l2hSize :tex2html_wrap_inline27786:7.60416pt::0.0pt::16.07501pt.
[142


]
l2hSize :tex2html_wrap_inline27788:8.07089pt::8.07089pt::14.0519pt.
[143


]
l2hSize :tex2html_wrap_inline27790:8.10416pt::8.10416pt::17.05574pt.
[144


]
l2hSize :tex2html_wrap_inline27792:11.1159pt::11.1159pt::11.63867pt.
[145


]
l2hSize :tex2html_wrap_inline27796:8.07089pt::8.07089pt::11.63867pt.
[146


]
l2hSize :tex2html_wrap_inline27798:8.10416pt::8.10416pt::24.05594pt.
[147


]
l2hSize :tex2html_wrap_indisplay27818:20.83809pt::20.83809pt::77.28357pt.
[148


]
l2hSize :tex2html_wrap_indisplay27827:10.17673pt::10.17673pt::79.01376pt.
[149


]
l2hSize :tex2html_wrap_inline27829:7.72179pt::7.72179pt::5.68361pt.
[150


]
l2hSize :tex2html_wrap_inline27831:13.17632pt::13.17632pt::17.34203pt.
[151


]
l2hSize :tex2html_wrap_inline27833:8.10416pt::8.10416pt::10.08653pt.
[152


]
l2hSize :tex2html_wrap_indisplay27846:10.17673pt::10.17673pt::79.0463pt.
[153


]
File: images/kite.eps.gz Graphic file (type eps)
<images/kite.eps.gz>
l2hSize :tex2html_wrap27865:414.5526pt::0.0pt::349.0pt.
[154


]
l2hSize :tex2html_wrap_inline27869:9.62923pt::9.62923pt::26.02399pt.
[155


]
l2hSize :tex2html_wrap_inline27875:9.62923pt::9.62923pt::26.02399pt.
[156


]
l2hSize :tex2html_wrap_inline27881:8.07089pt::8.07089pt::14.79225pt.
[157


]
l2hSize :tex2html_wrap_inline27885:10.02922pt::10.02922pt::12.37903pt.
[158


]
l2hSize :tex2html_wrap_inline27893:11.1159pt::11.1159pt::11.63867pt.
[159


]
l2hSize :tex2html_wrap_inline27895:10.02922pt::10.02922pt::12.37903pt.
[160


]
l2hSize :tex2html_wrap_inline27897:8.10416pt::8.10416pt::22.40259pt.
[161


]
l2hSize :tex2html_wrap_indisplay27923:20.83809pt::20.83809pt::86.78369pt.
[162


]
File: images/dependencies.eps.gz Graphic file (type eps)
<images/dependencies.eps.gz>
l2hSize :tex2html_wrap27942:126.43867pt::0.0pt::349.0pt.
[163


]
l2hSize :tex2html_wrap_indisplay27970:18.72697pt::18.72697pt::178.27913pt.
[164


]
l2hSize :tex2html_wrap_indisplay27978:18.72697pt::18.72697pt::305.11867pt.
[165


]
l2hSize :subequations27997:72.42223pt::0.0pt::349.0pt.
[166


]
l2hSize :subequations28005:134.62643pt::0.0pt::349.0pt.
[167


]
l2hSize :tex2html_wrap_inline28014:9.26027pt::9.26027pt::35.0882pt.
[168


]
l2hSize :tex2html_wrap_inline28016:9.62923pt::9.62923pt::39.83826pt.
[169


]
l2hSize :tex2html_wrap_indisplay28031:18.10912pt::18.10912pt::114.59552pt.
[170


]
l2hSize :tex2html_wrap_inline28035:7.57185pt::7.57185pt::15.43674pt.
[171


]
l2hSize :tex2html_wrap_indisplay28042:18.10912pt::18.10912pt::154.70035pt.
[172


]
l2hSize :tex2html_wrap_indisplay28045:18.10912pt::18.10912pt::158.71428pt.
[173


]
l2hSize :tex2html_wrap_indisplay28049:18.10912pt::18.10912pt::77.2089pt.
[174


]
l2hSize :tex2html_wrap_indisplay28054:17.14462pt::17.14462pt::111.08081pt.
[175


]
l2hSize :tex2html_wrap_indisplay28059:17.14462pt::17.14462pt::94.45332pt.
[176


]
l2hSize :tex2html_wrap_indisplay28067:10.17673pt::10.17673pt::90.9114pt.
[177


]
l2hSize :tex2html_wrap_indisplay28072:15.5119pt::15.5119pt::116.64755pt.
[178


]
l2hSize :tex2html_wrap_indisplay28079:17.03697pt::17.03697pt::86.58163pt.
[179


]
l2hSize :tex2html_wrap_indisplay28087:10.84941pt::10.84941pt::222.265pt.
[180


]
l2hSize :tex2html_wrap_indisplay28092:18.65572pt::18.65572pt::293.00185pt.
[181


]
l2hSize :tex2html_wrap_inline28096:8.10416pt::8.10416pt::10.82689pt.
[182


]
l2hSize :tex2html_wrap_indisplay28099:18.65572pt::18.65572pt::325.66133pt.
[183


]
l2hSize :tex2html_wrap_indisplay28107:10.48782pt::10.48782pt::66.80672pt.
[184


]
l2hSize :tex2html_wrap_indisplay28112:17.34807pt::17.34807pt::119.90016pt.
[185


]
l2hSize :tex2html_wrap_indisplay28119:17.34807pt::17.34807pt::138.19295pt.
[186


]
l2hSize :tex2html_wrap_indisplay28127:10.84941pt::10.84941pt::311.6547pt.
[187


]
l2hSize :tex2html_wrap_indisplay28132:18.65572pt::18.65572pt::400.03494pt.

Overfull \hbox (54.24396pt too wide) in paragraph at lines 1509--1510
[]|[] 
 []

[188


]
l2hSize :multline3151:64.11108pt::0.0pt::349.0pt.
[189


]
l2hSize :tex2html_wrap_indisplay28145:10.48782pt::10.48782pt::112.25679pt.
[190


]
l2hSize :tex2html_wrap_indisplay28150:17.34807pt::17.34807pt::174.17194pt.
[191


]
l2hSize :tex2html_wrap_indisplay28157:17.34807pt::17.34807pt::210.36282pt.
[192


]
l2hSize :tex2html_wrap_indisplay28165:9.06055pt::9.06055pt::183.67151pt.
[193


]
l2hSize :tex2html_wrap_indisplay28170:16.86685pt::16.86685pt::256.42447pt.
[194


]
l2hSize :tex2html_wrap_indisplay28177:17.43553pt::17.43553pt::273.49608pt.
[195


]
l2hSize :subequations28183:71.23222pt::0.0pt::349.0pt.
[196


]
l2hSize :subequations28202:97.41745pt::0.0pt::349.0pt.
[197


]
l2hSize :subequations28210:94.21082pt::0.0pt::349.0pt.
[198


]
l2hSize :subequations28218:88.02895pt::0.0pt::349.0pt.
[199


]
l2hSize :subequations28226:88.02895pt::0.0pt::349.0pt.
[200


]
l2hSize :subequations28253:100.16765pt::0.0pt::349.0pt.
[201


]
l2hSize :subequations28265:100.16765pt::0.0pt::349.0pt.
[202


]
l2hSize :subequations28277:100.16765pt::0.0pt::349.0pt.
[203


]
l2hSize :subequations28289:100.16765pt::0.0pt::349.0pt.
[204


]
l2hSize :subequations28299:99.59311pt::0.0pt::349.0pt.
[205


]
l2hSize :subequations28311:96.96101pt::0.0pt::349.0pt.
[206


]
l2hSize :subequations28323:96.96101pt::0.0pt::349.0pt.
[207


]
l2hSize :subequations28333:93.20561pt::0.0pt::349.0pt.
[208


]
l2hSize :subequations28345:90.57352pt::0.0pt::349.0pt.
[209


]
l2hSize :subequations28355:93.20561pt::0.0pt::349.0pt.
[210


]
l2hSize :tex2html_wrap_inline28361:8.7125pt::8.7125pt::26.47789pt.
[211


]
l2hSize :tex2html_wrap_inline28363:8.7125pt::8.7125pt::30.02794pt.
[212


]
l2hSize :tex2html_wrap_indisplay28366:8.7125pt::8.7125pt::104.66055pt.
[213


]
l2hSize :tex2html_wrap_indisplay28369:20.83809pt::20.83809pt::124.0923pt.
[214


]
l2hSize :tex2html_wrap_indisplay28376:11.02116pt::11.02116pt::138.03113pt.
[215


]
l2hSize :tex2html_wrap_indisplay28383:11.02116pt::11.02116pt::227.36658pt.
[216


]
l2hSize :tex2html_wrap_indisplay28398:20.83809pt::20.83809pt::275.90718pt.
[217


]
l2hSize :tex2html_wrap_indisplay28401:20.83809pt::20.83809pt::389.04008pt.

Overfull \hbox (43.2491pt too wide) in paragraph at lines 1747--1748
[]|[] 
 []

[218


]
l2hSize :tex2html_wrap_inline28404:8.07089pt::8.07089pt::12.54155pt.
[219


]
l2hSize :tex2html_wrap_inline28406:8.07089pt::8.07089pt::12.99698pt.
[220


]
l2hSize :tex2html_wrap_inline28413:8.07089pt::8.07089pt::13.54619pt.
[221


]
Overfull \hbox (35.68283pt too wide) detected at line 1783
 []$[]  [] \OT1/cmr/m/n/10.95 = [] [] []\OML/cmm/m/it/10.95 c[][][]S[][] \OT1/c
mr/m/n/10.95 + (1 \OMS/cmsy/m/n/10.95 ^^@ \OML/cmm/m/it/10.95 S[]\OT1/cmr/m/n/1
0.95 )\OML/cmm/m/it/10.95 ^^\[][][]$ 
 []

l2hSize :multline3549:76.51991pt::0.0pt::349.0pt.
[222


]
l2hSize :tex2html_wrap_inline28419:8.07089pt::8.07089pt::14.00162pt.
[223


]
l2hSize :tex2html_wrap_indisplay28424:20.83809pt::20.83809pt::290.96379pt.
[224


]
l2hSize :tex2html_wrap_indisplay28432:20.83809pt::20.83809pt::276.82063pt.
[225


]
l2hSize :tex2html_wrap_indisplay28440:20.83809pt::20.83809pt::251.51825pt.
[226


]
l2hSize :tex2html_wrap_inline28446:8.07089pt::8.07089pt::14.28654pt.
[227


]
l2hSize :multline3611:187.07085pt::0.0pt::349.0pt.
[228


]
l2hSize :tex2html_wrap_inline28456:8.07089pt::8.07089pt::14.74197pt.
[229


]
Overfull \hbox (69.23888pt too wide) detected at line 1871
 []$[]  [] \OT1/cmr/m/n/10.95 = [] [] [][][][]\OML/cmm/m/it/10.95 S[][] \OT1/cm
r/m/n/10.95 + (1 \OMS/cmsy/m/n/10.95 ^^@ \OML/cmm/m/it/10.95 S[]\OT1/cmr/m/n/10
.95 )\OML/cmm/m/it/10.95 ^^\[][][]$ 
 []

l2hSize :multline3648:76.51991pt::0.0pt::349.0pt.
[230


]
Overfull \hbox (5.55685pt too wide) detected at line 1889
 []$[]  [] \OT1/cmr/m/n/10.95 = [] [] []\OML/cmm/m/it/10.95 c[][][][] \OMS/cmsy
/m/n/10.95 ^^@ \OML/cmm/m/it/10.95 ^^\[][][]$ 
 []

l2hSize :multline3671:76.51991pt::0.0pt::349.0pt.
[231


]
l2hSize :multline3692:76.51991pt::0.0pt::349.0pt.
[232


]
l2hSize :tex2html_wrap_indisplay28493:20.83809pt::20.83809pt::338.61615pt.
[233


]
l2hSize :tex2html_wrap_indisplay28505:20.83809pt::20.83809pt::307.99298pt.
[234


]
l2hSize :tex2html_wrap_indisplay28517:20.83809pt::20.83809pt::279.82487pt.
[235


]
l2hSize :tex2html_wrap_indisplay28527:17.03697pt::17.03697pt::60.08641pt.
[236


]
l2hSize :tex2html_wrap_indisplay28539:20.83809pt::20.83809pt::233.36935pt.
[237


]
l2hSize :tex2html_wrap_indisplay28549:20.83809pt::20.83809pt::340.15712pt.
[238


]
l2hSize :multline3782:161.15207pt::0.0pt::349.0pt.
[239


]
l2hSize :tex2html_wrap_indisplay28576:20.83809pt::20.83809pt::404.0967pt.

Overfull \hbox (58.30571pt too wide) in paragraph at lines 1973--1974
[]|[] 
 []

[240


]
l2hSize :tex2html_wrap_indisplay28584:20.83809pt::20.83809pt::276.79561pt.
[241


]
l2hSize :tex2html_wrap_indisplay28592:20.83809pt::20.83809pt::335.17241pt.
[242


]
l2hSize :tex2html_wrap_indisplay28600:20.83809pt::20.83809pt::253.64677pt.
[243


]
l2hSize :tex2html_wrap_indisplay28608:20.83809pt::20.83809pt::258.19801pt.
[244


]
Overfull \hbox (38.40019pt too wide) detected at line 2035
 []$[] \OT1/cmr/m/n/10.95 + [][]\OML/cmm/m/it/10.95 ^^\[][][] \OT1/cmr/m/n/10.9
5 + [] + [][][][]\OML/cmm/m/it/10.95 :$ []  
 []

l2hSize :multline3874:269.58449pt::0.0pt::349.0pt.
[245


]
Overfull \hbox (21.51807pt too wide) detected at line 2055
 []$[] \OT1/cmr/m/n/10.95 + []\OML/cmm/m/it/10.95 ^^\[][][] \OT1/cmr/m/n/10.95 
+ [] + [][][]\OML/cmm/m/it/10.95 :$ []  
 []

l2hSize :multline3917:161.15207pt::0.0pt::349.0pt.
[246


]
Overfull \hbox (5.53183pt too wide) detected at line 2073
 []$[]  [] \OT1/cmr/m/n/10.95 = [] [] []\OML/cmm/m/it/10.95 c[][][][] \OMS/cmsy
/m/n/10.95 ^^@ \OML/cmm/m/it/10.95 ^^\[][][]$ 
 []

l2hSize :multline3944:76.51991pt::0.0pt::349.0pt.
[247


]
Overfull \hbox (74.76913pt too wide) detected at line 2091
 []$[]  [] \OT1/cmr/m/n/10.95 = \OMS/cmsy/m/n/10.95 ^^@[] [] []\OML/cmm/m/it/10
.95 c[][][]^^\[][] \OMS/cmsy/m/n/10.95 ^^@ \OML/cmm/m/it/10.95 ^^\[][][]$ 
 []

l2hSize :multline3965:76.51991pt::0.0pt::349.0pt.
[248


]
l2hSize :multline3986:76.51991pt::0.0pt::349.0pt.
[249


]
Overfull \hbox (1.45535pt too wide) detected at line 2117
 []$[]  [] \OT1/cmr/m/n/10.95 = [](\OML/cmm/m/it/10.95 S[] \OMS/cmsy/m/n/10.95 
^^@ \OML/cmm/m/it/10.95 S[]\OT1/cmr/m/n/10.95 ) [] []2\OML/cmm/m/it/10.95 c[][]
^^\[]^^\[]\OT1/cmr/m/n/10.95 (\OML/cmm/m/it/10.95 ^^\[] \OT1/cmr/m/n/10.95 + \O
ML/cmm/m/it/10.95 ^^\[]\OT1/cmr/m/n/10.95 )[]$ 
 []

l2hSize :multline4003:76.51991pt::0.0pt::349.0pt.
[250


]
l2hSize :multline4020:76.51991pt::0.0pt::349.0pt.
[251


]
l2hSize :tex2html_wrap_indisplay28691:20.83809pt::20.83809pt::307.96796pt.
[252


]
l2hSize :tex2html_wrap_indisplay28703:20.83809pt::20.83809pt::366.42888pt.

Overfull \hbox (20.6379pt too wide) in paragraph at lines 2146--2147
[]|[] 
 []

[253


]
l2hSize :tex2html_wrap_indisplay28715:20.83809pt::20.83809pt::282.9756pt.
[254


]
l2hSize :tex2html_wrap_indisplay28727:20.83809pt::20.83809pt::286.49213pt.
[255


]
l2hSize :tex2html_wrap_indisplay28749:17.03697pt::17.03697pt::71.09125pt.
[256


]
l2hSize :tex2html_wrap_indisplay28761:17.03697pt::17.03697pt::69.1636pt.
[257


]
l2hSize :tex2html_wrap_indisplay28773:20.83809pt::20.83809pt::233.33182pt.
[258


]
l2hSize :tex2html_wrap_indisplay28783:17.03697pt::17.03697pt::60.08641pt.
[259


]
l2hSize :tex2html_wrap_indisplay28795:20.83809pt::20.83809pt::236.52008pt.
[260


]
l2hSize :tex2html_wrap_indisplay28807:20.83809pt::20.83809pt::224.89925pt.
[261


]
l2hSize :tex2html_wrap_indisplay28817:20.83809pt::20.83809pt::343.30785pt.
[262


]
l2hSize :tex2html_wrap_indisplay28829:17.03697pt::17.03697pt::66.28537pt.
[263


]
l2hSize :tex2html_wrap_indisplay28839:20.83809pt::20.83809pt::346.82437pt.

Overfull \hbox (1.03339pt too wide) in paragraph at lines 2224--2225
[]|[] 
 []

[264


]
l2hSize :tex2html_wrap_indisplay28880:20.83809pt::20.83809pt::389.95354pt.

Overfull \hbox (44.16255pt too wide) in paragraph at lines 2234--2235
[]|[] 
 []

[265


]
l2hSize :tex2html_wrap_indisplay28888:20.83809pt::20.83809pt::288.9754pt.
[266


]
l2hSize :tex2html_wrap_indisplay28904:20.83809pt::20.83809pt::263.67302pt.
[267


]
Overfull \hbox (11.11227pt too wide) detected at line 2271
 []$[]  [] \OT1/cmr/m/n/10.95 = [] [] []\OML/cmm/m/it/10.95 c[][][]S[][] \OMS/c
msy/m/n/10.95 ^^@ \OML/cmm/m/it/10.95 ^^\[][]$ 
 []

l2hSize :multline4345:150.22054pt::0.0pt::349.0pt.
[268


]
Overfull \hbox (17.71162pt too wide) detected at line 2289
 []$[]  [] \OT1/cmr/m/n/10.95 = []\OML/cmm/m/it/10.95 S[] [] []c[][][][] \OMS/c
msy/m/n/10.95 ^^@ \OML/cmm/m/it/10.95 ^^\[][][]$ 
 []

l2hSize :multline4370:76.51991pt::0.0pt::349.0pt.
[269


]
l2hSize :tex2html_wrap_indisplay28995:20.83809pt::20.83809pt::421.21pt.

Overfull \hbox (75.41902pt too wide) in paragraph at lines 2300--2301
[]|[] 
 []

[270


]
l2hSize :tex2html_wrap_indisplay29007:20.83809pt::20.83809pt::320.14775pt.
[271


]
l2hSize :tex2html_wrap_indisplay29053:20.83809pt::20.83809pt::292.5505pt.
[272


]
l2hSize :tex2html_wrap_indisplay29077:20.83809pt::20.83809pt::264.36989pt.
[273


]
l2hSize :tex2html_wrap_indisplay29087:17.03697pt::17.03697pt::60.08641pt.
[274


]
l2hSize :tex2html_wrap_indisplay29099:17.03697pt::17.03697pt::69.1636pt.
[275


]
l2hSize :tex2html_wrap_indisplay29111:20.83809pt::20.83809pt::245.51161pt.
[276


]
l2hSize :tex2html_wrap_indisplay29143:20.83809pt::20.83809pt::352.29938pt.

Overfull \hbox (6.50839pt too wide) in paragraph at lines 2355--2356
[]|[] 
 []

[277


]
l2hSize :tex2html_wrap_indisplay29148:20.4381pt::20.4381pt::108.96927pt.
[278


]
l2hSize :subequations29157:65.40688pt::0.0pt::349.0pt.
[279


]
l2hSize :tex2html_wrap_indisplay29160:8.7125pt::8.7125pt::95.80943pt.
[280


]
l2hSize :tex2html_wrap_indisplay29163:8.7125pt::8.7125pt::68.02214pt.
[281


]
l2hSize :tex2html_wrap_indisplay29175:16.37761pt::16.37761pt::348.09822pt.

Overfull \hbox (2.30724pt too wide) in paragraph at lines 2392--2393
[]|[] 
 []

[282


]
l2hSize :tex2html_wrap_inline29177:7.57089pt::0.0pt::9.61485pt.
[283


]
l2hSize :subequations29189:157.83043pt::0.0pt::349.0pt.
[284


]
l2hSize :tex2html_wrap_indisplay29190:19.66264pt::19.66264pt::276.4511pt.
[285


]
l2hSize :tex2html_wrap_indisplay29191:16.37761pt::16.37761pt::231.71419pt.
[286


]
l2hSize :tex2html_wrap_indisplay29193:16.37761pt::16.37761pt::191.05516pt.
[287


]
l2hSize :tex2html_wrap_indisplay29194:19.66264pt::19.66264pt::9.97672pt.
[288


]
l2hSize :subequations29202:147.25685pt::0.0pt::349.0pt.
[289


]
l2hSize :subequations29210:147.25685pt::0.0pt::349.0pt.
[290


]
l2hSize :subequations29218:147.25685pt::0.0pt::349.0pt.
[291


]
l2hSize :tex2html_wrap_indisplay29221:16.37761pt::16.37761pt::381.11674pt.

Overfull \hbox (35.32576pt too wide) in paragraph at lines 2465--2466
[]|[] 
 []

[292


]
l2hSize :subequations29234:522.00313pt::0.0pt::349.0pt.
[293


]
l2hSize :tex2html_wrap_indisplay29235:19.66264pt::19.66264pt::305.3649pt.
[294


]
l2hSize :tex2html_wrap_indisplay29236:19.66264pt::19.66264pt::171.08696pt.
[295


]
l2hSize :tex2html_wrap_indisplay29237:19.66264pt::19.66264pt::171.28372pt.
[296


]
l2hSize :tex2html_wrap_indisplay29238:19.66264pt::19.66264pt::178.78596pt.
[297


]
l2hSize :tex2html_wrap_indisplay29239:19.66264pt::19.66264pt::231.95506pt.
[298


]
l2hSize :tex2html_wrap_indisplay29240:19.66264pt::19.66264pt::171.20726pt.
[299


]
l2hSize :tex2html_wrap_indisplay29241:19.66264pt::19.66264pt::171.58002pt.
[300


]
l2hSize :tex2html_wrap_indisplay29242:19.66264pt::19.66264pt::179.08226pt.
[301


]
l2hSize :tex2html_wrap_indisplay29243:19.66264pt::19.66264pt::190.70575pt.
[302


]
l2hSize :tex2html_wrap_indisplay29244:19.66264pt::19.66264pt::171.40402pt.
[303


]
l2hSize :tex2html_wrap_indisplay29245:19.66264pt::19.66264pt::171.58002pt.
[304


]
l2hSize :tex2html_wrap_indisplay29247:19.66264pt::19.66264pt::179.27902pt.
[305


]
l2hSize :subequations29260:154.8822pt::0.0pt::349.0pt.
[306


]
l2hSize :subequations29272:154.8822pt::0.0pt::349.0pt.
[307


]
l2hSize :subequations29284:154.8822pt::0.0pt::349.0pt.
[308


]
l2hSize :tex2html_wrap_indisplay29285:19.66264pt::19.66264pt::303.73369pt.
[309


]
l2hSize :tex2html_wrap_indisplay29286:16.37761pt::16.37761pt::226.23918pt.
[310


]
l2hSize :tex2html_wrap_indisplay29288:16.37761pt::16.37761pt::204.73274pt.
[311


]
l2hSize :subequations29299:159.26903pt::0.0pt::349.0pt.
[312


]
l2hSize :subequations29311:154.8822pt::0.0pt::349.0pt.
[313


]
l2hSize :subequations29323:154.8822pt::0.0pt::349.0pt.
[314


]
l2hSize :subequations29333:159.26903pt::0.0pt::349.0pt.
[315


]
l2hSize :subequations29345:154.8822pt::0.0pt::349.0pt.
[316


]
l2hSize :subequations29355:159.64336pt::0.0pt::349.0pt.
[317


]
l2hSize :tex2html_wrap_indisplay29356:17.03697pt::17.03697pt::199.99768pt.
[318


]
l2hSize :tex2html_wrap_indisplay29357:10.17673pt::10.17673pt::149.24036pt.
[319


]
l2hSize :tex2html_wrap_indisplay29359:10.17673pt::10.17673pt::122.1795pt.
[320


]
l2hSize :tex2html_wrap_indisplay29360:16.37761pt::16.37761pt::9.3684pt.
[321


]
l2hSize :subequations29366:98.13622pt::0.0pt::349.0pt.
[322


]
l2hSize :subequations29377:147.25685pt::0.0pt::349.0pt.
[323


]
l2hSize :subequations29385:147.25685pt::0.0pt::349.0pt.
[324


]
l2hSize :subequations29393:147.25685pt::0.0pt::349.0pt.
[325


]
Overfull \hbox (10.87451pt too wide) in paragraph at lines 2716--2716
[] 
 []

l2hSize :subequations29404:188.46901pt::0.0pt::349.0pt.
[326


]
l2hSize :subequations29416:154.8822pt::0.0pt::349.0pt.
[327


]
l2hSize :subequations29438:159.26903pt::0.0pt::349.0pt.
[328


]
Overfull \hbox (52.936pt too wide) in paragraph at lines 2744--2744
[] 
 []

l2hSize :subequations29450:213.28217pt::0.0pt::349.0pt.
[329


]
l2hSize :subequations29460:191.87135pt::0.0pt::349.0pt.
[330


]
l2hSize :tex2html_wrap_indisplay29465:20.4381pt::20.4381pt::108.96927pt.
[331


]
l2hSize :tex2html_wrap_indisplay29474:11.56882pt::11.56882pt::69.57611pt.
[332


]
l2hSize :tex2html_wrap_indisplay29477:8.7125pt::8.7125pt::77.26521pt.
[333


]
l2hSize :tex2html_wrap_indisplay29480:8.7125pt::8.7125pt::55.03023pt.
[334


]
l2hSize :subequations29495:90.92577pt::0.0pt::349.0pt.
[335


]
l2hSize :subequations29508:129.36763pt::0.0pt::349.0pt.
[336


]
l2hSize :subequations29514:62.6227pt::0.0pt::349.0pt.
[337


]
l2hSize :subequations29523:90.92577pt::0.0pt::349.0pt.
[338


]
l2hSize :subequations29531:90.92577pt::0.0pt::349.0pt.
[339


]
l2hSize :subequations29542:98.13307pt::0.0pt::349.0pt.
[340


]
l2hSize :subequations29554:95.50098pt::0.0pt::349.0pt.
[341


]
l2hSize :subequations29564:98.13307pt::0.0pt::349.0pt.
[342


]
l2hSize :tex2html_wrap_indisplay29568:8.7125pt::8.7125pt::30.02794pt.
[343


]
l2hSize :tex2html_wrap_indisplay29569:14.9644pt::14.9644pt::48.18712pt.
[344


]
l2hSize :tex2html_wrap_indisplay29571:20.4381pt::20.4381pt::71.89752pt.
[345


]
l2hSize :tex2html_wrap_indisplay29580:8.7125pt::8.7125pt::51.05035pt.
[346


]
l2hSize :tex2html_wrap_inline29583:7.60416pt::0.0pt::26.66777pt.
[347


]
l2hSize :tex2html_wrap_indisplay29588:8.7125pt::8.7125pt::37.16988pt.
[348


]
l2hSize :tex2html_wrap_indisplay29594:7.57185pt::7.57185pt::33.15286pt.
[349


]
l2hSize :tex2html_wrap_indisplay29603:15.5119pt::15.5119pt::45.29128pt.
[350


]
l2hSize :tex2html_wrap_indisplay29614:17.03697pt::17.03697pt::50.04134pt.
[351


]
l2hSize :tex2html_wrap_indisplay29620:7.57185pt::7.57185pt::40.53146pt.
[352


]
l2hSize :tex2html_wrap_indisplay29629:15.5119pt::15.5119pt::45.29128pt.
[353


]
l2hSize :tex2html_wrap_indisplay29640:17.03697pt::17.03697pt::50.04134pt.
[354


]
l2hSize :tex2html_wrap_indisplay29645:11.56882pt::11.56882pt::66.78058pt.
[355


]
l2hSize :tex2html_wrap_inline29649:7.07185pt::0.0pt::6.80576pt.
[356


]
l2hSize :tex2html_wrap_inline29651:7.57185pt::7.57185pt::6.30898pt.
[357


]
l2hSize :tex2html_wrap_inline29653:7.07185pt::0.0pt::6.1214pt.
[358


]
l2hSize :tex2html_wrap_inline29655:10.98041pt::0.0pt::20.47041pt.
[359


]
l2hSize :tex2html_wrap_inline29657:11.56882pt::11.56882pt::13.04726pt.
[360


]
l2hSize :subequations29666:140.82906pt::0.0pt::349.0pt.
[361


]
l2hSize :tex2html_wrap_inline29669:8.10416pt::8.10416pt::8.80814pt.
[362


]
l2hSize :tex2html_wrap_indisplay29674:18.97656pt::18.97656pt::231.22684pt.
[363


]
l2hSize :tex2html_wrap_indisplay29679:18.97656pt::18.97656pt::82.66357pt.
[364


]
l2hSize :tex2html_wrap_inline29682:11.56882pt::11.56882pt::14.93808pt.
[365


]
l2hSize :subequations29687:140.82906pt::0.0pt::349.0pt.
[366


]
l2hSize :tex2html_wrap_inline29690:11.56882pt::11.56882pt::14.64178pt.
[367


]
l2hSize :subequations29695:140.82906pt::0.0pt::349.0pt.
[368


]
l2hSize :tex2html_wrap_inline29698:11.56882pt::11.56882pt::14.44502pt.
[369


]
l2hSize :subequations29703:140.82906pt::0.0pt::349.0pt.
[370


]
l2hSize :tex2html_wrap_indisplay29713:18.97656pt::18.97656pt::262.17245pt.
[371


]
l2hSize :subequations29721:275.22897pt::0.0pt::349.0pt.
[372


]
l2hSize :subequations29729:275.22897pt::0.0pt::349.0pt.
[373


]
l2hSize :subequations29737:275.22897pt::0.0pt::349.0pt.
[374


]
l2hSize :tex2html_wrap_indisplay29742:11.56882pt::11.56882pt::69.1177pt.
[375


]
l2hSize :tex2html_wrap_inline29746:11.56882pt::11.56882pt::13.98662pt.
[376


]
l2hSize :tex2html_wrap_indisplay29753:23.63748pt::23.63748pt::98.1646pt.
[377


]
l2hSize :tex2html_wrap_indisplay29759:18.98175pt::18.98175pt::231.08128pt.
[378


]
l2hSize :tex2html_wrap_indisplay29762:18.98175pt::18.98175pt::81.64394pt.
[379


]
l2hSize :subequations29770:96.02908pt::0.0pt::349.0pt.
[380


]
l2hSize :tex2html_wrap_inline29773:8.10416pt::8.10416pt::10.2059pt.
[381


]
l2hSize :tex2html_wrap_indisplay29780:18.98175pt::18.98175pt::257.87683pt.
[382


]
l2hSize :subequations29788:140.82906pt::0.0pt::349.0pt.
[383


]
l2hSize :tex2html_wrap_inline29794:7.07185pt::0.0pt::9.06422pt.
[384


]
File: images/core_design.eps.gz Graphic file (type eps)
<images/core_design.eps.gz>
l2hSize :tex2html_wrap29842:425.97926pt::0.0pt::349.0pt.
[385


]
l2hSize :tex2html_wrap_inline29983:7.07185pt::0.0pt::6.57385pt.
[386


]
l2hSize :tex2html_wrap_inline30093:7.57185pt::7.57185pt::9.06422pt.
[387


]
l2hSize :tex2html_wrap_inline30099:7.07185pt::0.0pt::7.18219pt.
[388


]
l2hSize :tex2html_wrap_inline30132:7.57185pt::7.57185pt::9.06422pt.
[389


]
l2hSize :tex2html_wrap_inline30157:8.10416pt::8.10416pt::10.40266pt.
[390


]
l2hSize :tex2html_wrap_inline30161:8.10416pt::8.10416pt::10.69896pt.
[391


]
l2hSize :tex2html_wrap_inline30833:7.57185pt::7.57185pt::5.29759pt.
[392


]
l2hSize :tex2html_wrap_inline30844:8.7125pt::8.7125pt::21.66432pt.
[393


]
l2hSize :tex2html_wrap_inline30992:8.7125pt::8.7125pt::31.12056pt.
[394


]
l2hSize :tex2html_wrap_inline30998:8.7125pt::8.7125pt::31.10388pt.
[395


]
l2hSize :tex2html_wrap_inline31159:7.60416pt::0.0pt::5.2469pt.
[396


]
l2hSize :tex2html_wrap_inline31177:7.07185pt::0.0pt::6.81593pt.
[397


]
l2hSize :tex2html_wrap_inline31407:7.57185pt::7.57185pt::9.06422pt.
[398


]
l2hSize :tex2html_wrap_inline31411:7.57185pt::7.57185pt::9.06422pt.
[399


]
l2hSize :tex2html_wrap_inline34870:8.8943pt::0.0pt::7.70596pt.
[400


]
l2hSize :tex2html_wrap_inline34872:9.52922pt::0.0pt::10.49211pt.
[401


]
l2hSize :tex2html_wrap_inline34874:9.52922pt::0.0pt::9.08237pt.
[402


]
l2hSize :tex2html_wrap_inline34876:9.52922pt::0.0pt::9.07542pt.
[403


] (./images.aux) ) 
Here is how much of TeX's memory you used:
 5198 strings out of 94297
 71121 string characters out of 1164287
 153110 words of memory out of 1000000
 8368 multiletter control sequences out of 10000+50000
 9005 words of font info for 35 fonts, out of 500000 for 2000
 580 hyphenation exceptions out of 8191
 36i,15n,24p,4668b,313s stack positions out of 3000i,1500n,5000p,200000b,15000s

Output written on images.dvi (403 pages, 448844 bytes).
