This is pdfTeX, Version 3.1415926-2.4-1.40.13 (TeX Live 2012/Mageia) (format=latex 2013.5.27)  7 AUG 2013 17:46
entering extended mode
 restricted \write18 enabled.
 %&-line parsing enabled.
**./images.tex
(./images.tex
LaTeX2e <2011/06/27>
Babel <v3.8m> and hyphenation patterns for english, dumylang, nohyphenation, ge
rman-x-2012-05-30, ngerman-x-2012-05-30, afrikaans, ancientgreek, ibycus, arabi
c, armenian, basque, bulgarian, catalan, pinyin, coptic, croatian, czech, danis
h, dutch, ukenglish, usenglishmax, esperanto, estonian, ethiopic, farsi, finnis
h, french, friulan, galician, german, ngerman, swissgerman, monogreek, greek, h
ungarian, icelandic, assamese, bengali, gujarati, hindi, kannada, malayalam, ma
rathi, oriya, panjabi, tamil, telugu, indonesian, interlingua, irish, italian, 
kurmanji, latin, latvian, lithuanian, mongolian, mongolianlmc, bokmal, nynorsk,
 polish, portuguese, romanian, romansh, russian, sanskrit, serbian, serbianc, s
lovak, slovenian, spanish, swedish, turkish, turkmen, ukrainian, uppersorbian, 
welsh, loaded.

(/usr/share/texmf-dist/tex/latex/base/book.cls
Document Class: book 2007/10/19 v1.4h Standard LaTeX document class
(/usr/share/texmf-dist/tex/latex/base/bk11.clo
File: bk11.clo 2007/10/19 v1.4h Standard LaTeX file (size option)
)
\c@part=\count79
\c@chapter=\count80
\c@section=\count81
\c@subsection=\count82
\c@subsubsection=\count83
\c@paragraph=\count84
\c@subparagraph=\count85
\c@figure=\count86
\c@table=\count87
\abovecaptionskip=\skip41
\belowcaptionskip=\skip42
\bibindent=\dimen102
) (/usr/share/texmf-dist/tex/latex/base/ifthen.sty
Package: ifthen 2001/05/26 v1.1c Standard LaTeX ifthen package (DPC)
) (/usr/share/texmf-dist/tex/latex/graphics/graphicx.sty
Package: graphicx 1999/02/16 v1.0f Enhanced LaTeX Graphics (DPC,SPQR)
(/usr/share/texmf-dist/tex/latex/graphics/keyval.sty
Package: keyval 1999/03/16 v1.13 key=value parser (DPC)
\KV@toks@=\toks14
) (/usr/share/texmf-dist/tex/latex/graphics/graphics.sty
Package: graphics 2009/02/05 v1.0o Standard LaTeX Graphics (DPC,SPQR)
(/usr/share/texmf-dist/tex/latex/graphics/trig.sty
Package: trig 1999/03/16 v1.09 sin cos tan (DPC)
) (/usr/share/texmf-dist/tex/latex/latexconfig/graphics.cfg
File: graphics.cfg 2010/04/23 v1.9 graphics configuration of TeX Live
)
Package graphics Info: Driver file: dvips.def on input line 91.
(/usr/share/texmf-dist/tex/latex/graphics/dvips.def
File: dvips.def 1999/02/16 v3.0i Driver-dependant file (DPC,SPQR)
))
\Gin@req@height=\dimen103
\Gin@req@width=\dimen104
) (/usr/share/texmf-dist/tex/latex/natbib/natbib.sty
Package: natbib 2010/09/13 8.31b (PWD, AO)
\bibhang=\skip43
\bibsep=\skip44
LaTeX Info: Redefining \cite on input line 694.
\c@NAT@ctr=\count88
) (/usr/share/texmf-dist/tex/latex/imakeidx/imakeidx.sty
Package: imakeidx 2012/05/09 v1.1 Package for typesetting indices in a synchron
ous mode
(/usr/share/texmf-dist/tex/latex/xkeyval/xkeyval.sty
Package: xkeyval 2008/08/13 v2.6a package option processing (HA)
(/usr/share/texmf-dist/tex/generic/xkeyval/xkeyval.tex
\XKV@toks=\toks15
\XKV@tempa@toks=\toks16
\XKV@depth=\count89
File: xkeyval.tex 2008/08/13 v2.6a key=value parser (HA)
)) (/usr/share/texmf-dist/tex/latex/tools/multicol.sty
Package: multicol 2011/06/27 v1.7a multicolumn formatting (FMi)
\c@tracingmulticols=\count90
\mult@box=\box26
\multicol@leftmargin=\dimen105
\c@unbalance=\count91
\c@collectmore=\count92
\doublecol@number=\count93
\multicoltolerance=\count94
\multicolpretolerance=\count95
\full@width=\dimen106
\page@free=\dimen107
\premulticols=\dimen108
\postmulticols=\dimen109
\multicolsep=\skip45
\multicolbaselineskip=\skip46
\partial@page=\box27
\last@line=\box28
\mult@rightbox=\box29
\mult@grightbox=\box30
\mult@gfirstbox=\box31
\mult@firstbox=\box32
\@tempa=\box33
\@tempa=\box34
\@tempa=\box35
\@tempa=\box36
\@tempa=\box37
\@tempa=\box38
\@tempa=\box39
\@tempa=\box40
\@tempa=\box41
\@tempa=\box42
\@tempa=\box43
\@tempa=\box44
\@tempa=\box45
\@tempa=\box46
\@tempa=\box47
\@tempa=\box48
\@tempa=\box49
\c@columnbadness=\count96
\c@finalcolumnbadness=\count97
\last@try=\dimen110
\multicolovershoot=\dimen111
\multicolundershoot=\dimen112
\mult@nat@firstbox=\box50
\colbreak@box=\box51
\multicol@sort@counter=\count98
)) (/usr/share/texmf-dist/tex/latex/booktabs/booktabs.sty
Package: booktabs 2005/04/14 v1.61803 publication quality tables
\heavyrulewidth=\dimen113
\lightrulewidth=\dimen114
\cmidrulewidth=\dimen115
\belowrulesep=\dimen116
\belowbottomsep=\dimen117
\aboverulesep=\dimen118
\abovetopsep=\dimen119
\cmidrulesep=\dimen120
\cmidrulekern=\dimen121
\defaultaddspace=\dimen122
\@cmidla=\count99
\@cmidlb=\count100
\@aboverulesep=\dimen123
\@belowrulesep=\dimen124
\@thisruleclass=\count101
\@lastruleclass=\count102
\@thisrulewidth=\dimen125
) (/usr/share/texmf-dist/tex/latex/tools/longtable.sty
Package: longtable 2004/02/01 v4.11 Multi-page Table package (DPC)
\LTleft=\skip47
\LTright=\skip48
\LTpre=\skip49
\LTpost=\skip50
\LTchunksize=\count103
\LTcapwidth=\dimen126
\LT@head=\box52
\LT@firsthead=\box53
\LT@foot=\box54
\LT@lastfoot=\box55
\LT@cols=\count104
\LT@rows=\count105
\c@LT@tables=\count106
\c@LT@chunks=\count107
\LT@p@ftn=\toks17
) (/usr/share/texmf-dist/tex/latex/tools/tabularx.sty
Package: tabularx 1999/01/07 v2.07 `tabularx' package (DPC)
(/usr/share/texmf-dist/tex/latex/tools/array.sty
Package: array 2008/09/09 v2.4c Tabular extension package (FMi)
\col@sep=\dimen127
\extrarowheight=\dimen128
\NC@list=\toks18
\extratabsurround=\skip51
\backup@length=\skip52
)
\TX@col@width=\dimen129
\TX@old@table=\dimen130
\TX@old@col=\dimen131
\TX@target=\dimen132
\TX@delta=\dimen133
\TX@cols=\count108
\TX@ftn=\toks19
) (/data/relax/tags/3.0.0/docs/latex/nth.sty
Package: nth 2002/02/27
) (/usr/share/texmf-dist/tex/latex/vmargin/vmargin.sty
Package: vmargin 2004/07/15 V2.5 set document margins (VK)
Package: vmargin 2004/07/15 V2.5 set document margins (VK)
\PaperWidth=\dimen134
\PaperHeight=\dimen135
) (/usr/share/texmf-dist/tex/latex/tocloft/tocloft.sty
Package: tocloft 2010/10/13 v2.3e parameterised ToC, etc., typesetting
Package tocloft Info: The document has chapter divisions on input line 43.
\cftparskip=\skip53
\cftbeforetoctitleskip=\skip54
\cftaftertoctitleskip=\skip55
\cftbeforepartskip=\skip56
\cftpartnumwidth=\skip57
\cftpartindent=\skip58
\cftbeforechapskip=\skip59
\cftchapindent=\skip60
\cftchapnumwidth=\skip61
\cftbeforesecskip=\skip62
\cftsecindent=\skip63
\cftsecnumwidth=\skip64
\cftbeforesubsecskip=\skip65
\cftsubsecindent=\skip66
\cftsubsecnumwidth=\skip67
\cftbeforesubsubsecskip=\skip68
\cftsubsubsecindent=\skip69
\cftsubsubsecnumwidth=\skip70
\cftbeforeparaskip=\skip71
\cftparaindent=\skip72
\cftparanumwidth=\skip73
\cftbeforesubparaskip=\skip74
\cftsubparaindent=\skip75
\cftsubparanumwidth=\skip76
\cftbeforeloftitleskip=\skip77
\cftafterloftitleskip=\skip78
\cftbeforefigskip=\skip79
\cftfigindent=\skip80
\cftfignumwidth=\skip81
\c@lofdepth=\count109
\c@lotdepth=\count110
\cftbeforelottitleskip=\skip82
\cftafterlottitleskip=\skip83
\cftbeforetabskip=\skip84
\cfttabindent=\skip85
\cfttabnumwidth=\skip86
) (/usr/share/texmf-dist/tex/latex/amsmath/amsmath.sty
Package: amsmath 2000/07/18 v2.13 AMS math features
\@mathmargin=\skip87
For additional information on amsmath, use the `?' option.
(/usr/share/texmf-dist/tex/latex/amsmath/amstext.sty
Package: amstext 2000/06/29 v2.01
(/usr/share/texmf-dist/tex/latex/amsmath/amsgen.sty
File: amsgen.sty 1999/11/30 v2.0
\@emptytoks=\toks20
\ex@=\dimen136
)) (/usr/share/texmf-dist/tex/latex/amsmath/amsbsy.sty
Package: amsbsy 1999/11/29 v1.2d
\pmbraise@=\dimen137
) (/usr/share/texmf-dist/tex/latex/amsmath/amsopn.sty
Package: amsopn 1999/12/14 v2.01 operator names
)
\inf@bad=\count111
LaTeX Info: Redefining \frac on input line 211.
\uproot@=\count112
\leftroot@=\count113
LaTeX Info: Redefining \overline on input line 307.
\classnum@=\count114
\DOTSCASE@=\count115
LaTeX Info: Redefining \ldots on input line 379.
LaTeX Info: Redefining \dots on input line 382.
LaTeX Info: Redefining \cdots on input line 467.
\Mathstrutbox@=\box56
\strutbox@=\box57
\big@size=\dimen138
LaTeX Font Info:    Redeclaring font encoding OML on input line 567.
LaTeX Font Info:    Redeclaring font encoding OMS on input line 568.
\macc@depth=\count116
\c@MaxMatrixCols=\count117
\dotsspace@=\muskip10
\c@parentequation=\count118
\dspbrk@lvl=\count119
\tag@help=\toks21
\row@=\count120
\column@=\count121
\maxfields@=\count122
\andhelp@=\toks22
\eqnshift@=\dimen139
\alignsep@=\dimen140
\tagshift@=\dimen141
\tagwidth@=\dimen142
\totwidth@=\dimen143
\lineht@=\dimen144
\@envbody=\toks23
\multlinegap=\skip88
\multlinetaggap=\skip89
\mathdisplay@stack=\toks24
LaTeX Info: Redefining \[ on input line 2666.
LaTeX Info: Redefining \] on input line 2667.
) (/usr/share/texmf-dist/tex/latex/amsfonts/amssymb.sty
Package: amssymb 2009/06/22 v3.00
(/usr/share/texmf-dist/tex/latex/amsfonts/amsfonts.sty
Package: amsfonts 2009/06/22 v3.00 Basic AMSFonts support
\symAMSa=\mathgroup4
\symAMSb=\mathgroup5
LaTeX Font Info:    Overwriting math alphabet `\mathfrak' in version `bold'
(Font)                  U/euf/m/n --> U/euf/b/n on input line 96.
)) (/usr/share/texmf-dist/tex/latex/hyperref/hyperref.sty
Package: hyperref 2012/05/13 v6.82q Hypertext links for LaTeX
(/usr/share/texmf-dist/tex/generic/oberdiek/hobsub-hyperref.sty
Package: hobsub-hyperref 2012/05/28 v1.13 Bundle oberdiek, subset hyperref (HO)

(/usr/share/texmf-dist/tex/generic/oberdiek/hobsub-generic.sty
Package: hobsub-generic 2012/05/28 v1.13 Bundle oberdiek, subset generic (HO)
Package: hobsub 2012/05/28 v1.13 Construct package bundles (HO)
Package: infwarerr 2010/04/08 v1.3 Providing info/warning/error messages (HO)
Package: ltxcmds 2011/11/09 v1.22 LaTeX kernel commands for general use (HO)
Package: ifluatex 2010/03/01 v1.3 Provides the ifluatex switch (HO)
Package ifluatex Info: LuaTeX not detected.
Package: ifvtex 2010/03/01 v1.5 Detect VTeX and its facilities (HO)
Package ifvtex Info: VTeX not detected.
Package: intcalc 2007/09/27 v1.1 Expandable calculations with integers (HO)
Package: ifpdf 2011/01/30 v2.3 Provides the ifpdf switch (HO)
Package ifpdf Info: pdfTeX in PDF mode is not detected.
Package: etexcmds 2011/02/16 v1.5 Avoid name clashes with e-TeX commands (HO)
Package etexcmds Info: Could not find \expanded.
(etexcmds)             That can mean that you are not using pdfTeX 1.50 or
(etexcmds)             that some package has redefined \expanded.
(etexcmds)             In the latter case, load this package earlier.
Package: kvsetkeys 2012/04/25 v1.16 Key value parser (HO)
Package: kvdefinekeys 2011/04/07 v1.3 Define keys (HO)
Package: pdftexcmds 2011/11/29 v0.20 Utility functions of pdfTeX for LuaTeX (HO
)
Package pdftexcmds Info: LuaTeX not detected.
Package pdftexcmds Info: \pdf@primitive is available.
Package pdftexcmds Info: \pdf@ifprimitive is available.
Package pdftexcmds Info: \pdfdraftmode is ignored in DVI mode.
Package: pdfescape 2011/11/25 v1.13 Implements pdfTeX's escape features (HO)
Package: bigintcalc 2012/04/08 v1.3 Expandable calculations on big integers (HO
)
Package: bitset 2011/01/30 v1.1 Handle bit-vector datatype (HO)
Package: uniquecounter 2011/01/30 v1.2 Provide unlimited unique counter (HO)
)
Package hobsub Info: Skipping package `hobsub' (already loaded).
Package: letltxmacro 2010/09/02 v1.4 Let assignment for LaTeX macros (HO)
Package: hopatch 2012/05/28 v1.2 Wrapper for package hooks (HO)
Package: xcolor-patch 2011/01/30 xcolor patch
Package: atveryend 2011/06/30 v1.8 Hooks at the very end of document (HO)
Package atveryend Info: \enddocument detected (standard20110627).
Package: atbegshi 2011/10/05 v1.16 At begin shipout hook (HO)
Package: refcount 2011/10/16 v3.4 Data extraction from label references (HO)
Package: hycolor 2011/01/30 v1.7 Color options for hyperref/bookmark (HO)
) (/usr/share/texmf-dist/tex/generic/ifxetex/ifxetex.sty
Package: ifxetex 2010/09/12 v0.6 Provides ifxetex conditional
) (/usr/share/texmf-dist/tex/latex/oberdiek/kvoptions.sty
Package: kvoptions 2011/06/30 v3.11 Key value format for package options (HO)
)
\@linkdim=\dimen145
\Hy@linkcounter=\count123
\Hy@pagecounter=\count124
(/usr/share/texmf-dist/tex/latex/hyperref/pd1enc.def
File: pd1enc.def 2012/05/13 v6.82q Hyperref: PDFDocEncoding definition (HO)
)
\Hy@SavedSpaceFactor=\count125
(/usr/share/texmf-dist/tex/latex/latexconfig/hyperref.cfg
File: hyperref.cfg 2002/06/06 v1.2 hyperref configuration of TeXLive
)
Package hyperref Info: Hyper figures OFF on input line 4062.
Package hyperref Info: Link nesting OFF on input line 4067.
Package hyperref Info: Hyper index ON on input line 4070.
Package hyperref Info: Plain pages OFF on input line 4077.
Package hyperref Info: Backreferencing OFF on input line 4082.
Package hyperref Info: Implicit mode ON; LaTeX internals redefined.
Package hyperref Info: Bookmarks ON on input line 4300.
\c@Hy@tempcnt=\count126
(/usr/share/texmf/tex/latex/html/url.sty
Package: url 1999/03/02  ver 1.4  Verb mode for urls, email addresses, and file
 names
)
LaTeX Info: Redefining \url on input line 4653.
\Fld@menulength=\count127
\Field@Width=\dimen146
\Fld@charsize=\dimen147
Package hyperref Info: Hyper figures OFF on input line 5773.
Package hyperref Info: Link nesting OFF on input line 5778.
Package hyperref Info: Hyper index ON on input line 5781.
Package hyperref Info: backreferencing OFF on input line 5788.
Package hyperref Info: Link coloring OFF on input line 5793.
Package hyperref Info: Link coloring with OCG OFF on input line 5798.
Package hyperref Info: PDF/A mode OFF on input line 5803.
LaTeX Info: Redefining \ref on input line 5843.
LaTeX Info: Redefining \pageref on input line 5847.
\Hy@abspage=\count128
\c@Item=\count129
\c@Hfootnote=\count130
)

Package hyperref Message: Driver (default): hdvips.

(/usr/share/texmf-dist/tex/latex/hyperref/hdvips.def
File: hdvips.def 2012/05/13 v6.82q Hyperref driver for dvips
(/usr/share/texmf-dist/tex/latex/hyperref/pdfmark.def
File: pdfmark.def 2012/05/13 v6.82q Hyperref definitions for pdfmark specials
\pdf@docset=\toks25
\pdf@box=\box58
\pdf@toks=\toks26
\pdf@defaulttoks=\toks27
\Fld@listcount=\count131
\c@bookmark@seq@number=\count132
(/usr/share/texmf-dist/tex/latex/oberdiek/rerunfilecheck.sty
Package: rerunfilecheck 2011/04/15 v1.7 Rerun checks for auxiliary files (HO)
Package uniquecounter Info: New unique counter `rerunfilecheck' on input line 2
82.
)
\Hy@SectionHShift=\skip90
))
Package hyperref Info: Option `colorlinks' set `true' on input line 43.
(/usr/share/texmf-dist/tex/latex/listings/listings.sty
\lst@mode=\count133
\lst@gtempboxa=\box59
\lst@token=\toks28
\lst@length=\count134
\lst@currlwidth=\dimen148
\lst@column=\count135
\lst@pos=\count136
\lst@lostspace=\dimen149
\lst@width=\dimen150
\lst@newlines=\count137
\lst@lineno=\count138
\lst@maxwidth=\dimen151
(/usr/share/texmf-dist/tex/latex/listings/lstmisc.sty
File: lstmisc.sty 2007/02/22 1.4 (Carsten Heinz)
\c@lstnumber=\count139
\lst@skipnumbers=\count140
\lst@framebox=\box60
) (/usr/share/texmf-dist/tex/latex/listings/listings.cfg
File: listings.cfg 2007/02/22 1.4 listings configuration
))
Package: listings 2007/02/22 1.4 (Carsten Heinz)
(/usr/share/texmf-dist/tex/latex/xcolor/xcolor.sty
Package: xcolor 2007/01/21 v2.11 LaTeX color extensions (UK)
(/usr/share/texmf-dist/tex/latex/latexconfig/color.cfg
File: color.cfg 2007/01/18 v1.5 color configuration of teTeX/TeXLive
)
Package xcolor Info: Driver file: dvips.def on input line 225.
Package xcolor Info: Model `cmy' substituted by `cmy0' on input line 1337.
Package xcolor Info: Model `RGB' extended on input line 1353.
Package xcolor Info: Model `HTML' substituted by `rgb' on input line 1355.
Package xcolor Info: Model `Hsb' substituted by `hsb' on input line 1356.
Package xcolor Info: Model `tHsb' substituted by `hsb' on input line 1357.
Package xcolor Info: Model `HSB' substituted by `hsb' on input line 1358.
Package xcolor Info: Model `Gray' substituted by `gray' on input line 1359.
Package xcolor Info: Model `wave' substituted by `hsb' on input line 1360.
(/usr/share/texmf-dist/tex/latex/xcolor/svgnam.def
File: svgnam.def 2007/01/21 v2.11 Predefined colors according to SVG 1.1 (UK)
)) (/usr/share/texmf-dist/tex/latex/base/textcomp.sty
Package: textcomp 2005/09/27 v1.99g Standard LaTeX package
Package textcomp Info: Sub-encoding information:
(textcomp)               5 = only ISO-Adobe without \textcurrency
(textcomp)               4 = 5 + \texteuro
(textcomp)               3 = 4 + \textohm
(textcomp)               2 = 3 + \textestimated + \textcurrency
(textcomp)               1 = TS1 - \textcircled - \t
(textcomp)               0 = TS1 (full)
(textcomp)             Font families with sub-encoding setting implement
(textcomp)             only a restricted character set as indicated.
(textcomp)             Family '?' is the default used for unknown fonts.
(textcomp)             See the documentation for details.
Package textcomp Info: Setting ? sub-encoding to TS1/1 on input line 71.
(/usr/share/texmf-dist/tex/latex/base/ts1enc.def
File: ts1enc.def 2001/06/05 v3.0e (jk/car/fm) Standard LaTeX file
)
LaTeX Info: Redefining \oldstylenums on input line 266.
Package textcomp Info: Setting cmr sub-encoding to TS1/0 on input line 281.
Package textcomp Info: Setting cmss sub-encoding to TS1/0 on input line 282.
Package textcomp Info: Setting cmtt sub-encoding to TS1/0 on input line 283.
Package textcomp Info: Setting cmvtt sub-encoding to TS1/0 on input line 284.
Package textcomp Info: Setting cmbr sub-encoding to TS1/0 on input line 285.
Package textcomp Info: Setting cmtl sub-encoding to TS1/0 on input line 286.
Package textcomp Info: Setting ccr sub-encoding to TS1/0 on input line 287.
Package textcomp Info: Setting ptm sub-encoding to TS1/4 on input line 288.
Package textcomp Info: Setting pcr sub-encoding to TS1/4 on input line 289.
Package textcomp Info: Setting phv sub-encoding to TS1/4 on input line 290.
Package textcomp Info: Setting ppl sub-encoding to TS1/3 on input line 291.
Package textcomp Info: Setting pag sub-encoding to TS1/4 on input line 292.
Package textcomp Info: Setting pbk sub-encoding to TS1/4 on input line 293.
Package textcomp Info: Setting pnc sub-encoding to TS1/4 on input line 294.
Package textcomp Info: Setting pzc sub-encoding to TS1/4 on input line 295.
Package textcomp Info: Setting bch sub-encoding to TS1/4 on input line 296.
Package textcomp Info: Setting put sub-encoding to TS1/5 on input line 297.
Package textcomp Info: Setting uag sub-encoding to TS1/5 on input line 298.
Package textcomp Info: Setting ugq sub-encoding to TS1/5 on input line 299.
Package textcomp Info: Setting ul8 sub-encoding to TS1/4 on input line 300.
Package textcomp Info: Setting ul9 sub-encoding to TS1/4 on input line 301.
Package textcomp Info: Setting augie sub-encoding to TS1/5 on input line 302.
Package textcomp Info: Setting dayrom sub-encoding to TS1/3 on input line 303.
Package textcomp Info: Setting dayroms sub-encoding to TS1/3 on input line 304.

Package textcomp Info: Setting pxr sub-encoding to TS1/0 on input line 305.
Package textcomp Info: Setting pxss sub-encoding to TS1/0 on input line 306.
Package textcomp Info: Setting pxtt sub-encoding to TS1/0 on input line 307.
Package textcomp Info: Setting txr sub-encoding to TS1/0 on input line 308.
Package textcomp Info: Setting txss sub-encoding to TS1/0 on input line 309.
Package textcomp Info: Setting txtt sub-encoding to TS1/0 on input line 310.
Package textcomp Info: Setting lmr sub-encoding to TS1/0 on input line 311.
Package textcomp Info: Setting lmdh sub-encoding to TS1/0 on input line 312.
Package textcomp Info: Setting lmss sub-encoding to TS1/0 on input line 313.
Package textcomp Info: Setting lmssq sub-encoding to TS1/0 on input line 314.
Package textcomp Info: Setting lmvtt sub-encoding to TS1/0 on input line 315.
Package textcomp Info: Setting qhv sub-encoding to TS1/0 on input line 316.
Package textcomp Info: Setting qag sub-encoding to TS1/0 on input line 317.
Package textcomp Info: Setting qbk sub-encoding to TS1/0 on input line 318.
Package textcomp Info: Setting qcr sub-encoding to TS1/0 on input line 319.
Package textcomp Info: Setting qcs sub-encoding to TS1/0 on input line 320.
Package textcomp Info: Setting qpl sub-encoding to TS1/0 on input line 321.
Package textcomp Info: Setting qtm sub-encoding to TS1/0 on input line 322.
Package textcomp Info: Setting qzc sub-encoding to TS1/0 on input line 323.
Package textcomp Info: Setting qhvc sub-encoding to TS1/0 on input line 324.
Package textcomp Info: Setting futs sub-encoding to TS1/4 on input line 325.
Package textcomp Info: Setting futx sub-encoding to TS1/4 on input line 326.
Package textcomp Info: Setting futj sub-encoding to TS1/4 on input line 327.
Package textcomp Info: Setting hlh sub-encoding to TS1/3 on input line 328.
Package textcomp Info: Setting hls sub-encoding to TS1/3 on input line 329.
Package textcomp Info: Setting hlst sub-encoding to TS1/3 on input line 330.
Package textcomp Info: Setting hlct sub-encoding to TS1/5 on input line 331.
Package textcomp Info: Setting hlx sub-encoding to TS1/5 on input line 332.
Package textcomp Info: Setting hlce sub-encoding to TS1/5 on input line 333.
Package textcomp Info: Setting hlcn sub-encoding to TS1/5 on input line 334.
Package textcomp Info: Setting hlcw sub-encoding to TS1/5 on input line 335.
Package textcomp Info: Setting hlcf sub-encoding to TS1/5 on input line 336.
Package textcomp Info: Setting pplx sub-encoding to TS1/3 on input line 337.
Package textcomp Info: Setting pplj sub-encoding to TS1/3 on input line 338.
Package textcomp Info: Setting ptmx sub-encoding to TS1/4 on input line 339.
Package textcomp Info: Setting ptmj sub-encoding to TS1/4 on input line 340.
) (/usr/share/texmf-dist/tex/latex/natbib/bibentry.sty
Package: bibentry 2007/10/30 1.5 (PWD)
) (./images.bbl) (/usr/share/texmf/tex/latex/html/html.sty
Package: html 1999/07/19 v1.38 hypertext commands for latex2html (nd, hws, rrm)

\c@lpart=\count141
\c@lchapter=\count142
\c@lsection=\count143
\c@lsubsection=\count144
\c@lsubsubsection=\count145
\c@lparagraph=\count146
\c@lsubparagraph=\count147
\c@lsubsubparagraph=\count148
\ptrfile=\write3
)
\images@idxfile=\write4
\openout4 = `images.idx'.

Writing index file images.idx

! LaTeX Error: Option clash for package color.

See the LaTeX manual or LaTeX Companion for explanation.
Type  H <return>  for immediate help.
 ...                                              
                                                  
l.179 
      
The package color has already been loaded with options:
  []
There has now been an attempt to load it with options
  [dvips]
Adding the global options:
  ,dvips
to your \documentclass declaration may fix this.
Try typing  <return>  to proceed.

(/usr/share/texmf-dist/tex/latex/base/inputenc.sty
Package: inputenc 2008/03/30 v1.1d Input encoding file
\inpenc@prehook=\toks29
\inpenc@posthook=\toks30
(/usr/share/texmf-dist/tex/latex/base/latin1.def
File: latin1.def 2008/03/30 v1.1d Input encoding file
))
\sizebox=\box61
\lthtmlwrite=\write5
(./images.aux (/data/relax/tags/3.0.0/docs/latex/hyphenation.aux) (/data/relax/
tags/3.0.0/docs/latex/citations.aux) (/data/relax/tags/3.0.0/docs/latex/intro.a
ux) (/data/relax/tags/3.0.0/docs/latex/install.aux) (/data/relax/tags/3.0.0/doc
s/latex/infrastruct.aux) (/data/relax/tags/3.0.0/docs/latex/data_model.aux) (/d
ata/relax/tags/3.0.0/docs/latex/curvefit.aux) (/data/relax/tags/3.0.0/docs/late
x/noe.aux) (/data/relax/tags/3.0.0/docs/latex/model-free.aux) (/data/relax/tags
/3.0.0/docs/latex/jw_mapping.aux) (/data/relax/tags/3.0.0/docs/latex/consistenc
y_tests.aux) (/data/relax/tags/3.0.0/docs/latex/develop.aux) (/data/relax/tags/
3.0.0/docs/latex/optimisation.aux) (/data/relax/tags/3.0.0/docs/latex/maths.aux
) (/data/relax/tags/3.0.0/docs/latex/functions.aux) (/data/relax/tags/3.0.0/doc
s/latex/licence.aux))
\openout1 = `images.aux'.

LaTeX Font Info:    Checking defaults for OML/cmm/m/it on input line 297.
LaTeX Font Info:    ... okay on input line 297.
LaTeX Font Info:    Checking defaults for T1/cmr/m/n on input line 297.
LaTeX Font Info:    ... okay on input line 297.
LaTeX Font Info:    Checking defaults for OT1/cmr/m/n on input line 297.
LaTeX Font Info:    ... okay on input line 297.
LaTeX Font Info:    Checking defaults for OMS/cmsy/m/n on input line 297.
LaTeX Font Info:    ... okay on input line 297.
LaTeX Font Info:    Checking defaults for OMX/cmex/m/n on input line 297.
LaTeX Font Info:    ... okay on input line 297.
LaTeX Font Info:    Checking defaults for U/cmr/m/n on input line 297.
LaTeX Font Info:    ... okay on input line 297.
LaTeX Font Info:    Checking defaults for PD1/pdf/m/n on input line 297.
LaTeX Font Info:    ... okay on input line 297.
LaTeX Font Info:    Checking defaults for TS1/cmr/m/n on input line 297.
LaTeX Font Info:    Try loading font information for TS1+cmr on input line 297.

(/usr/share/texmf-dist/tex/latex/base/ts1cmr.fd
File: ts1cmr.fd 1999/05/25 v2.5h Standard LaTeX font definitions
)
LaTeX Font Info:    ... okay on input line 297.
\AtBeginShipoutBox=\box62
Package hyperref Info: Link coloring ON on input line 297.
(/usr/share/texmf-dist/tex/latex/hyperref/nameref.sty
Package: nameref 2010/04/30 v2.40 Cross-referencing by name of section
(/usr/share/texmf-dist/tex/generic/oberdiek/gettitlestring.sty
Package: gettitlestring 2010/12/03 v1.4 Cleanup title references (HO)
)
\c@section@level=\count149
)
LaTeX Info: Redefining \ref on input line 297.
LaTeX Info: Redefining \pageref on input line 297.
LaTeX Info: Redefining \nameref on input line 297.
\@outlinefile=\write6
\openout6 = `images.out'.

\c@lstlisting=\count150

latex2htmlLength hsize=349.0pt

latex2htmlLength vsize=803.2213pt

latex2htmlLength hoffset=0.0pt

latex2htmlLength voffset=0.0pt

latex2htmlLength topmargin=0.0pt

latex2htmlLength topskip=0.00003pt

latex2htmlLength headheight=0.0pt

latex2htmlLength headsep=0.0pt

latex2htmlLength parskip=0.0pt plus 1.0pt

latex2htmlLength oddsidemargin=99.58464pt

latex2htmlLength evensidemargin=71.13188pt

LaTeX Font Info:    Try loading font information for U+msa on input line 321.
(/usr/share/texmf-dist/tex/latex/amsfonts/umsa.fd
File: umsa.fd 2009/06/22 v3.00 AMS symbols A
)
LaTeX Font Info:    Try loading font information for U+msb on input line 321.
(/usr/share/texmf-dist/tex/latex/amsfonts/umsb.fd
File: umsb.fd 2009/06/22 v3.00 AMS symbols B
)
l2hSize :tex2html_wrap_inline47592:9.62923pt::9.62923pt::12.14891pt.
[1



]
l2hSize :tex2html_wrap_inline47593:7.60416pt::0.0pt::5.99211pt.
[2


]
l2hSize :tex2html_wrap_inline47677:7.07185pt::0.0pt::7.75627pt.
[3


]
l2hSize :tex2html_wrap_inline48491:7.57185pt::7.57185pt::13.35298pt.
[4


]
LaTeX Font Info:    Try loading font information for U+euf on input line 345.
(/usr/share/texmf-dist/tex/latex/amsfonts/ueuf.fd
File: ueuf.fd 2009/06/22 v3.00 Euler Fraktur
)
l2hSize :tex2html_wrap_inline48527:7.57089pt::0.0pt::7.61862pt.
[5


]
l2hSize :tex2html_wrap_inline53550:7.57185pt::7.57185pt::23.20432pt.
[6


]
l2hSize :tex2html_wrap_inline53652:8.10416pt::8.10416pt::10.08653pt.
[7


]
l2hSize :tex2html_wrap_inline53697:7.57185pt::7.57185pt::15.43674pt.
[8


]
l2hSize :tex2html_wrap_inline53742:7.48248pt::0.0pt::9.67255pt.
[9


]
l2hSize :tex2html_wrap_inline53743:7.07185pt::0.0pt::7.19737pt.
[10


]
l2hSize :tex2html_wrap_inline53845:8.10416pt::8.10416pt::10.82689pt.
[11


]
l2hSize :tex2html_wrap_inline54347:8.07089pt::8.07089pt::13.54619pt.
[12


]
l2hSize :tex2html_wrap_inline54361:8.07089pt::8.07089pt::14.00162pt.
[13


]
l2hSize :tex2html_wrap_inline54384:7.57185pt::7.57185pt::9.77748pt.
[14


]
l2hSize :tex2html_wrap_inline54412:8.07089pt::8.07089pt::14.28654pt.
[15


]
l2hSize :tex2html_wrap_inline54432:8.07089pt::8.07089pt::14.74197pt.
[16


]
l2hSize :tex2html_wrap_inline54637:7.57185pt::7.57185pt::10.79968pt.
[17


]
l2hSize :tex2html_wrap_inline54649:7.57185pt::7.57185pt::9.76497pt.
[18


]
l2hSize :tex2html_wrap_inline55099:8.07089pt::8.07089pt::12.99698pt.
[19


]
l2hSize :tex2html_wrap_inline55125:8.07089pt::8.07089pt::14.66818pt.
[20


]
l2hSize :tex2html_wrap_inline55139:8.07089pt::8.07089pt::14.22511pt.
[21


]
l2hSize :tex2html_wrap_inline55923:8.07089pt::8.07089pt::14.93808pt.
[22


]
l2hSize :tex2html_wrap_inline55937:8.07089pt::8.07089pt::14.64178pt.
[23


]
l2hSize :tex2html_wrap_inline55951:8.07089pt::8.07089pt::14.44502pt.
[24


]
l2hSize :tex2html_wrap_inline56039:8.07089pt::8.07089pt::13.98662pt.
[25


]
File: images/ulysses.eps.gz Graphic file (type eps)
<images/ulysses.eps.gz>
l2hSize :tex2html_wrap82002:146.94681pt::0.0pt::349.0pt.
[26


]
l2hSize :tex2html_wrap_inline82069:7.07185pt::0.0pt::6.57385pt.
[27


]
l2hSize :tex2html_wrap_inline82073:7.57089pt::0.0pt::9.6533pt.
[28


]
l2hSize :tex2html_wrap_inline82077:8.07089pt::8.07089pt::15.93103pt.
[29


]
l2hSize :tex2html_wrap_inline82081:8.07089pt::8.07089pt::21.08626pt.
[30


]
l2hSize :tex2html_wrap_inline82085:8.07089pt::8.07089pt::28.81183pt.
[31


]
l2hSize :tex2html_wrap_inline82097:7.57185pt::7.57185pt::8.38612pt.
[32


]
l2hSize :tex2html_wrap_inline82251:7.07185pt::0.0pt::11.49756pt.
[33


]
l2hSize :tex2html_wrap_indisplay82686:10.48782pt::10.48782pt::74.47699pt.
[34


]
l2hSize :tex2html_wrap_inline82696:7.07185pt::0.0pt::9.04765pt.
[35


]
l2hSize :tex2html_wrap_indisplay82699:10.48782pt::10.48782pt::101.15295pt.
[36


]
l2hSize :tex2html_wrap_indisplay82813:15.39023pt::15.39023pt::66.24557pt.
[37


]
l2hSize :tex2html_wrap_indisplay82818:20.92955pt::20.92955pt::188.12283pt.
[38


]
l2hSize :tex2html_wrap_inline82820:7.57185pt::7.57185pt::18.81947pt.
[39


]
l2hSize :tex2html_wrap_inline82822:7.57185pt::7.57185pt::20.28474pt.
[40


]
File: ../../graphics/screenshots/noe_analysis/grace.eps.gz Graphic file (type e
ps)
<../../graphics/screenshots/noe_analysis/grace.eps.gz>
l2hSize :tex2html_wrap82824:198.49078pt::0.0pt::349.0pt.
[41


]
l2hSize :tex2html_wrap_indisplay82886:18.72697pt::18.72697pt::127.31348pt.
[42


]
l2hSize :tex2html_wrap_inline82898:10.49374pt::0.0pt::5.99211pt.
[43


]
l2hSize :tex2html_wrap_inline82900:7.57185pt::7.57185pt::10.19846pt.
[44


]
l2hSize :subequations_subequations82924:73.57806pt::0.0pt::349.0pt.
[45


]
l2hSize :subequations_subequations82943:119.47726pt::0.0pt::349.0pt.
[46


]
l2hSize :tex2html_wrap_indisplay82948:17.03697pt::17.03697pt::114.59552pt.
[47


]
l2hSize :tex2html_wrap_indisplay82950:17.03697pt::17.03697pt::69.28397pt.
[48


]
l2hSize :tex2html_wrap_inline82952:7.57185pt::7.57185pt::11.89551pt.
[49


]
l2hSize :tex2html_wrap_inline82954:7.57185pt::7.57185pt::13.16664pt.
[50


]
l2hSize :tex2html_wrap_inline82956:7.57185pt::7.57185pt::13.18884pt.
[51


]
l2hSize :tex2html_wrap_inline82960:7.54332pt::0.0pt::6.4636pt.
[52


]
l2hSize :tex2html_wrap_inline82962:7.07185pt::0.0pt::7.18219pt.
[53


]
l2hSize :tex2html_wrap_indisplay82971:16.12024pt::16.12024pt::129.24931pt.
[54


]
l2hSize :tex2html_wrap_indisplay82984:20.83809pt::20.83809pt::275.90718pt.
[55


]
l2hSize :multline4430:76.51991pt::0.0pt::349.0pt.
[56


]
l2hSize :tex2html_wrap_inline82999:9.62923pt::9.62923pt::17.93512pt.
[57


]
l2hSize :tex2html_wrap_inline83000:9.62923pt::9.62923pt::17.93512pt.
[58


]
l2hSize :tex2html_wrap_inline83001:9.62923pt::9.62923pt::17.93512pt.
[59


]
l2hSize :tex2html_wrap_inline83004:7.57185pt::7.57185pt::11.49756pt.
[60


]
l2hSize :tex2html_wrap_indisplay83010:20.83809pt::20.83809pt::117.76431pt.
[61


]
l2hSize :tex2html_wrap_inline83023:7.07185pt::0.0pt::7.59279pt.
[62


]
l2hSize :tex2html_wrap_inline83025:8.10416pt::8.10416pt::7.31905pt.
[63


]
l2hSize :tex2html_wrap_inline83027:7.57185pt::7.57185pt::6.825pt.
[64


]
l2hSize :tex2html_wrap_inline83030:7.57185pt::7.57185pt::7.84755pt.
[65


]
l2hSize :subequations_subequations83040:71.9022pt::0.0pt::349.0pt.
[66


]
l2hSize :subequations_subequations83044:75.7262pt::0.0pt::349.0pt.
[67


]
l2hSize :subequations_subequations83055:98.34453pt::0.0pt::349.0pt.
[68


]
l2hSize :tex2html_wrap_indisplay83057:8.10416pt::8.10416pt::6.24686pt.
[69


]
l2hSize :tex2html_wrap_indisplay83058:10.17673pt::10.17673pt::108.32352pt.
[70


]
l2hSize :tex2html_wrap_indisplay83060:7.57185pt::7.57185pt::5.64613pt.
[71


]
l2hSize :tex2html_wrap_indisplay83061:16.37761pt::16.37761pt::348.09822pt.

Overfull \hbox (2.30724pt too wide) in paragraph at lines 1067--1068
[]|[] 
 []

[72


]
l2hSize :tex2html_wrap_indisplay83064:11.3413pt::11.3413pt::76.39558pt.
[73


]
l2hSize :tex2html_wrap_inline83066:7.57185pt::7.57185pt::8.72832pt.
[74


]
l2hSize :subequations_subequations83070:93.5092pt::0.0pt::349.0pt.
[75


]
l2hSize :tex2html_wrap_inline83081:8.10416pt::8.10416pt::7.07191pt.
[76


]
l2hSize :subequations_subequations83091:43.70918pt::0.0pt::349.0pt.
[77


]
l2hSize :subequations_subequations83095:43.70918pt::0.0pt::349.0pt.
[78


]
l2hSize :subequations_subequations83104:62.6227pt::0.0pt::349.0pt.
[79


]
l2hSize :subequations_subequations83110:60.30919pt::0.0pt::349.0pt.
[80


]
l2hSize :tex2html_wrap_inline83123:7.57185pt::7.57185pt::10.08443pt.
[81


]
l2hSize :tex2html_wrap_indisplay83128:8.7125pt::8.7125pt::67.95831pt.
[82


]
l2hSize :subequations_subequations83135:187.81073pt::0.0pt::349.0pt.
[83


]
l2hSize :tex2html_wrap_inline83139:8.07089pt::8.07089pt::10.63403pt.
[84


]
l2hSize :tex2html_wrap_inline83143:8.07089pt::8.07089pt::11.2669pt.
[85


]
l2hSize :subequations_subequations83146:187.81073pt::0.0pt::349.0pt.
[86


]
l2hSize :tex2html_wrap_inline83181:7.57185pt::7.57185pt::9.06422pt.
[87


]
l2hSize :tex2html_wrap_indisplay83183:118.83742pt::118.83742pt::316.1376pt.
[88


]
l2hSize :subequations_subequations83186:233.77351pt::0.0pt::349.0pt.
[89


]
l2hSize :tex2html_wrap_inline83191:7.57185pt::7.57185pt::9.06422pt.
[90


]
l2hSize :tex2html_wrap_indisplay83194:23.63748pt::23.63748pt::184.43434pt.
[91


]
l2hSize :tex2html_wrap_indisplay83198:30.43747pt::30.43747pt::181.1405pt.
[92


]
l2hSize :subequations_subequations83201:60.30919pt::0.0pt::349.0pt.
[93


]
l2hSize :tex2html_wrap_indisplay83203:37.23747pt::37.23747pt::202.90726pt.
[94


]
l2hSize :tex2html_wrap_indisplay83207:10.03749pt::10.03749pt::83.1056pt.
[95


]
l2hSize :tex2html_wrap_indisplay83209:10.03749pt::10.03749pt::91.6223pt.
[96


]
l2hSize :tex2html_wrap_indisplay83230:64.43745pt::64.43745pt::294.57854pt.
[97


]
l2hSize :tex2html_wrap_indisplay83244:44.03746pt::44.03746pt::137.98534pt.
[98


]
l2hSize :tex2html_wrap_indisplay83254:30.43747pt::30.43747pt::107.03532pt.
[99


]
File: images/model_free/mandel95.eps.gz Graphic file (type eps)
<images/model_free/mandel95.eps.gz>
l2hSize :tex2html_wrap83296:345.16356pt::0.0pt::349.0pt.
[100


]
l2hSize :tex2html_wrap_inline83310:7.57089pt::0.0pt::9.62077pt.
[101


]
File: images/model_free/init_diff_est.eps.gz Graphic file (type eps)
<images/model_free/init_diff_est.eps.gz>
l2hSize :tex2html_wrap83328:334.15654pt::0.0pt::349.0pt.
[102


]
l2hSize :tex2html_wrap_inline83435:7.57185pt::7.57185pt::10.5394pt.
[103


]
l2hSize :tex2html_wrap_inline83441:7.57185pt::7.57185pt::18.60808pt.
[104


]
l2hSize :tex2html_wrap_indisplay83443:10.48782pt::10.48782pt::93.47824pt.
[105


]
l2hSize :tex2html_wrap_inline83446:8.7125pt::8.7125pt::57.1309pt.
[106


]
l2hSize :tex2html_wrap_inline83448:8.7125pt::8.7125pt::57.4272pt.
[107


]
l2hSize :tex2html_wrap_inline83450:8.7125pt::8.7125pt::57.62396pt.
[108


]
! Missing } inserted.
<inserted text> 
                }
l.1348 $ \widehat{\mathfrak}
                            $%
I've inserted something that you may have forgotten.
(See the <inserted text> above.)
With luck, this will get me unwedged. But if you
really didn't forget anything, try typing `2' now; then
my insertion and my current dilemma will both disappear.

! Extra }, or forgotten $.
\@mathmeasure ...erymath \@emptytoks \m@th $#2#3$}
                                                  
l.1348 $ \widehat{\mathfrak}
                            $%
I've deleted a group-closing symbol because it seems to be
spurious, as in `$x}$'. But perhaps the } is legitimate and
you forgot something else, as in `\hbox{$x}'. In such cases
the way to recover is to insert both the forgotten and the
deleted material, e.g., by typing `I$}'.

! Argument of \math@egroup has an extra }.
<inserted text> 
                \par 
l.1348 $ \widehat{\mathfrak}
                            $%
I've run across a `}' that doesn't seem to match anything.
For example, `\def\a#1{...}' and `\a}' would produce
this error. If you simply proceed now, the `\par' that
I've just inserted will cause me to report a runaway
argument that might be the root of the problem. But if
your `}' was spurious, just type `2' and it will go away.

Runaway argument?
! Paragraph ended before \math@egroup was complete.
<to be read again> 
                   \par 
l.1348 $ \widehat{\mathfrak}
                            $%
I suspect you've forgotten a `}', causing me to apply this
control sequence to too much text. How can we recover?
My plan is to forget the whole thing and hope for the best.

! Missing $ inserted.
<inserted text> 
                $
l.1348 $ \widehat{\mathfrak}
                            $%
I've inserted a begin-math/end-math symbol since I think
you left one out. Proceed, with fingers crossed.

! Missing } inserted.
<inserted text> 
                }
l.1348 $ \widehat{\mathfrak}
                            $%
I've inserted something that you may have forgotten.
(See the <inserted text> above.)
With luck, this will get me unwedged. But if you
really didn't forget anything, try typing `2' now; then
my insertion and my current dilemma will both disappear.

! Missing } inserted.
<inserted text> 
                }
l.1348 $ \widehat{\mathfrak}
                            $%
I've inserted something that you may have forgotten.
(See the <inserted text> above.)
With luck, this will get me unwedged. But if you
really didn't forget anything, try typing `2' now; then
my insertion and my current dilemma will both disappear.

! Extra }, or forgotten $.
\lthtmlinlinemathZ ->\egroup 
                             \expandafter \ifdim \dp \sizebox >0pt \expandaf...
l.1349 \lthtmlinlinemathZ
                         
I've deleted a group-closing symbol because it seems to be
spurious, as in `$x}$'. But perhaps the } is legitimate and
you forgot something else, as in `\hbox{$x}'. In such cases
the way to recover is to insert both the forgotten and the
deleted material, e.g., by typing `I$}'.

l2hSize :tex2html_wrap_inline83456:7.90834pt::0.0pt::0.54753pt.
! Missing $ inserted.
<inserted text> 
                $
l.1350 \lthtmlcheckvsize
                        \clearpage}
I've inserted a begin-math/end-math symbol since I think
you left one out. Proceed, with fingers crossed.

[109


]
l2hSize :tex2html_wrap_inline83464:8.07089pt::8.07089pt::7.24008pt.
[110


]
File: images/model_free/new_protocol.eps.gz Graphic file (type eps)
<images/model_free/new_protocol.eps.gz>
l2hSize :tex2html_wrap83474:422.13174pt::0.0pt::349.0pt.
[111


]
! Missing } inserted.
<inserted text> 
                }
l.1368 $\displaystyle \widehat\mathfrak
                                       {U}= \hat\theta \in \left\{ \mathfrak...
I've inserted something that you may have forgotten.
(See the <inserted text> above.)
With luck, this will get me unwedged. But if you
really didn't forget anything, try typing `2' now; then
my insertion and my current dilemma will both disappear.

! Extra }, or forgotten $.
\@mathmeasure ...erymath \@emptytoks \m@th $#2#3$}
                                                  
l.1368 $\displaystyle \widehat\mathfrak
                                       {U}= \hat\theta \in \left\{ \mathfrak...
I've deleted a group-closing symbol because it seems to be
spurious, as in `$x}$'. But perhaps the } is legitimate and
you forgot something else, as in `\hbox{$x}'. In such cases
the way to recover is to insert both the forgotten and the
deleted material, e.g., by typing `I$}'.

! Argument of \math@egroup has an extra }.
<inserted text> 
                \par 
l.1368 $\displaystyle \widehat\mathfrak
                                       {U}= \hat\theta \in \left\{ \mathfrak...
I've run across a `}' that doesn't seem to match anything.
For example, `\def\a#1{...}' and `\a}' would produce
this error. If you simply proceed now, the `\par' that
I've just inserted will cause me to report a runaway
argument that might be the root of the problem. But if
your `}' was spurious, just type `2' and it will go away.

Runaway argument?
! Paragraph ended before \math@egroup was complete.
<to be read again> 
                   \par 
l.1368 $\displaystyle \widehat\mathfrak
                                       {U}= \hat\theta \in \left\{ \mathfrak...
I suspect you've forgotten a `}', causing me to apply this
control sequence to too much text. How can we recover?
My plan is to forget the whole thing and hope for the best.

! Missing $ inserted.
<inserted text> 
                $
l.1368 $\displaystyle \widehat\mathfrak
                                       {U}= \hat\theta \in \left\{ \mathfrak...
I've inserted a begin-math/end-math symbol since I think
you left one out. Proceed, with fingers crossed.

! Missing } inserted.
<inserted text> 
                }
l.1368 $\displaystyle \widehat\mathfrak
                                       {U}= \hat\theta \in \left\{ \mathfrak...
I've inserted something that you may have forgotten.
(See the <inserted text> above.)
With luck, this will get me unwedged. But if you
really didn't forget anything, try typing `2' now; then
my insertion and my current dilemma will both disappear.

! Missing } inserted.
<inserted text> 
                }
l.1368 $\displaystyle \widehat\mathfrak
                                       {U}= \hat\theta \in \left\{ \mathfrak...
I've inserted something that you may have forgotten.
(See the <inserted text> above.)
With luck, this will get me unwedged. But if you
really didn't forget anything, try typing `2' now; then
my insertion and my current dilemma will both disappear.


! Package amsmath Error: \hat allowed only in math mode.

See the amsmath package documentation for explanation.
Type  H <return>  for immediate help.
 ...                                              
                                                  
l.1368 ...aystyle \widehat\mathfrak{U}= \hat\theta
                                                   \in \left\{ \mathfrak{S}:...

You're in trouble here.  Try typing  <return>  to proceed.
If that doesn't work, type  X <return>  to quit.

! Missing $ inserted.
<inserted text> 
                $
l.1368 ...yle \widehat\mathfrak{U}= \hat\theta \in
                                                   \left\{ \mathfrak{S}: \mi...
I've inserted a begin-math/end-math symbol since I think
you left one out. Proceed, with fingers crossed.

l2hSize :tex2html_wrap_indisplay83502:0.0pt::0.0pt::0.0pt.
[112


]
! Too many }'s.
l.1370 \lthtmlcheckvsize\clearpage}
                                   
You've closed more groups than you opened.
Such booboos are generally harmless, so keep going.

l2hSize :tex2html_wrap_inline83506:7.98248pt::7.98248pt::22.76682pt.
[113


]
l2hSize :tex2html_wrap_inline83645:8.7125pt::8.7125pt::4.80588pt.
[114


]
l2hSize :tex2html_wrap_inline83646:8.7125pt::8.7125pt::4.80588pt.
[115


]
l2hSize :tex2html_wrap_inline83725:7.57185pt::7.57185pt::7.14545pt.
[116


]
l2hSize :tex2html_wrap_inline83732:7.57185pt::7.57185pt::5.0999pt.
[117


]
l2hSize :tex2html_wrap_inline83797:7.07185pt::0.0pt::9.06422pt.
[118


]
File: images/core_design.eps.gz Graphic file (type eps)
<images/core_design.eps.gz>
l2hSize :tex2html_wrap83941:427.97002pt::0.0pt::349.0pt.
[119


]
l2hSize :tex2html_wrap_inline84018:7.54332pt::0.0pt::8.45587pt.
[120


]
l2hSize :tex2html_wrap_indisplay84027:10.99374pt::10.99374pt::81.42538pt.
[121


]
l2hSize :tex2html_wrap_indisplay84035:18.72697pt::18.72697pt::121.92978pt.
[122


]
l2hSize :tex2html_wrap_indisplay84055:34.9309pt::34.9309pt::59.8684pt.
[123


]
l2hSize :tex2html_wrap_indisplay84058:10.48782pt::10.48782pt::119.56186pt.
[124


]
l2hSize :tex2html_wrap_inline84063:7.48248pt::0.0pt::9.67255pt.
[125


]
l2hSize :tex2html_wrap_indisplay84071:10.48782pt::10.48782pt::183.11588pt.
[126


]
l2hSize :tex2html_wrap_inline84073:9.62923pt::9.62923pt::14.4226pt.
[127


]
l2hSize :tex2html_wrap_indisplay84077:38.2728pt::38.2728pt::191.45622pt.
[128


]
l2hSize :tex2html_wrap_inline84090:7.57185pt::7.57185pt::12.69121pt.
[129


]
l2hSize :tex2html_wrap_indisplay84092:8.10416pt::8.10416pt::85.78421pt.
[130


]
l2hSize :tex2html_wrap_inline84103:8.10416pt::8.10416pt::10.438pt.
[131


]
l2hSize :tex2html_wrap_inline84104:8.10416pt::8.10416pt::10.438pt.
[132


]
l2hSize :tex2html_wrap_inline84105:8.10416pt::8.10416pt::10.438pt.
[133


]
l2hSize :tex2html_wrap_indisplay84119:10.26059pt::10.26059pt::88.75485pt.
[134


]
l2hSize :tex2html_wrap_inline84136:8.7125pt::8.7125pt::6.02254pt.
[135


]
l2hSize :tex2html_wrap_inline84137:8.7125pt::8.7125pt::6.02254pt.
[136


]
l2hSize :tex2html_wrap_inline84139:7.98248pt::7.98248pt::14.8115pt.
[137


]
l2hSize :tex2html_wrap_indisplay84145:10.48782pt::10.48782pt::268.02402pt.
[138


]
l2hSize :tex2html_wrap_indisplay84177:10.48782pt::10.48782pt::151.7201pt.
[139


]
l2hSize :tex2html_wrap_inline84194:7.57185pt::7.57185pt::10.47331pt.
[140


]
l2hSize :tex2html_wrap_inline84200:8.7125pt::8.7125pt::13.08234pt.
[141


]
l2hSize :tex2html_wrap_inline84221:7.60416pt::0.0pt::6.93504pt.
[142


]
l2hSize :tex2html_wrap_indisplay84243:15.47884pt::15.47884pt::226.24397pt.
[143


]
l2hSize :tex2html_wrap_inline84245:7.48248pt::0.0pt::9.06422pt.
[144


]
l2hSize :tex2html_wrap_indisplay84247:19.77519pt::19.77519pt::295.46097pt.
[145


]
l2hSize :tex2html_wrap_inline84251:8.07089pt::8.07089pt::14.70718pt.
[146


]
l2hSize :tex2html_wrap_inline84254:10.02922pt::10.02922pt::12.07399pt.
[147


]
l2hSize :tex2html_wrap_inline84260:8.10416pt::8.10416pt::10.329pt.
[148


]
l2hSize :tex2html_wrap_inline84264:7.57185pt::7.57185pt::12.2844pt.
[149


]
l2hSize :tex2html_wrap_inline84267:7.07185pt::0.0pt::11.49756pt.
[150


]
l2hSize :tex2html_wrap_inline84269:7.57089pt::0.0pt::6.61903pt.
[151


]
l2hSize :tex2html_wrap_indisplay84273:10.66058pt::10.66058pt::225.99168pt.
[152


]
l2hSize :tex2html_wrap_indisplay84275:19.02444pt::19.02444pt::290.33423pt.
[153


]
l2hSize :tex2html_wrap_indisplay84277:19.02444pt::19.02444pt::378.06291pt.

Overfull \hbox (32.27193pt too wide) in paragraph at lines 1834--1835
[]|[] 
 []

[154


]
l2hSize :tex2html_wrap_indisplay84297:8.10416pt::8.10416pt::47.98474pt.
[155


]
l2hSize :tex2html_wrap_indisplay84304:23.63748pt::23.63748pt::126.06874pt.
[156


]
l2hSize :tex2html_wrap_indisplay84306:8.10416pt::8.10416pt::44.45383pt.
[157


]
l2hSize :tex2html_wrap_indisplay84335:19.66264pt::19.66264pt::220.605pt.
[158


]
l2hSize :tex2html_wrap_inline84337:7.07185pt::0.0pt::4.99217pt.
[159


]
l2hSize :tex2html_wrap_indisplay84373:8.10416pt::8.10416pt::71.42918pt.
[160


]
l2hSize :tex2html_wrap_inline84392:8.07089pt::8.07089pt::13.04726pt.
[161


]
l2hSize :tex2html_wrap_indisplay84394:8.07089pt::8.07089pt::63.66132pt.
[162


]
l2hSize :tex2html_wrap_indisplay84400:8.10416pt::8.10416pt::93.962pt.
[163


]
l2hSize :tex2html_wrap_inline84407:8.7125pt::8.7125pt::92.76776pt.
[164


]
l2hSize :tex2html_wrap_inline84409:7.57089pt::0.0pt::9.60303pt.
[165


]
l2hSize :tex2html_wrap_indisplay84411:8.07089pt::8.07089pt::57.11705pt.
[166


]
l2hSize :tex2html_wrap_indisplay84443:8.10416pt::8.10416pt::204.88966pt.
[167


]
l2hSize :tex2html_wrap_indisplay84447:20.83809pt::20.83809pt::93.36394pt.
[168


]
l2hSize :tex2html_wrap_indisplay84453:20.83809pt::20.83809pt::159.05354pt.
[169


]
l2hSize :tex2html_wrap_inline84471:9.62923pt::9.62923pt::12.14891pt.
[170


]
l2hSize :tex2html_wrap_indisplay84478:20.83809pt::20.83809pt::59.03354pt.
[171


]
File: images/gradient.eps.gz Graphic file (type eps)
<images/gradient.eps.gz>
l2hSize :tex2html_wrap84485:338.26028pt::0.0pt::349.0pt.
[172


]
l2hSize :tex2html_wrap_inline84498:7.60416pt::0.0pt::6.96924pt.
[173


]
l2hSize :tex2html_wrap_inline84501:8.07089pt::8.07089pt::14.0519pt.
[174


]
l2hSize :tex2html_wrap_inline84506:11.1159pt::11.1159pt::11.63867pt.
[175


]
l2hSize :tex2html_wrap_inline84511:8.07089pt::8.07089pt::11.63867pt.
[176


]
l2hSize :tex2html_wrap_inline84513:8.10416pt::8.10416pt::9.06422pt.
[177


]
l2hSize :tex2html_wrap_indisplay84534:20.83809pt::20.83809pt::77.28357pt.
[178


]
l2hSize :tex2html_wrap_indisplay84542:10.17673pt::10.17673pt::79.01376pt.
[179


]
l2hSize :tex2html_wrap_inline84545:13.17632pt::13.17632pt::17.34203pt.
[180


]
l2hSize :tex2html_wrap_indisplay84562:10.17673pt::10.17673pt::79.0463pt.
[181


]
File: images/kite.eps.gz Graphic file (type eps)
<images/kite.eps.gz>
l2hSize :tex2html_wrap84581:414.5526pt::0.0pt::349.0pt.
[182


]
l2hSize :tex2html_wrap_inline84599:8.07089pt::8.07089pt::14.79225pt.
[183


]
l2hSize :tex2html_wrap_inline84603:10.02922pt::10.02922pt::12.37903pt.
[184


]
l2hSize :tex2html_wrap_inline84612:11.1159pt::11.1159pt::11.63867pt.
[185


]
l2hSize :tex2html_wrap_inline84614:10.02922pt::10.02922pt::12.37903pt.
[186


]
l2hSize :tex2html_wrap_indisplay84642:20.83809pt::20.83809pt::86.78369pt.
[187


]
File: images/dependencies.eps.gz Graphic file (type eps)
<images/dependencies.eps.gz>
l2hSize :tex2html_wrap84660:126.43867pt::0.0pt::349.0pt.
[188


]
l2hSize :tex2html_wrap_indisplay84682:18.72697pt::18.72697pt::178.27913pt.
[189


]
l2hSize :tex2html_wrap_indisplay84688:18.72697pt::18.72697pt::305.11867pt.
[190


]
l2hSize :subequations_subequations84710:72.42223pt::0.0pt::349.0pt.
[191


]
l2hSize :subequations_subequations84719:134.62643pt::0.0pt::349.0pt.
[192


]
l2hSize :tex2html_wrap_indisplay84750:18.10912pt::18.10912pt::114.59552pt.
[193


]
l2hSize :tex2html_wrap_indisplay84760:18.10912pt::18.10912pt::154.70035pt.
[194


]
l2hSize :tex2html_wrap_indisplay84762:18.10912pt::18.10912pt::158.71428pt.
[195


]
l2hSize :tex2html_wrap_indisplay84765:18.10912pt::18.10912pt::77.2089pt.
[196


]
l2hSize :tex2html_wrap_indisplay84770:17.14462pt::17.14462pt::111.08081pt.
[197


]
l2hSize :tex2html_wrap_indisplay84775:17.14462pt::17.14462pt::94.45332pt.
[198


]
l2hSize :tex2html_wrap_indisplay84780:10.17673pt::10.17673pt::90.9114pt.
[199


]
l2hSize :tex2html_wrap_indisplay84784:15.5119pt::15.5119pt::116.64755pt.
[200


]
l2hSize :tex2html_wrap_indisplay84789:17.03697pt::17.03697pt::86.58163pt.
[201


]
l2hSize :tex2html_wrap_indisplay84794:10.84941pt::10.84941pt::222.265pt.
[202


]
l2hSize :tex2html_wrap_indisplay84798:18.65572pt::18.65572pt::293.00185pt.
[203


]
l2hSize :tex2html_wrap_indisplay84804:18.65572pt::18.65572pt::325.66133pt.
[204


]
l2hSize :tex2html_wrap_indisplay84809:10.48782pt::10.48782pt::66.80672pt.
[205


]
l2hSize :tex2html_wrap_indisplay84813:17.34807pt::17.34807pt::119.90016pt.
[206


]
l2hSize :tex2html_wrap_indisplay84819:17.34807pt::17.34807pt::138.19295pt.
[207


]
l2hSize :tex2html_wrap_indisplay84824:10.84941pt::10.84941pt::311.6547pt.
[208


]
l2hSize :tex2html_wrap_indisplay84828:18.65572pt::18.65572pt::400.03494pt.

Overfull \hbox (54.24396pt too wide) in paragraph at lines 2220--2221
[]|[] 
 []

[209


]
l2hSize :multline10107:64.11108pt::0.0pt::349.0pt.
[210


]
l2hSize :tex2html_wrap_indisplay84838:10.48782pt::10.48782pt::112.25679pt.
[211


]
l2hSize :tex2html_wrap_indisplay84842:17.34807pt::17.34807pt::174.17194pt.
[212


]
l2hSize :tex2html_wrap_indisplay84848:17.34807pt::17.34807pt::210.36282pt.
[213


]
l2hSize :tex2html_wrap_indisplay84854:9.06055pt::9.06055pt::183.67151pt.
[214


]
l2hSize :tex2html_wrap_indisplay84858:16.86685pt::16.86685pt::256.42447pt.
[215


]
l2hSize :tex2html_wrap_indisplay84864:17.43553pt::17.43553pt::273.49608pt.
[216


]
l2hSize :subequations_subequations84873:71.23222pt::0.0pt::349.0pt.
[217


]
l2hSize :subequations_subequations84894:97.41745pt::0.0pt::349.0pt.
[218


]
l2hSize :subequations_subequations84901:94.21082pt::0.0pt::349.0pt.
[219


]
l2hSize :subequations_subequations84909:88.02895pt::0.0pt::349.0pt.
[220


]
l2hSize :subequations_subequations84915:88.02895pt::0.0pt::349.0pt.
[221


]
l2hSize :subequations_subequations84943:100.16765pt::0.0pt::349.0pt.
[222


]
l2hSize :subequations_subequations84953:100.16765pt::0.0pt::349.0pt.
[223


]
l2hSize :subequations_subequations84964:100.16765pt::0.0pt::349.0pt.
[224


]
l2hSize :subequations_subequations84973:100.16765pt::0.0pt::349.0pt.
[225


]
l2hSize :subequations_subequations84981:99.59311pt::0.0pt::349.0pt.
[226


]
l2hSize :subequations_subequations84992:96.96101pt::0.0pt::349.0pt.
[227


]
l2hSize :subequations_subequations85001:96.96101pt::0.0pt::349.0pt.
[228


]
l2hSize :subequations_subequations85010:93.20561pt::0.0pt::349.0pt.
[229


]
l2hSize :subequations_subequations85020:90.57352pt::0.0pt::349.0pt.
[230


]
l2hSize :subequations_subequations85027:93.20561pt::0.0pt::349.0pt.
[231


]
l2hSize :tex2html_wrap_indisplay85039:8.7125pt::8.7125pt::104.66055pt.
[232


]
l2hSize :tex2html_wrap_indisplay85041:20.83809pt::20.83809pt::124.0923pt.
[233


]
l2hSize :tex2html_wrap_indisplay85046:11.02116pt::11.02116pt::138.03113pt.
[234


]
l2hSize :tex2html_wrap_indisplay85051:11.02116pt::11.02116pt::227.36658pt.
[235


]
l2hSize :tex2html_wrap_indisplay85062:20.83809pt::20.83809pt::275.90718pt.
[236


]
l2hSize :tex2html_wrap_indisplay85064:20.83809pt::20.83809pt::389.04008pt.

Overfull \hbox (43.2491pt too wide) in paragraph at lines 2436--2437
[]|[] 
 []

[237


]
l2hSize :tex2html_wrap_inline85068:8.07089pt::8.07089pt::12.54155pt.
[238


]
Overfull \hbox (35.68283pt too wide) detected at line 2461
 []$[]  [] \OT1/cmr/m/n/10.95 = [] [] []\OML/cmm/m/it/10.95 c[][][]S[][] \OT1/c
mr/m/n/10.95 + (1 \OMS/cmsy/m/n/10.95 ^^@ \OML/cmm/m/it/10.95 S[]\OT1/cmr/m/n/1
0.95 )\OML/cmm/m/it/10.95 ^^\[][][]$ 
 []

l2hSize :multline10507:76.51991pt::0.0pt::349.0pt.
[239


]
l2hSize :tex2html_wrap_indisplay85084:20.83809pt::20.83809pt::290.96379pt.
[240


]
l2hSize :tex2html_wrap_indisplay85089:20.83809pt::20.83809pt::276.82063pt.
[241


]
l2hSize :tex2html_wrap_indisplay85095:20.83809pt::20.83809pt::251.51825pt.
[242


]
l2hSize :multline10569:187.07085pt::0.0pt::349.0pt.
[243


]
Overfull \hbox (69.23888pt too wide) detected at line 2532
 []$[]  [] \OT1/cmr/m/n/10.95 = [] [] [][][][]\OML/cmm/m/it/10.95 S[][] \OT1/cm
r/m/n/10.95 + (1 \OMS/cmsy/m/n/10.95 ^^@ \OML/cmm/m/it/10.95 S[]\OT1/cmr/m/n/10
.95 )\OML/cmm/m/it/10.95 ^^\[][][]$ 
 []

l2hSize :multline10606:76.51991pt::0.0pt::349.0pt.
[244


]
Overfull \hbox (5.55685pt too wide) detected at line 2550
 []$[]  [] \OT1/cmr/m/n/10.95 = [] [] []\OML/cmm/m/it/10.95 c[][][][] \OMS/cmsy
/m/n/10.95 ^^@ \OML/cmm/m/it/10.95 ^^\[][][]$ 
 []

l2hSize :multline10629:76.51991pt::0.0pt::349.0pt.
[245


]
l2hSize :multline10650:76.51991pt::0.0pt::349.0pt.
[246


]
l2hSize :tex2html_wrap_indisplay85137:20.83809pt::20.83809pt::338.61615pt.
[247


]
l2hSize :tex2html_wrap_indisplay85145:20.83809pt::20.83809pt::307.99298pt.
[248


]
l2hSize :tex2html_wrap_indisplay85154:20.83809pt::20.83809pt::279.82487pt.
[249


]
l2hSize :tex2html_wrap_indisplay85160:17.03697pt::17.03697pt::60.08641pt.
[250


]
l2hSize :tex2html_wrap_indisplay85168:20.83809pt::20.83809pt::233.36935pt.
[251


]
l2hSize :tex2html_wrap_indisplay85175:20.83809pt::20.83809pt::340.15712pt.
[252


]
l2hSize :multline10740:161.15207pt::0.0pt::349.0pt.
[253


]
l2hSize :tex2html_wrap_indisplay85198:20.83809pt::20.83809pt::404.0967pt.

Overfull \hbox (58.30571pt too wide) in paragraph at lines 2635--2636
[]|[] 
 []

[254


]
l2hSize :tex2html_wrap_indisplay85203:20.83809pt::20.83809pt::276.79561pt.
[255


]
l2hSize :tex2html_wrap_indisplay85208:20.83809pt::20.83809pt::335.17241pt.
[256


]
l2hSize :tex2html_wrap_indisplay85214:20.83809pt::20.83809pt::253.64677pt.
[257


]
l2hSize :tex2html_wrap_indisplay85220:20.83809pt::20.83809pt::258.19801pt.
[258


]
Overfull \hbox (38.40019pt too wide) detected at line 2698
 []$[] \OT1/cmr/m/n/10.95 + [][]\OML/cmm/m/it/10.95 ^^\[][][] \OT1/cmr/m/n/10.9
5 + [] + [][][][]\OML/cmm/m/it/10.95 :$ []  
 []

l2hSize :multline10832:269.58449pt::0.0pt::349.0pt.
[259


]
Overfull \hbox (21.51807pt too wide) detected at line 2718
 []$[] \OT1/cmr/m/n/10.95 + []\OML/cmm/m/it/10.95 ^^\[][][] \OT1/cmr/m/n/10.95 
+ [] + [][][]\OML/cmm/m/it/10.95 :$ []  
 []

l2hSize :multline10875:161.15207pt::0.0pt::349.0pt.
[260


]
Overfull \hbox (5.53183pt too wide) detected at line 2736
 []$[]  [] \OT1/cmr/m/n/10.95 = [] [] []\OML/cmm/m/it/10.95 c[][][][] \OMS/cmsy
/m/n/10.95 ^^@ \OML/cmm/m/it/10.95 ^^\[][][]$ 
 []

l2hSize :multline10902:76.51991pt::0.0pt::349.0pt.
[261


]
Overfull \hbox (74.76913pt too wide) detected at line 2754
 []$[]  [] \OT1/cmr/m/n/10.95 = \OMS/cmsy/m/n/10.95 ^^@[] [] []\OML/cmm/m/it/10
.95 c[][][]^^\[][] \OMS/cmsy/m/n/10.95 ^^@ \OML/cmm/m/it/10.95 ^^\[][][]$ 
 []

l2hSize :multline10923:76.51991pt::0.0pt::349.0pt.
[262


]
l2hSize :multline10944:76.51991pt::0.0pt::349.0pt.
[263


]
Overfull \hbox (1.45535pt too wide) detected at line 2780
 []$[]  [] \OT1/cmr/m/n/10.95 = [](\OML/cmm/m/it/10.95 S[] \OMS/cmsy/m/n/10.95 
^^@ \OML/cmm/m/it/10.95 S[]\OT1/cmr/m/n/10.95 ) [] []2\OML/cmm/m/it/10.95 c[][]
^^\[]^^\[]\OT1/cmr/m/n/10.95 (\OML/cmm/m/it/10.95 ^^\[] \OT1/cmr/m/n/10.95 + \O
ML/cmm/m/it/10.95 ^^\[]\OT1/cmr/m/n/10.95 )[]$ 
 []

l2hSize :multline10961:76.51991pt::0.0pt::349.0pt.
[264


]
l2hSize :multline10978:76.51991pt::0.0pt::349.0pt.
[265


]
l2hSize :tex2html_wrap_indisplay85284:20.83809pt::20.83809pt::307.96796pt.
[266


]
l2hSize :tex2html_wrap_indisplay85292:20.83809pt::20.83809pt::366.42888pt.

Overfull \hbox (20.6379pt too wide) in paragraph at lines 2809--2810
[]|[] 
 []

[267


]
l2hSize :tex2html_wrap_indisplay85301:20.83809pt::20.83809pt::282.9756pt.
[268


]
l2hSize :tex2html_wrap_indisplay85310:20.83809pt::20.83809pt::286.49213pt.
[269


]
l2hSize :tex2html_wrap_indisplay85323:17.03697pt::17.03697pt::71.09125pt.
[270


]
l2hSize :tex2html_wrap_indisplay85331:17.03697pt::17.03697pt::69.1636pt.
[271


]
l2hSize :tex2html_wrap_indisplay85339:20.83809pt::20.83809pt::233.33182pt.
[272


]
l2hSize :tex2html_wrap_indisplay85345:17.03697pt::17.03697pt::60.08641pt.
[273


]
l2hSize :tex2html_wrap_indisplay85353:20.83809pt::20.83809pt::236.52008pt.
[274


]
l2hSize :tex2html_wrap_indisplay85361:20.83809pt::20.83809pt::224.89925pt.
[275


]
l2hSize :tex2html_wrap_indisplay85368:20.83809pt::20.83809pt::343.30785pt.
[276


]
l2hSize :tex2html_wrap_indisplay85377:17.03697pt::17.03697pt::66.28537pt.
[277


]
l2hSize :tex2html_wrap_indisplay85384:20.83809pt::20.83809pt::346.82437pt.

Overfull \hbox (1.03339pt too wide) in paragraph at lines 2887--2888
[]|[] 
 []

[278


]
l2hSize :tex2html_wrap_indisplay85391:20.4381pt::20.4381pt::108.96927pt.
[279


]
l2hSize :subequations_subequations85400:65.40688pt::0.0pt::349.0pt.
[280


]
l2hSize :tex2html_wrap_indisplay85402:8.7125pt::8.7125pt::95.80943pt.
[281


]
l2hSize :tex2html_wrap_indisplay85404:8.7125pt::8.7125pt::68.02214pt.
[282


]
l2hSize :tex2html_wrap_indisplay85415:16.37761pt::16.37761pt::348.09822pt.

Overfull \hbox (2.30724pt too wide) in paragraph at lines 2926--2927
[]|[] 
 []

[283


]
l2hSize :tex2html_wrap_inline85417:7.57089pt::0.0pt::9.61485pt.
[284


]
l2hSize :subequations_subequations85428:157.83043pt::0.0pt::349.0pt.
[285


]
l2hSize :tex2html_wrap_indisplay85429:15.5119pt::15.5119pt::21.81868pt.
[286


]
l2hSize :tex2html_wrap_indisplay85430:14.9644pt::14.9644pt::12.01485pt.
[287


]
l2hSize :tex2html_wrap_indisplay85431:19.66264pt::19.66264pt::6.93504pt.
[288


]
l2hSize :tex2html_wrap_indisplay85432:16.37761pt::16.37761pt::194.13358pt.
[289


]
l2hSize :tex2html_wrap_indisplay85433:16.37761pt::16.37761pt::194.60587pt.
[290


]
l2hSize :tex2html_wrap_indisplay85434:16.37761pt::16.37761pt::191.05516pt.
[291


]
l2hSize :tex2html_wrap_indisplay85435:19.66264pt::19.66264pt::9.97672pt.
[292


]
l2hSize :subequations_subequations85442:147.25685pt::0.0pt::349.0pt.
[293


]
l2hSize :subequations_subequations85449:147.25685pt::0.0pt::349.0pt.
[294


]
l2hSize :subequations_subequations85456:147.25685pt::0.0pt::349.0pt.
[295


]
l2hSize :tex2html_wrap_indisplay85458:16.37761pt::16.37761pt::381.11674pt.

Overfull \hbox (35.32576pt too wide) in paragraph at lines 3014--3015
[]|[] 
 []

[296


]
l2hSize :subequations_subequations85470:126.03667pt::0.0pt::349.0pt.
[297


]
l2hSize :subequations_subequations85472:102.56903pt::0.0pt::349.0pt.
[298


]
l2hSize :subequations_subequations85474:102.50829pt::0.0pt::349.0pt.
[299


]
l2hSize :subequations_subequations85476:102.56903pt::0.0pt::349.0pt.
[300


]
l2hSize :subequations_subequations85478:126.03667pt::0.0pt::349.0pt.
[301


]
l2hSize :tex2html_wrap_indisplay85479:17.03697pt::17.03697pt::49.60272pt.
[302


]
l2hSize :tex2html_wrap_indisplay85482:19.66264pt::19.66264pt::195.26334pt.
[303


]
l2hSize :tex2html_wrap_indisplay85483:10.17673pt::10.17673pt::10.57866pt.
[304


]
l2hSize :tex2html_wrap_indisplay85484:17.03697pt::17.03697pt::9.80797pt.
[305


]
l2hSize :tex2html_wrap_indisplay85485:8.10416pt::8.10416pt::10.2059pt.
[306


]
l2hSize :tex2html_wrap_indisplay85486:17.03697pt::17.03697pt::49.60272pt.
[307


]
l2hSize :tex2html_wrap_indisplay85487:15.5119pt::15.5119pt::21.81868pt.
[308


]
l2hSize :tex2html_wrap_indisplay85488:15.5119pt::15.5119pt::22.82332pt.
[309


]
l2hSize :tex2html_wrap_indisplay85489:17.03697pt::17.03697pt::9.80797pt.
[310


]
l2hSize :tex2html_wrap_indisplay85490:10.17673pt::10.17673pt::10.57866pt.
[311


]
l2hSize :tex2html_wrap_indisplay85491:17.09772pt::17.09772pt::9.80797pt.
[312


]
l2hSize :tex2html_wrap_indisplay85492:8.10416pt::8.10416pt::10.40266pt.
[313


]
l2hSize :tex2html_wrap_indisplay85493:17.09772pt::17.09772pt::49.60272pt.
[314


]
l2hSize :tex2html_wrap_indisplay85494:15.57265pt::15.57265pt::21.81868pt.
[315


]
l2hSize :tex2html_wrap_indisplay85495:15.57265pt::15.57265pt::22.82332pt.
[316


]
l2hSize :tex2html_wrap_indisplay85496:17.09772pt::17.09772pt::9.80797pt.
[317


]
l2hSize :tex2html_wrap_indisplay85499:16.37761pt::16.37761pt::9.80797pt.
[318


]
l2hSize :tex2html_wrap_indisplay85504:16.37761pt::16.37761pt::9.80797pt.
[319


]
l2hSize :tex2html_wrap_indisplay85505:19.66264pt::19.66264pt::9.21631pt.
[320


]
l2hSize :tex2html_wrap_indisplay85506:19.66264pt::19.66264pt::194.84674pt.
[321


]
l2hSize :tex2html_wrap_indisplay85507:10.17673pt::10.17673pt::10.69896pt.
[322


]
l2hSize :tex2html_wrap_indisplay85515:17.03697pt::17.03697pt::9.80797pt.
[323


]
l2hSize :tex2html_wrap_indisplay85516:8.10416pt::8.10416pt::10.69896pt.
[324


]
l2hSize :tex2html_wrap_indisplay85517:17.03697pt::17.03697pt::49.60272pt.
[325


]
l2hSize :tex2html_wrap_indisplay85518:15.5119pt::15.5119pt::21.81868pt.
[326


]
l2hSize :tex2html_wrap_indisplay85519:15.5119pt::15.5119pt::22.82332pt.
[327


]
l2hSize :tex2html_wrap_indisplay85520:17.03697pt::17.03697pt::9.80797pt.
[328


]
l2hSize :tex2html_wrap_indisplay85523:16.37761pt::16.37761pt::9.80797pt.
[329


]
l2hSize :tex2html_wrap_indisplay85528:16.37761pt::16.37761pt::9.80797pt.
[330


]
l2hSize :tex2html_wrap_indisplay85530:19.66264pt::19.66264pt::9.21631pt.
[331


]
l2hSize :tex2html_wrap_indisplay85552:19.66264pt::19.66264pt::179.27902pt.
[332


]
l2hSize :subequations_subequations85563:154.8822pt::0.0pt::349.0pt.
[333


]
l2hSize :subequations_subequations85573:154.8822pt::0.0pt::349.0pt.
[334


]
l2hSize :subequations_subequations85580:154.8822pt::0.0pt::349.0pt.
[335


]
l2hSize :tex2html_wrap_indisplay85581:17.03697pt::17.03697pt::49.82622pt.
[336


]
l2hSize :tex2html_wrap_indisplay85582:14.9644pt::14.9644pt::16.76491pt.
[337


]
l2hSize :tex2html_wrap_indisplay85586:16.37761pt::16.37761pt::204.73274pt.
[338


]
l2hSize :subequations_subequations85595:159.26903pt::0.0pt::349.0pt.
[339


]
l2hSize :subequations_subequations85605:154.8822pt::0.0pt::349.0pt.
[340


]
l2hSize :subequations_subequations85615:154.8822pt::0.0pt::349.0pt.
[341


]
l2hSize :subequations_subequations85623:159.26903pt::0.0pt::349.0pt.
[342


]
l2hSize :subequations_subequations85633:154.8822pt::0.0pt::349.0pt.
[343


]
l2hSize :subequations_subequations85641:159.64336pt::0.0pt::349.0pt.
[344


]
l2hSize :tex2html_wrap_indisplay85642:17.03697pt::17.03697pt::23.22507pt.
[345


]
l2hSize :tex2html_wrap_indisplay85643:14.9644pt::14.9644pt::16.76491pt.
[346


]
l2hSize :tex2html_wrap_indisplay85644:16.37761pt::16.37761pt::6.32672pt.
[347


]
l2hSize :tex2html_wrap_indisplay85645:10.17673pt::10.17673pt::130.99031pt.
[348


]
l2hSize :tex2html_wrap_indisplay85646:10.17673pt::10.17673pt::130.99031pt.
[349


]
l2hSize :tex2html_wrap_indisplay85647:10.17673pt::10.17673pt::122.1795pt.
[350


]
l2hSize :tex2html_wrap_indisplay85648:16.37761pt::16.37761pt::9.3684pt.
[351


]
l2hSize :subequations_subequations85655:98.13622pt::0.0pt::349.0pt.
[352


]
l2hSize :subequations_subequations85666:147.25685pt::0.0pt::349.0pt.
[353


]
l2hSize :subequations_subequations85673:147.25685pt::0.0pt::349.0pt.
[354


]
l2hSize :subequations_subequations85680:147.25685pt::0.0pt::349.0pt.
[355


]
Overfull \hbox (10.87451pt too wide) in paragraph at lines 3413--3413
[] 
 []

l2hSize :subequations_subequations85690:217.66899pt::0.0pt::349.0pt.
[356


]
l2hSize :subequations_subequations85700:154.8822pt::0.0pt::349.0pt.
[357


]
l2hSize :subequations_subequations85718:159.26903pt::0.0pt::349.0pt.
[358


]
Overfull \hbox (52.936pt too wide) in paragraph at lines 3438--3438
[] 
 []

l2hSize :subequations_subequations85728:213.28217pt::0.0pt::349.0pt.
[359


]
l2hSize :subequations_subequations85736:191.87135pt::0.0pt::349.0pt.
[360


]
l2hSize :tex2html_wrap_indisplay85743:20.4381pt::20.4381pt::108.96927pt.
[361


]
l2hSize :tex2html_wrap_indisplay85751:11.56882pt::11.56882pt::69.57611pt.
[362


]
l2hSize :tex2html_wrap_indisplay85753:8.7125pt::8.7125pt::77.26521pt.
[363


]
l2hSize :tex2html_wrap_indisplay85755:8.7125pt::8.7125pt::55.03023pt.
[364


]
l2hSize :subequations_subequations85771:90.92577pt::0.0pt::349.0pt.
[365


]
l2hSize :subequations_subequations85783:143.96762pt::0.0pt::349.0pt.
[366


]
l2hSize :subequations_subequations85790:62.6227pt::0.0pt::349.0pt.
[367


]
l2hSize :subequations_subequations85799:90.92577pt::0.0pt::349.0pt.
[368


]
l2hSize :subequations_subequations85806:90.92577pt::0.0pt::349.0pt.
[369


]
l2hSize :subequations_subequations85816:98.13307pt::0.0pt::349.0pt.
[370


]
l2hSize :subequations_subequations85826:95.50098pt::0.0pt::349.0pt.
[371


]
l2hSize :subequations_subequations85834:98.13307pt::0.0pt::349.0pt.
[372


]
l2hSize :tex2html_wrap_indisplay85840:8.7125pt::8.7125pt::30.02794pt.
[373


]
l2hSize :tex2html_wrap_indisplay85841:14.9644pt::14.9644pt::48.18712pt.
[374


]
l2hSize :tex2html_wrap_indisplay85842:20.4381pt::20.4381pt::71.89752pt.
[375


]
l2hSize :tex2html_wrap_indisplay85850:8.7125pt::8.7125pt::51.05035pt.
[376


]
l2hSize :tex2html_wrap_indisplay85855:8.7125pt::8.7125pt::37.16988pt.
[377


]
l2hSize :tex2html_wrap_indisplay85859:7.57185pt::7.57185pt::33.15286pt.
[378


]
l2hSize :tex2html_wrap_indisplay85867:15.5119pt::15.5119pt::45.29128pt.
[379


]
l2hSize :tex2html_wrap_indisplay85876:17.03697pt::17.03697pt::50.04134pt.
[380


]
l2hSize :tex2html_wrap_indisplay85882:7.57185pt::7.57185pt::40.53146pt.
[381


]
l2hSize :tex2html_wrap_indisplay85890:15.5119pt::15.5119pt::45.29128pt.
[382


]
l2hSize :tex2html_wrap_indisplay85899:17.03697pt::17.03697pt::50.04134pt.
[383


]
l2hSize :tex2html_wrap_indisplay85905:11.56882pt::11.56882pt::66.78058pt.
[384


]
l2hSize :tex2html_wrap_inline85911:10.98041pt::0.0pt::20.47041pt.
[385


]
l2hSize :tex2html_wrap_inline85913:11.56882pt::11.56882pt::13.04726pt.
[386


]
l2hSize :subequations_subequations85922:140.82906pt::0.0pt::349.0pt.
[387


]
l2hSize :tex2html_wrap_inline85926:8.10416pt::8.10416pt::8.80814pt.
[388


]
l2hSize :tex2html_wrap_indisplay85930:18.97656pt::18.97656pt::231.22684pt.
[389


]
l2hSize :tex2html_wrap_indisplay85934:18.97656pt::18.97656pt::82.66357pt.
[390


]
l2hSize :tex2html_wrap_inline85938:11.56882pt::11.56882pt::14.93808pt.
[391


]
l2hSize :subequations_subequations85941:140.82906pt::0.0pt::349.0pt.
[392


]
l2hSize :tex2html_wrap_inline85945:11.56882pt::11.56882pt::14.64178pt.
[393


]
l2hSize :subequations_subequations85948:140.82906pt::0.0pt::349.0pt.
[394


]
l2hSize :tex2html_wrap_inline85952:11.56882pt::11.56882pt::14.44502pt.
[395


]
l2hSize :subequations_subequations85955:140.82906pt::0.0pt::349.0pt.
[396


]
l2hSize :tex2html_wrap_indisplay85965:18.97656pt::18.97656pt::262.17245pt.
[397


]
l2hSize :subequations_subequations85972:275.22897pt::0.0pt::349.0pt.
[398


]
l2hSize :subequations_subequations85979:275.22897pt::0.0pt::349.0pt.
[399


]
l2hSize :subequations_subequations85986:275.22897pt::0.0pt::349.0pt.
[400


]
l2hSize :tex2html_wrap_indisplay85992:11.56882pt::11.56882pt::69.1177pt.
[401


]
l2hSize :tex2html_wrap_inline85996:11.56882pt::11.56882pt::13.98662pt.
[402


]
l2hSize :tex2html_wrap_indisplay86002:23.63748pt::23.63748pt::98.1646pt.
[403


]
l2hSize :tex2html_wrap_indisplay86008:18.98175pt::18.98175pt::231.08128pt.
[404


]
l2hSize :tex2html_wrap_indisplay86010:18.98175pt::18.98175pt::81.64394pt.
[405


]
l2hSize :subequations_subequations86017:96.02908pt::0.0pt::349.0pt.
[406


]
l2hSize :tex2html_wrap_inline86021:8.10416pt::8.10416pt::10.2059pt.
[407


]
l2hSize :tex2html_wrap_indisplay86027:18.98175pt::18.98175pt::257.87683pt.
[408


]
l2hSize :subequations_subequations86034:140.82906pt::0.0pt::349.0pt.
[409


]
File: /data/relax/tags/3.0.0/graphics/relax_icons/128x128/align_tensor.eps.gz G
raphic file (type eps)
</data/relax/tags/3.0.0/graphics/relax_icons/128x128/align_tensor.eps.gz>
l2hSize :tex2html_wrap86056:18.06749pt::0.0pt::349.0pt.
[410


]
File: /data/relax/tags/3.0.0/graphics/oxygen_icons/128x128/actions/list-add.eps
.gz Graphic file (type eps)

</data/relax/tags/3.0.0/graphics/oxygen_icons/128x128/actions/list-add.eps.gz>
l2hSize :tex2html_wrap86057:18.06749pt::0.0pt::349.0pt.
[411


]
File: /data/relax/tags/3.0.0/graphics/oxygen_icons/128x128/actions/list-remove.
eps.gz Graphic file (type eps)

</data/relax/tags/3.0.0/graphics/oxygen_icons/128x128/actions/list-remove.eps.g
z>
l2hSize :tex2html_wrap86075:18.06749pt::0.0pt::349.0pt.
[412


]
File: /data/relax/tags/3.0.0/graphics/oxygen_icons/128x128/actions/document-pre
view.eps.gz Graphic file (type eps)

</data/relax/tags/3.0.0/graphics/oxygen_icons/128x128/actions/document-preview.
eps.gz>
l2hSize :tex2html_wrap86086:18.06749pt::0.0pt::349.0pt.
[413


]
File: /data/relax/tags/3.0.0/graphics/oxygen_icons/128x128/status/object-locked
.eps.gz Graphic file (type eps)

</data/relax/tags/3.0.0/graphics/oxygen_icons/128x128/status/object-locked.eps.
gz>
l2hSize :tex2html_wrap86106:18.06749pt::0.0pt::349.0pt.
[414


]
File: /data/relax/tags/3.0.0/graphics/oxygen_icons/128x128/categories/applicati
ons-education.eps.gz Graphic file (type eps)

</data/relax/tags/3.0.0/graphics/oxygen_icons/128x128/categories/applications-e
ducation.eps.gz>
l2hSize :tex2html_wrap86139:18.06749pt::0.0pt::349.0pt.
[415


]
File: /data/relax/tags/3.0.0/graphics/oxygen_icons/128x128/actions/edit-select.
eps.gz Graphic file (type eps)

</data/relax/tags/3.0.0/graphics/oxygen_icons/128x128/actions/edit-select.eps.g
z>
l2hSize :tex2html_wrap86159:18.06749pt::0.0pt::349.0pt.
[416


]
File: /data/relax/tags/3.0.0/graphics/relax_icons/128x128/bmrb.eps.gz Graphic f
ile (type eps)
</data/relax/tags/3.0.0/graphics/relax_icons/128x128/bmrb.eps.gz>
l2hSize :tex2html_wrap86194:18.06749pt::0.0pt::349.0pt.
[417


]
File: /data/relax/tags/3.0.0/graphics/oxygen_icons/128x128/actions/documentatio
n.eps.gz Graphic file (type eps)

</data/relax/tags/3.0.0/graphics/oxygen_icons/128x128/actions/documentation.eps
.gz>
l2hSize :tex2html_wrap86195:18.06749pt::0.0pt::349.0pt.
[418


]
File: /data/relax/tags/3.0.0/graphics/oxygen_icons/128x128/actions/document-ope
n.eps.gz Graphic file (type eps)

</data/relax/tags/3.0.0/graphics/oxygen_icons/128x128/actions/document-open.eps
.gz>
l2hSize :tex2html_wrap86247:18.06749pt::0.0pt::349.0pt.
[419


]
File: /data/relax/tags/3.0.0/graphics/oxygen_icons/128x128/mimetypes/applicatio
n-x-desktop.eps.gz Graphic file (type eps)

</data/relax/tags/3.0.0/graphics/oxygen_icons/128x128/mimetypes/application-x-d
esktop.eps.gz>
l2hSize :tex2html_wrap86265:18.06749pt::0.0pt::349.0pt.
[420


]
File: /data/relax/tags/3.0.0/graphics/oxygen_icons/128x128/apps/utilities-termi
nal.eps.gz Graphic file (type eps)

</data/relax/tags/3.0.0/graphics/oxygen_icons/128x128/apps/utilities-terminal.e
ps.gz>
l2hSize :tex2html_wrap86323:18.06749pt::0.0pt::349.0pt.
[421


]
File: /data/relax/tags/3.0.0/graphics/oxygen_icons/128x128/actions/document-sav
e.eps.gz Graphic file (type eps)

</data/relax/tags/3.0.0/graphics/oxygen_icons/128x128/actions/document-save.eps
.gz>
l2hSize :tex2html_wrap86403:18.06749pt::0.0pt::349.0pt.
[422


]
File: /data/relax/tags/3.0.0/graphics/relax_icons/128x128/bruker.eps.gz Graphic
 file (type eps)
</data/relax/tags/3.0.0/graphics/relax_icons/128x128/bruker.eps.gz>
l2hSize :tex2html_wrap86415:18.06749pt::0.0pt::349.0pt.
[423


]
File: /data/relax/tags/3.0.0/graphics/relax_icons/128x128/minimise.eps.gz Graph
ic file (type eps)
</data/relax/tags/3.0.0/graphics/relax_icons/128x128/minimise.eps.gz>
l2hSize :tex2html_wrap86431:18.06749pt::0.0pt::349.0pt.
[424


]
File: /data/relax/tags/3.0.0/graphics/relax_icons/128x128/consistency_testing.e
ps.gz Graphic file (type eps)

</data/relax/tags/3.0.0/graphics/relax_icons/128x128/consistency_testing.eps.gz
>
l2hSize :tex2html_wrap86440:18.06749pt::0.0pt::349.0pt.
[425


]
File: /data/relax/tags/3.0.0/graphics/relax_icons/128x128/frq.eps.gz Graphic fi
le (type eps)
</data/relax/tags/3.0.0/graphics/relax_icons/128x128/frq.eps.gz>
l2hSize :tex2html_wrap86441:18.06749pt::0.0pt::349.0pt.
[426


]
File: /data/relax/tags/3.0.0/graphics/oxygen_icons/128x128/actions/list-add-rel
ax-blue.eps.gz Graphic file (type eps)

</data/relax/tags/3.0.0/graphics/oxygen_icons/128x128/actions/list-add-relax-bl
ue.eps.gz>
l2hSize :tex2html_wrap86459:18.06749pt::0.0pt::349.0pt.
[427


]
File: /data/relax/tags/3.0.0/graphics/oxygen_icons/128x128/actions/archive-extr
act.eps.gz Graphic file (type eps)

</data/relax/tags/3.0.0/graphics/oxygen_icons/128x128/actions/archive-extract.e
ps.gz>
l2hSize :tex2html_wrap86501:18.06749pt::0.0pt::349.0pt.
[428


]
File: /data/relax/tags/3.0.0/graphics/relax_icons/128x128/spin_grey.eps.gz Grap
hic file (type eps)
</data/relax/tags/3.0.0/graphics/relax_icons/128x128/spin_grey.eps.gz>
l2hSize :tex2html_wrap86512:18.06749pt::0.0pt::349.0pt.
[429


]
File: /data/relax/tags/3.0.0/graphics/oxygen_icons/128x128/actions/system-switc
h-user.eps.gz Graphic file (type eps)

</data/relax/tags/3.0.0/graphics/oxygen_icons/128x128/actions/system-switch-use
r.eps.gz>
l2hSize :tex2html_wrap86659:18.06749pt::0.0pt::349.0pt.
[430


]
File: /data/relax/tags/3.0.0/graphics/relax_icons/128x128/diff_tensor.eps.gz Gr
aphic file (type eps)
</data/relax/tags/3.0.0/graphics/relax_icons/128x128/diff_tensor.eps.gz>
l2hSize :tex2html_wrap86677:18.06749pt::0.0pt::349.0pt.
[431


]
l2hSize :tex2html_wrap_inline86904:7.57185pt::7.57185pt::9.06422pt.
[432


]
l2hSize :tex2html_wrap_inline86940:7.57185pt::7.57185pt::9.06422pt.
[433


]
l2hSize :tex2html_wrap_inline86989:8.10416pt::8.10416pt::10.40266pt.
[434


]
l2hSize :tex2html_wrap_inline86993:8.10416pt::8.10416pt::10.69896pt.
[435


]
File: /data/relax/tags/3.0.0/graphics/relax_icons/128x128/opendx.eps.gz Graphic
 file (type eps)
</data/relax/tags/3.0.0/graphics/relax_icons/128x128/opendx.eps.gz>
l2hSize :tex2html_wrap87350:18.06749pt::0.0pt::349.0pt.
[436


]
File: /data/relax/tags/3.0.0/graphics/relax_icons/128x128/grid_search.eps.gz Gr
aphic file (type eps)
</data/relax/tags/3.0.0/graphics/relax_icons/128x128/grid_search.eps.gz>
l2hSize :tex2html_wrap87371:18.06749pt::0.0pt::349.0pt.
[437


]
File: /data/relax/tags/3.0.0/graphics/oxygen_icons/128x128/actions/edit-delete.
eps.gz Graphic file (type eps)

</data/relax/tags/3.0.0/graphics/oxygen_icons/128x128/actions/edit-delete.eps.g
z>
l2hSize :tex2html_wrap87571:18.06749pt::0.0pt::349.0pt.
[438


]
File: /data/relax/tags/3.0.0/graphics/relax_icons/128x128/frame_order.eps.gz Gr
aphic file (type eps)
</data/relax/tags/3.0.0/graphics/relax_icons/128x128/frame_order.eps.gz>
l2hSize :tex2html_wrap87630:18.06749pt::0.0pt::349.0pt.
[439


]
File: /data/relax/tags/3.0.0/graphics/oxygen_icons/128x128/actions/edit-rename.
eps.gz Graphic file (type eps)

</data/relax/tags/3.0.0/graphics/oxygen_icons/128x128/actions/edit-rename.eps.g
z>
l2hSize :tex2html_wrap87651:18.06749pt::0.0pt::349.0pt.
[440


]
File: /data/relax/tags/3.0.0/graphics/relax_icons/128x128/grace_icon.eps.gz Gra
phic file (type eps)
</data/relax/tags/3.0.0/graphics/relax_icons/128x128/grace_icon.eps.gz>
l2hSize :tex2html_wrap87779:18.06749pt::0.0pt::349.0pt.
[441


]
l2hSize :tex2html_wrap_inline87923:7.57185pt::7.57185pt::15.47878pt.
[442


]
l2hSize :tex2html_wrap_inline87925:7.57185pt::7.57185pt::15.4621pt.
[443


]
File: /data/relax/tags/3.0.0/graphics/relax_icons/128x128/dipole_pair.eps.gz Gr
aphic file (type eps)
</data/relax/tags/3.0.0/graphics/relax_icons/128x128/dipole_pair.eps.gz>
l2hSize :tex2html_wrap88000:18.06749pt::0.0pt::349.0pt.
[444


]
File: /data/relax/tags/3.0.0/graphics/relax_icons/128x128/j_coupling.eps.gz Gra
phic file (type eps)
</data/relax/tags/3.0.0/graphics/relax_icons/128x128/j_coupling.eps.gz>
l2hSize :tex2html_wrap88067:18.06749pt::0.0pt::349.0pt.
[445


]
File: /data/relax/tags/3.0.0/graphics/relax_icons/128x128/jw_mapping.eps.gz Gra
phic file (type eps)
</data/relax/tags/3.0.0/graphics/relax_icons/128x128/jw_mapping.eps.gz>
l2hSize :tex2html_wrap88126:18.06749pt::0.0pt::349.0pt.
[446


]
File: /data/relax/tags/3.0.0/graphics/relax_icons/128x128/model-free.eps.gz Gra
phic file (type eps)
</data/relax/tags/3.0.0/graphics/relax_icons/128x128/model-free.eps.gz>
l2hSize :tex2html_wrap88345:18.06749pt::0.0pt::349.0pt.
[447


]
File: /data/relax/tags/3.0.0/graphics/relax_icons/128x128/discrepancy_curve.eps
.gz Graphic file (type eps)

</data/relax/tags/3.0.0/graphics/relax_icons/128x128/discrepancy_curve.eps.gz>
l2hSize :tex2html_wrap88916:18.06749pt::0.0pt::349.0pt.
[448


]
File: /data/relax/tags/3.0.0/graphics/relax_icons/128x128/molecule.eps.gz Graph
ic file (type eps)
</data/relax/tags/3.0.0/graphics/relax_icons/128x128/molecule.eps.gz>
l2hSize :tex2html_wrap88948:18.06749pt::0.0pt::349.0pt.
[449


]
File: /data/relax/tags/3.0.0/graphics/relax_icons/128x128/molmol.eps.gz Graphic
 file (type eps)
</data/relax/tags/3.0.0/graphics/relax_icons/128x128/molmol.eps.gz>
l2hSize :tex2html_wrap89111:18.06749pt::0.0pt::349.0pt.
[450


]
Underfull \hbox (badness 1389) in paragraph at lines 4632--4632
[]|\OT1/cmr/m/n/8 The stan-dard model-free or-der pa-ram-e-ter,
 []

l2hSize :tablestar21154:597.971pt::0.0pt::349.0pt.
[451


]
File: /data/relax/tags/3.0.0/graphics/oxygen_icons/128x128/actions/roll-relax-b
lue.eps.gz Graphic file (type eps)

</data/relax/tags/3.0.0/graphics/oxygen_icons/128x128/actions/roll-relax-blue.e
ps.gz>
l2hSize :tex2html_wrap91700:18.06749pt::0.0pt::349.0pt.
[452


]
File: /data/relax/tags/3.0.0/graphics/oxygen_icons/128x128/actions/dialog-cance
l.eps.gz Graphic file (type eps)

</data/relax/tags/3.0.0/graphics/oxygen_icons/128x128/actions/dialog-cancel.eps
.gz>
l2hSize :tex2html_wrap91808:18.06749pt::0.0pt::349.0pt.
[453


]
File: /data/relax/tags/3.0.0/graphics/oxygen_icons/128x128/actions/dialog-ok.ep
s.gz Graphic file (type eps)

</data/relax/tags/3.0.0/graphics/oxygen_icons/128x128/actions/dialog-ok.eps.gz>
l2hSize :tex2html_wrap91840:18.06749pt::0.0pt::349.0pt.
[454


]
File: /data/relax/tags/3.0.0/graphics/oxygen_icons/128x128/actions/document-edi
t.eps.gz Graphic file (type eps)

</data/relax/tags/3.0.0/graphics/oxygen_icons/128x128/actions/document-edit.eps
.gz>
l2hSize :tex2html_wrap91872:18.06749pt::0.0pt::349.0pt.
[455


]
File: /data/relax/tags/3.0.0/graphics/relax_icons/128x128/n_state_model.eps.gz 
Graphic file (type eps)
</data/relax/tags/3.0.0/graphics/relax_icons/128x128/n_state_model.eps.gz>
l2hSize :tex2html_wrap91904:18.06749pt::0.0pt::349.0pt.
[456


]
File: /data/relax/tags/3.0.0/graphics/relax_icons/128x128/noe.eps.gz Graphic fi
le (type eps)
</data/relax/tags/3.0.0/graphics/relax_icons/128x128/noe.eps.gz>
l2hSize :tex2html_wrap91989:18.06749pt::0.0pt::349.0pt.
[457


]
File: /data/relax/tags/3.0.0/graphics/relax_icons/128x128/modelfree4.eps.gz Gra
phic file (type eps)
</data/relax/tags/3.0.0/graphics/relax_icons/128x128/modelfree4.eps.gz>
l2hSize :tex2html_wrap92016:18.06749pt::0.0pt::349.0pt.
[458


]
File: /data/relax/tags/3.0.0/graphics/relax_icons/128x128/pipe.eps.gz Graphic f
ile (type eps)
</data/relax/tags/3.0.0/graphics/relax_icons/128x128/pipe.eps.gz>
l2hSize :tex2html_wrap92235:18.06749pt::0.0pt::349.0pt.
[459


]
File: /data/relax/tags/3.0.0/graphics/relax_icons/128x128/pipe_bundle.eps.gz Gr
aphic file (type eps)
</data/relax/tags/3.0.0/graphics/relax_icons/128x128/pipe_bundle.eps.gz>
l2hSize :tex2html_wrap92236:18.06749pt::0.0pt::349.0pt.
[460


]
File: /data/relax/tags/3.0.0/graphics/relax_icons/128x128/pipe_hybrid.eps.gz Gr
aphic file (type eps)
</data/relax/tags/3.0.0/graphics/relax_icons/128x128/pipe_hybrid.eps.gz>
l2hSize :tex2html_wrap92329:18.06749pt::0.0pt::349.0pt.
[461


]
File: /data/relax/tags/3.0.0/graphics/relax_icons/128x128/pymol_icon.eps.gz Gra
phic file (type eps)
</data/relax/tags/3.0.0/graphics/relax_icons/128x128/pymol_icon.eps.gz>
l2hSize :tex2html_wrap92351:18.06749pt::0.0pt::349.0pt.
[462


]
File: /data/relax/tags/3.0.0/graphics/relax_icons/128x128/fid.eps.gz Graphic fi
le (type eps)
</data/relax/tags/3.0.0/graphics/relax_icons/128x128/fid.eps.gz>
l2hSize :tex2html_wrap92673:18.06749pt::0.0pt::349.0pt.
[463


]
File: /data/relax/tags/3.0.0/graphics/oxygen_icons/128x128/status/weather-clear
.eps.gz Graphic file (type eps)

</data/relax/tags/3.0.0/graphics/oxygen_icons/128x128/status/weather-clear.eps.
gz>
l2hSize :tex2html_wrap92782:18.06749pt::0.0pt::349.0pt.
[464


]
File: /data/relax/tags/3.0.0/graphics/relax_icons/128x128/relax_fit.eps.gz Grap
hic file (type eps)
</data/relax/tags/3.0.0/graphics/relax_icons/128x128/relax_fit.eps.gz>
l2hSize :tex2html_wrap92854:18.06749pt::0.0pt::349.0pt.
[465


]
File: /data/relax/tags/3.0.0/graphics/oxygen_icons/128x128/actions/chronometer.
eps.gz Graphic file (type eps)

</data/relax/tags/3.0.0/graphics/oxygen_icons/128x128/actions/chronometer.eps.g
z>
l2hSize :tex2html_wrap92855:18.06749pt::0.0pt::349.0pt.
[466


]
File: /data/relax/tags/3.0.0/graphics/oxygen_icons/128x128/actions/dialog-close
.eps.gz Graphic file (type eps)

</data/relax/tags/3.0.0/graphics/oxygen_icons/128x128/actions/dialog-close.eps.
gz>
l2hSize :tex2html_wrap92879:18.06749pt::0.0pt::349.0pt.
[467


]
File: /data/relax/tags/3.0.0/graphics/relax_icons/128x128/residue.eps.gz Graphi
c file (type eps)
</data/relax/tags/3.0.0/graphics/relax_icons/128x128/residue.eps.gz>
l2hSize :tex2html_wrap92885:18.06749pt::0.0pt::349.0pt.
[468


]
File: /data/relax/tags/3.0.0/graphics/relax_icons/128x128/relax.eps.gz Graphic 
file (type eps)
</data/relax/tags/3.0.0/graphics/relax_icons/128x128/relax.eps.gz>
l2hSize :tex2html_wrap92989:18.06749pt::0.0pt::349.0pt.
[469


]
File: /data/relax/tags/3.0.0/graphics/relax_icons/128x128/spin.eps.gz Graphic f
ile (type eps)
</data/relax/tags/3.0.0/graphics/relax_icons/128x128/spin.eps.gz>
l2hSize :tex2html_wrap93054:18.06749pt::0.0pt::349.0pt.
[470


]
File: /data/relax/tags/3.0.0/graphics/relax_icons/128x128/sequence.eps.gz Graph
ic file (type eps)
</data/relax/tags/3.0.0/graphics/relax_icons/128x128/sequence.eps.gz>
l2hSize :tex2html_wrap93117:18.06749pt::0.0pt::349.0pt.
[471


]
File: /data/relax/tags/3.0.0/graphics/relax_icons/128x128/spectrometer.eps.gz G
raphic file (type eps)
</data/relax/tags/3.0.0/graphics/relax_icons/128x128/spectrometer.eps.gz>
l2hSize :tex2html_wrap93212:18.06749pt::0.0pt::349.0pt.
[472


]
File: /data/relax/tags/3.0.0/graphics/relax_icons/128x128/nuclear_symbol.eps.gz
 Graphic file (type eps)
</data/relax/tags/3.0.0/graphics/relax_icons/128x128/nuclear_symbol.eps.gz>
l2hSize :tex2html_wrap93466:18.06749pt::0.0pt::349.0pt.
[473


]
File: /data/relax/tags/3.0.0/graphics/relax_icons/128x128/structure.eps.gz Grap
hic file (type eps)
</data/relax/tags/3.0.0/graphics/relax_icons/128x128/structure.eps.gz>
l2hSize :tex2html_wrap93560:18.06749pt::0.0pt::349.0pt.
[474


]
File: /data/relax/tags/3.0.0/graphics/oxygen_icons/128x128/actions/help-about.e
ps.gz Graphic file (type eps)

</data/relax/tags/3.0.0/graphics/oxygen_icons/128x128/actions/help-about.eps.gz
>
l2hSize :tex2html_wrap93969:18.06749pt::0.0pt::349.0pt.
[475


]
File: /data/relax/tags/3.0.0/graphics/relax_icons/128x128/value.eps.gz Graphic 
file (type eps)
</data/relax/tags/3.0.0/graphics/relax_icons/128x128/value.eps.gz>
l2hSize :tex2html_wrap93979:18.06749pt::0.0pt::349.0pt.
[476


]
l2hSize :tablestar26597:175.69981pt::0.0pt::349.0pt.
[477


]

Package bibentry Warning: You have used \nobibliography* 
(bibentry)                without a following \bibliography.
(bibentry)                You may not be able to run BibTeX.

Package atveryend Info: Empty hook `BeforeClearDocument' on input line 5841.
Package atveryend Info: Empty hook `AfterLastShipout' on input line 5841.
(./images.aux)
Package atveryend Info: Empty hook `AtVeryEndDocument' on input line 5841.
Package atveryend Info: Executing hook `AtEndAfterFileList' on input line 5841.


Package rerunfilecheck Warning: File `images.out' has changed.
(rerunfilecheck)                Rerun to get outlines right
(rerunfilecheck)                or use package `bookmark'.

Package rerunfilecheck Info: Checksums for `images.out':
(rerunfilecheck)             Before: <no file>
(rerunfilecheck)             After:  D41D8CD98F00B204E9800998ECF8427E;0.
Package atveryend Info: Empty hook `AtVeryVeryEnd' on input line 5841.
 ) 
Here is how much of TeX's memory you used:
 10365 strings out of 493489
 153569 string characters out of 3146901
 314395 words of memory out of 3000000
 13349 multiletter control sequences out of 15000+200000
 9877 words of font info for 39 fonts, out of 3000000 for 9000
 965 hyphenation exceptions out of 8191
 35i,15n,72p,3664b,405s stack positions out of 5000i,500n,10000p,200000b,50000s

Output written on images.dvi (477 pages, 499020 bytes).
