This is pdfeTeX, Version 3.141592-1.21a-2.2 (Web2C 7.5.4) (format=latex 2006.6.27)  19 FEB 2007 20:20
entering extended mode
**./images.tex
(./images.tex
LaTeX2e <2003/12/01>
Babel <v3.8d> and hyphenation patterns for american, french, german, ngerman, b
ahasa, basque, bulgarian, catalan, croatian, czech, danish, dutch, esperanto, e
stonian, finnish, greek, icelandic, irish, italian, latin, magyar, norsk, polis
h, portuges, romanian, russian, serbian, slovak, slovene, spanish, swedish, tur
kish, ukrainian, nohyphenation, loaded.

(/usr/share/texmf/tex/latex/base/book.cls
Document Class: book 2004/02/16 v1.4f Standard LaTeX document class
(/usr/share/texmf/tex/latex/base/bk11.clo
File: bk11.clo 2004/02/16 v1.4f Standard LaTeX file (size option)
)
\c@part=\count79
\c@chapter=\count80
\c@section=\count81
\c@subsection=\count82
\c@subsubsection=\count83
\c@paragraph=\count84
\c@subparagraph=\count85
\c@figure=\count86
\c@table=\count87
\abovecaptionskip=\skip41
\belowcaptionskip=\skip42
\bibindent=\dimen102
) (/usr/share/texmf/tex/latex/base/ifthen.sty
Package: ifthen 2001/05/26 v1.1c Standard LaTeX ifthen package (DPC)
) (/usr/share/texmf/tex/latex/graphics/graphicx.sty
Package: graphicx 1999/02/16 v1.0f Enhanced LaTeX Graphics (DPC,SPQR)
(/usr/share/texmf/tex/latex/graphics/keyval.sty
Package: keyval 1999/03/16 v1.13 key=value parser (DPC)
\KV@toks@=\toks14
) (/usr/share/texmf/tex/latex/graphics/graphics.sty
Package: graphics 2001/07/07 v1.0n Standard LaTeX Graphics (DPC,SPQR)
(/usr/share/texmf/tex/latex/graphics/trig.sty
Package: trig 1999/03/16 v1.09 sin cos tan (DPC)
) (/usr/share/texmf/tex/latex/graphics/graphics.cfg
File: graphics.cfg 2005/02/03 v1.3 graphics configuration of teTeX/TeXLive
)
Package graphics Info: Driver file: dvips.def on input line 80.
(/usr/share/texmf/tex/latex/graphics/dvips.def
File: dvips.def 1999/02/16 v3.0i Driver-dependant file (DPC,SPQR)
))
\Gin@req@height=\dimen103
\Gin@req@width=\dimen104
) (/usr/share/texmf/tex/latex/natbib/natbib.sty
Package: natbib 2003/06/06 7.1 (PWD)
\bibhang=\skip43
\bibsep=\skip44
LaTeX Info: Redefining \cite on input line 518.
\c@NAT@ctr=\count88
) (/usr/share/texmf/tex/latex/base/makeidx.sty
Package: makeidx 2000/03/29 v1.0m Standard LaTeX package
) (/usr/share/texmf/tex/latex/booktabs/booktabs.sty
Package: booktabs 2003/03/28 v1.618 publication quality tables
\heavyrulewidth=\dimen105
\lightrulewidth=\dimen106
\cmidrulewidth=\dimen107
\belowrulesep=\dimen108
\belowbottomsep=\dimen109
\aboverulesep=\dimen110
\abovetopsep=\dimen111
\cmidrulesep=\dimen112
\cmidrulekern=\dimen113
\defaultaddspace=\dimen114
\@cmidla=\count89
\@cmidlb=\count90
\@aboverulesep=\dimen115
\@belowrulesep=\dimen116
\@thisruleclass=\count91
\@lastruleclass=\count92
\@thisrulewidth=\dimen117
) (/usr/share/texmf/tex/latex/vmargin/vmargin.sty
Package: vmargin 2004/07/15 V2.5 set document margins (VK)
Package: vmargin 2004/07/15 V2.5 set document margins (VK)
\PaperWidth=\dimen118
\PaperHeight=\dimen119
) (/usr/share/texmf/tex/latex/amsmath/amsmath.sty
Package: amsmath 2000/07/18 v2.13 AMS math features
\@mathmargin=\skip45
For additional information on amsmath, use the `?' option.
(/usr/share/texmf/tex/latex/amsmath/amstext.sty
Package: amstext 2000/06/29 v2.01
(/usr/share/texmf/tex/latex/amsmath/amsgen.sty
File: amsgen.sty 1999/11/30 v2.0
\@emptytoks=\toks15
\ex@=\dimen120
)) (/usr/share/texmf/tex/latex/amsmath/amsbsy.sty
Package: amsbsy 1999/11/29 v1.2d
\pmbraise@=\dimen121
) (/usr/share/texmf/tex/latex/amsmath/amsopn.sty
Package: amsopn 1999/12/14 v2.01 operator names
)
\inf@bad=\count93
LaTeX Info: Redefining \frac on input line 211.
\uproot@=\count94
\leftroot@=\count95
LaTeX Info: Redefining \overline on input line 307.
\classnum@=\count96
\DOTSCASE@=\count97
LaTeX Info: Redefining \ldots on input line 379.
LaTeX Info: Redefining \dots on input line 382.
LaTeX Info: Redefining \cdots on input line 467.
\Mathstrutbox@=\box26
\strutbox@=\box27
\big@size=\dimen122
LaTeX Font Info:    Redeclaring font encoding OML on input line 567.
LaTeX Font Info:    Redeclaring font encoding OMS on input line 568.
\macc@depth=\count98
\c@MaxMatrixCols=\count99
\dotsspace@=\muskip10
\c@parentequation=\count100
\dspbrk@lvl=\count101
\tag@help=\toks16
\row@=\count102
\column@=\count103
\maxfields@=\count104
\andhelp@=\toks17
\eqnshift@=\dimen123
\alignsep@=\dimen124
\tagshift@=\dimen125
\tagwidth@=\dimen126
\totwidth@=\dimen127
\lineht@=\dimen128
\@envbody=\toks18
\multlinegap=\skip46
\multlinetaggap=\skip47
\mathdisplay@stack=\toks19
LaTeX Info: Redefining \[ on input line 2666.
LaTeX Info: Redefining \] on input line 2667.
) (/usr/share/texmf/tex/latex/amsfonts/amssymb.sty
Package: amssymb 2002/01/22 v2.2d
(/usr/share/texmf/tex/latex/amsfonts/amsfonts.sty
Package: amsfonts 2001/10/25 v2.2f
\symAMSa=\mathgroup4
\symAMSb=\mathgroup5
LaTeX Font Info:    Overwriting math alphabet `\mathfrak' in version `bold'
(Font)                  U/euf/m/n --> U/euf/b/n on input line 132.
)) (/usr/share/texmf/tex/latex/hyperref/hyperref.sty
Package: hyperref 2003/11/30 v6.74m Hypertext links for LaTeX
\@linkdim=\dimen129
\Hy@linkcounter=\count105
\Hy@pagecounter=\count106
(/usr/share/texmf/tex/latex/hyperref/pd1enc.def
File: pd1enc.def 2003/11/30 v6.74m Hyperref: PDFDocEncoding definition (HO)
) (/usr/share/texmf/tex/latex/hyperref/hyperref.cfg
File: hyperref.cfg 2002/06/06 v1.2 hyperref configuration of TeXLive and teTeX
)
Package hyperref Info: Hyper figures OFF on input line 1880.
Package hyperref Info: Link nesting OFF on input line 1885.
Package hyperref Info: Hyper index ON on input line 1888.
Package hyperref Info: Plain pages ON on input line 1893.
Package hyperref Info: Backreferencing OFF on input line 1900.
Implicit mode ON; LaTeX internals redefined
Package hyperref Info: Bookmarks ON on input line 2004.
(/usr/share/texmf/tex/latex/url/url.sty
\Urlmuskip=\muskip11
Package: url 2004/03/15  ver 3.1  Verb mode for urls, etc.
)
LaTeX Info: Redefining \url on input line 2143.
\Fld@menulength=\count107
\Field@Width=\dimen130
\Fld@charsize=\dimen131
\Choice@toks=\toks20
\Field@toks=\toks21
Package hyperref Info: Hyper figures OFF on input line 2618.
Package hyperref Info: Link nesting OFF on input line 2623.
Package hyperref Info: Hyper index ON on input line 2626.
Package hyperref Info: backreferencing OFF on input line 2633.
Package hyperref Info: Link coloring OFF on input line 2638.
\c@Item=\count108
\c@Hfootnote=\count109
)
*hyperref using default driver hdvips*
(/usr/share/texmf/tex/latex/hyperref/hdvips.def
File: hdvips.def 2003/11/30 v6.74m Hyperref driver for dvips
(/usr/share/texmf/tex/latex/hyperref/pdfmark.def
File: pdfmark.def 2003/11/30 v6.74m Hyperref definitions for pdfmark specials
\pdf@docset=\toks22
\pdf@box=\box28
\pdf@toks=\toks23
\pdf@defaulttoks=\toks24
\Fld@listcount=\count110
\@outlinefile=\write3
))
Package hyperref Info: Option `colorlinks' set `true' on input line 32.
\@indexfile=\write4
\openout4 = `images.idx'.

Writing index file images.idx
(/usr/share/texmf/tex/latex/graphics/color.sty
Package: color 1999/02/16 v1.0i Standard LaTeX Color (DPC)
(/usr/share/texmf/tex/latex/graphics/color.cfg
File: color.cfg 2005/02/03 v1.3 color configuration of teTeX/TeXLive
)
Package color Info: Driver file: dvips.def on input line 125.
(/usr/share/texmf/tex/latex/graphics/dvipsnam.def
File: dvipsnam.def 1999/02/16 v3.0i Driver-dependant file (DPC,SPQR)
)) (/usr/share/texmf/tex/latex/base/inputenc.sty
Package: inputenc 2004/02/05 v1.0d Input encoding file
(/usr/share/texmf/tex/latex/base/latin1.def
File: latin1.def 2004/02/05 v1.0d Input encoding file
))
\sizebox=\box29
\lthtmlwrite=\write5
No file images.aux.
\openout1 = `images.aux'.

LaTeX Font Info:    Checking defaults for OML/cmm/m/it on input line 198.
LaTeX Font Info:    ... okay on input line 198.
LaTeX Font Info:    Checking defaults for T1/cmr/m/n on input line 198.
LaTeX Font Info:    ... okay on input line 198.
LaTeX Font Info:    Checking defaults for OT1/cmr/m/n on input line 198.
LaTeX Font Info:    ... okay on input line 198.
LaTeX Font Info:    Checking defaults for OMS/cmsy/m/n on input line 198.
LaTeX Font Info:    ... okay on input line 198.
LaTeX Font Info:    Checking defaults for OMX/cmex/m/n on input line 198.
LaTeX Font Info:    ... okay on input line 198.
LaTeX Font Info:    Checking defaults for U/cmr/m/n on input line 198.
LaTeX Font Info:    ... okay on input line 198.
LaTeX Font Info:    Checking defaults for PD1/pdf/m/n on input line 198.
LaTeX Font Info:    ... okay on input line 198.
Package hyperref Info: Link coloring ON on input line 198.
(/usr/share/texmf/tex/latex/hyperref/nameref.sty
Package: nameref 2003/12/03 v2.21 Cross-referencing by name of section
\c@section@level=\count111
)
LaTeX Info: Redefining \ref on input line 198.
LaTeX Info: Redefining \pageref on input line 198.
\openout3 = `images.out'.


latex2htmlLength hsize=349.0pt

latex2htmlLength vsize=803.2213pt

latex2htmlLength hoffset=0.0pt

latex2htmlLength voffset=0.0pt

latex2htmlLength topmargin=0.0pt

latex2htmlLength topskip=0.00003pt

latex2htmlLength headheight=0.0pt

latex2htmlLength headsep=0.0pt

latex2htmlLength parskip=0.0pt plus 1.0pt

latex2htmlLength oddsidemargin=99.58464pt

latex2htmlLength evensidemargin=71.13188pt

File: images/ulysses.eps.gz Graphic file (type eps)
<images/ulysses.eps.gz>
l2hSize :tex2html_wrap28105:146.94681pt::0.0pt::349.0pt.
[1



]
LaTeX Font Info:    Try loading font information for U+msa on input line 228.
(/usr/share/texmf/tex/latex/amsfonts/umsa.fd
File: umsa.fd 2002/01/19 v2.2g AMS font definitions
)
LaTeX Font Info:    Try loading font information for U+msb on input line 228.
(/usr/share/texmf/tex/latex/amsfonts/umsb.fd
File: umsb.fd 2002/01/19 v2.2g AMS font definitions
)
l2hSize :tex2html_wrap_inline28137:8.7125pt::8.7125pt::23.69995pt.
[2


]
l2hSize :tex2html_wrap_inline28139:9.62923pt::9.62923pt::12.14891pt.
[3


]
LaTeX Font Info:    Try loading font information for U+euf on input line 240.
(/usr/share/texmf/tex/latex/amsfonts/ueuf.fd
File: ueuf.fd 2002/01/19 v2.2g AMS font definitions
)
l2hSize :tex2html_wrap_inline28141:7.57089pt::0.0pt::9.6533pt.
[4


]
l2hSize :tex2html_wrap_inline28143:8.07089pt::8.07089pt::13.98662pt.
[5


]
l2hSize :tex2html_wrap_inline28145:8.07089pt::8.07089pt::15.93103pt.
[6


]
l2hSize :tex2html_wrap_inline28147:8.07089pt::8.07089pt::14.66818pt.
[7


]
l2hSize :tex2html_wrap_inline28149:8.07089pt::8.07089pt::21.08626pt.
[8


]
l2hSize :tex2html_wrap_inline28151:8.07089pt::8.07089pt::14.22511pt.
[9


]
l2hSize :tex2html_wrap_inline28153:8.07089pt::8.07089pt::28.81183pt.
[10


]
l2hSize :tex2html_wrap_inline28159:8.07089pt::8.07089pt::14.93808pt.
[11


]
l2hSize :tex2html_wrap_inline28161:8.07089pt::8.07089pt::14.64178pt.
[12


]
l2hSize :tex2html_wrap_inline28163:8.07089pt::8.07089pt::14.44502pt.
[13


]
l2hSize :tex2html_wrap_inline28165:7.57185pt::7.57185pt::8.38612pt.
[14


]
l2hSize :tex2html_wrap_inline28167:8.7125pt::8.7125pt::23.39806pt.
[15


]
l2hSize :tex2html_wrap_inline28169:7.07185pt::0.0pt::5.79189pt.
[16


]
l2hSize :tex2html_wrap_inline28171:7.57185pt::7.57185pt::5.29759pt.
[17


]
l2hSize :tex2html_wrap_inline28173:7.57185pt::7.57185pt::5.29759pt.
[18


]
l2hSize :tex2html_wrap_inline28175:7.98248pt::7.98248pt::18.08963pt.
[19


]
l2hSize :tex2html_wrap_inline28177:9.12923pt::0.0pt::12.6432pt.
[20


]
l2hSize :tex2html_wrap_inline28179:9.62923pt::9.62923pt::12.72733pt.
[21


]
l2hSize :tex2html_wrap_inline28181:9.62923pt::9.62923pt::12.6432pt.
[22


]
l2hSize :tex2html_wrap_inline28183:7.57185pt::7.57185pt::9.77748pt.
[23


]
l2hSize :tex2html_wrap_inline28185:7.57185pt::7.57185pt::10.79968pt.
[24


]
l2hSize :tex2html_wrap_inline28187:7.57185pt::7.57185pt::9.76497pt.
[25


]
l2hSize :tex2html_wrap_inline28189:7.57185pt::7.57185pt::13.35298pt.
[26


]
l2hSize :tex2html_wrap_inline28197:7.57185pt::7.57185pt::17.58092pt.
[27


]
l2hSize :tex2html_wrap_inline28205:8.7125pt::8.7125pt::6.02254pt.
[28


]
l2hSize :tex2html_wrap_inline28222:7.98248pt::7.98248pt::13.35802pt.
[29


]
l2hSize :tex2html_wrap_inline28224:7.98248pt::7.98248pt::13.35802pt.
[30


]
l2hSize :tex2html_wrap_inline28276:9.52922pt::0.0pt::9.07542pt.
[31


]
l2hSize :tex2html_wrap_indisplay28282:15.39023pt::15.39023pt::66.24557pt.
[32


]
l2hSize :tex2html_wrap_inline28284:7.98248pt::7.98248pt::17.37595pt.
[33


]
l2hSize :tex2html_wrap_inline28286:7.98248pt::7.98248pt::18.84122pt.
[34


]
l2hSize :tex2html_wrap_indisplay28289:20.92955pt::20.92955pt::188.12283pt.
[35


]
l2hSize :tex2html_wrap_inline28291:7.57185pt::7.57185pt::18.81947pt.
[36


]
l2hSize :tex2html_wrap_inline28293:7.57185pt::7.57185pt::20.28474pt.
[37


]
File: images/noe.eps.gz Graphic file (type eps)
<images/noe.eps.gz>
l2hSize :tex2html_wrap28296:215.73811pt::0.0pt::349.0pt.
[38


]
l2hSize :tex2html_wrap_inline28311:7.98248pt::7.98248pt::13.89273pt.
[39


]
l2hSize :tex2html_wrap_inline28313:7.98248pt::7.98248pt::10.11104pt.
[40


]
l2hSize :tex2html_wrap_indisplay28316:10.48782pt::10.48782pt::74.47699pt.
[41


]
l2hSize :tex2html_wrap_inline28318:8.7125pt::8.7125pt::18.6911pt.
[42


]
l2hSize :tex2html_wrap_inline28320:7.07185pt::0.0pt::4.50171pt.
[43


]
l2hSize :tex2html_wrap_inline28334:7.98248pt::7.98248pt::14.3611pt.
[44


]
l2hSize :tex2html_wrap_indisplay28337:10.48782pt::10.48782pt::101.15295pt.
[45


]
l2hSize :tex2html_wrap_inline28348:9.62923pt::9.62923pt::26.11018pt.
[46


]
l2hSize :tex2html_wrap_indisplay28351:18.72697pt::18.72697pt::127.31348pt.
[47


]
l2hSize :tex2html_wrap_inline28353:7.22179pt::0.0pt::4.31995pt.
[48


]
l2hSize :tex2html_wrap_inline28355:7.98248pt::7.98248pt::12.0019pt.
[49


]
l2hSize :tex2html_wrap_inline28361:8.7125pt::8.7125pt::25.96318pt.
[50


]
l2hSize :tex2html_wrap_inline28363:8.7125pt::8.7125pt::14.5088pt.
[51


]
l2hSize :tex2html_wrap_inline28365:7.60416pt::0.0pt::5.99211pt.
[52


]
l2hSize :tex2html_wrap_inline28367:10.49374pt::0.0pt::5.99211pt.
[53


]
l2hSize :tex2html_wrap_inline28369:7.57185pt::7.57185pt::10.19846pt.
[54


]
l2hSize :tex2html_wrap_inline28378:8.7125pt::8.7125pt::27.31929pt.
[55


]
l2hSize :tex2html_wrap_inline28380:8.7125pt::8.7125pt::27.31929pt.
[56


]
l2hSize :tex2html_wrap_inline28384:8.7125pt::8.7125pt::37.16559pt.
[57


]
l2hSize :subequations28389:73.57806pt::0.0pt::349.0pt.
[58


]
l2hSize :tex2html_wrap_inline28398:8.91812pt::8.91812pt::25.96318pt.
[59


]
l2hSize :tex2html_wrap_inline28400:8.91812pt::8.91812pt::17.31436pt.
[60


]
l2hSize :subequations28403:104.48373pt::0.0pt::349.0pt.
[61


]
l2hSize :tex2html_wrap_indisplay28409:17.03697pt::17.03697pt::114.59552pt.
[62


]
l2hSize :tex2html_wrap_indisplay28411:17.03697pt::17.03697pt::69.28397pt.
[63


]
l2hSize :tex2html_wrap_inline28413:7.57185pt::7.57185pt::11.89551pt.
[64


]
l2hSize :tex2html_wrap_inline28415:7.57185pt::7.57185pt::13.16664pt.
[65


]
l2hSize :tex2html_wrap_inline28417:7.57185pt::7.57185pt::13.18884pt.
[66


]
l2hSize :tex2html_wrap_inline28419:7.48248pt::0.0pt::10.53938pt.
[67


]
l2hSize :tex2html_wrap_inline28421:7.48248pt::0.0pt::10.47856pt.
[68


]
l2hSize :tex2html_wrap_inline28423:7.54332pt::0.0pt::6.4636pt.
[69


]
l2hSize :tex2html_wrap_inline28425:7.07185pt::0.0pt::12.6572pt.
[70


]
l2hSize :tex2html_wrap_inline28429:7.48248pt::0.0pt::16.32239pt.
[71


]
l2hSize :tex2html_wrap_inline28431:7.57185pt::7.57185pt::23.20432pt.
[72


]
l2hSize :tex2html_wrap_indisplay28434:16.12024pt::16.12024pt::129.24931pt.
[73


]
l2hSize :tex2html_wrap_indisplay28442:20.83809pt::20.83809pt::275.90718pt.
[74


]
l2hSize :multline1646:76.51991pt::0.0pt::349.0pt.
[75


]
l2hSize :tex2html_wrap_inline28461:9.62923pt::9.62923pt::59.42683pt.
[76


]
l2hSize :tex2html_wrap_indisplay28465:20.83809pt::20.83809pt::117.76431pt.
[77


]
l2hSize :tex2html_wrap_inline28476:7.07185pt::0.0pt::7.59279pt.
[78


]
l2hSize :tex2html_wrap_inline28478:8.10416pt::8.10416pt::7.31905pt.
[79


]
l2hSize :tex2html_wrap_inline28480:7.57185pt::7.57185pt::6.825pt.
[80


]
l2hSize :tex2html_wrap_inline28482:7.60416pt::0.0pt::6.59285pt.
[81


]
l2hSize :tex2html_wrap_inline28484:8.7125pt::8.7125pt::92.52817pt.
[82


]
l2hSize :subequations28493:71.9022pt::0.0pt::349.0pt.
[83


]
l2hSize :subequations28496:75.7262pt::0.0pt::349.0pt.
[84


]
l2hSize :tex2html_wrap_inline28504:7.57185pt::7.57185pt::8.68016pt.
[85


]
l2hSize :subequations28507:98.34453pt::0.0pt::349.0pt.
[86


]
l2hSize :tex2html_wrap_indisplay28509:8.10416pt::8.10416pt::6.24686pt.
[87


]
l2hSize :tex2html_wrap_indisplay28510:10.17673pt::10.17673pt::108.32352pt.
[88


]
l2hSize :tex2html_wrap_indisplay28512:7.57185pt::7.57185pt::5.64613pt.
[89


]
l2hSize :tex2html_wrap_indisplay28513:16.37761pt::16.37761pt::348.09822pt.

Overfull \hbox (2.30724pt too wide) in paragraph at lines 846--847
[]|[] 
 []

[90


]
l2hSize :tex2html_wrap_indisplay28516:11.3413pt::11.3413pt::76.39558pt.
[91


]
l2hSize :tex2html_wrap_inline28518:7.57185pt::7.57185pt::8.72832pt.
[92


]
l2hSize :subequations28521:93.5092pt::0.0pt::349.0pt.
[93


]
l2hSize :tex2html_wrap_inline28532:8.10416pt::8.10416pt::7.07191pt.
[94


]
l2hSize :tex2html_wrap_inline28534:8.7125pt::8.7125pt::63.32819pt.
[95


]
l2hSize :subequations28541:43.70918pt::0.0pt::349.0pt.
[96


]
l2hSize :subequations28544:43.70918pt::0.0pt::349.0pt.
[97


]
l2hSize :subequations28553:62.6227pt::0.0pt::349.0pt.
[98


]
l2hSize :subequations28558:60.30919pt::0.0pt::349.0pt.
[99


]
l2hSize :tex2html_wrap_inline28567:8.7125pt::8.7125pt::34.1282pt.
[100


]
l2hSize :tex2html_wrap_inline28569:7.57185pt::7.57185pt::10.03627pt.
[101


]
l2hSize :tex2html_wrap_inline28571:7.57185pt::7.57185pt::10.08443pt.
[102


]
l2hSize :tex2html_wrap_indisplay28576:8.7125pt::8.7125pt::67.95831pt.
[103


]

! Package amsmath Error: \begin{align} allowed only in paragraph mode.

See the amsmath package documentation for explanation.
Type  H <return>  for immediate help.
 ...                                              
                                                  
l.944 ...\addtocounter{equation}{-1} \begin{align}
                                                    m0 &= \{\},\\m1 &= \{S^2...

You've lost some text.  Try typing  <return>  to proceed.
If that doesn't work, type  X <return>  to quit.

l2hSize :tex2html_wrap_indisplay28580:7.57185pt::7.57185pt::0.54753pt.
[104


]
l2hSize :tex2html_wrap_inline28586:8.07089pt::8.07089pt::10.63403pt.
[105


]
l2hSize :tex2html_wrap_inline28590:8.07089pt::8.07089pt::11.2669pt.
[106


]

! Package amsmath Error: \begin{align} allowed only in paragraph mode.

See the amsmath package documentation for explanation.
Type  H <return>  for immediate help.
 ...                                              
                                                  
l.964 ...\addtocounter{equation}{-1} \begin{align}
                                                    tm0 &= \{\tau_m\},\\tm1 ...

You've lost some text.  Try typing  <return>  to proceed.
If that doesn't work, type  X <return>  to quit.

l2hSize :tex2html_wrap_indisplay28593:7.57185pt::7.57185pt::0.54753pt.
[107


]
l2hSize :tex2html_wrap_inline28597:8.10416pt::8.10416pt::7.08714pt.
[108


]
l2hSize :tex2html_wrap_inline28599:8.10416pt::8.10416pt::32.94116pt.
[109


]
l2hSize :tex2html_wrap_inline28601:8.7125pt::8.7125pt::42.34pt.
[110


]
l2hSize :tex2html_wrap_inline28605:7.07185pt::0.0pt::7.1201pt.
[111


]
l2hSize :tex2html_wrap_indisplay28608:10.99374pt::10.99374pt::81.42538pt.
[112


]
l2hSize :tex2html_wrap_inline28612:8.7125pt::8.7125pt::21.04842pt.
[113


]
l2hSize :tex2html_wrap_indisplay28641:10.48782pt::10.48782pt::119.56186pt.
[114


]
l2hSize :tex2html_wrap_inline28643:8.10416pt::8.10416pt::11.04744pt.
[115


]
l2hSize :tex2html_wrap_inline28645:8.10416pt::8.10416pt::10.82689pt.
[116


]
l2hSize :tex2html_wrap_inline28647:8.10416pt::8.10416pt::20.17245pt.
[117


]
l2hSize :tex2html_wrap_inline28649:7.07185pt::0.0pt::6.80576pt.
[118


]
l2hSize :tex2html_wrap_indisplay28652:10.48782pt::10.48782pt::183.11588pt.
[119


]
l2hSize :tex2html_wrap_inline28654:9.62923pt::9.62923pt::24.92252pt.
[120


]
l2hSize :tex2html_wrap_inline28660:7.57185pt::7.57185pt::11.1957pt.
[121


]
l2hSize :tex2html_wrap_inline28666:7.57185pt::7.57185pt::12.69121pt.
[122


]
l2hSize :tex2html_wrap_indisplay28669:8.10416pt::8.10416pt::85.78421pt.
[123


]
l2hSize :tex2html_wrap_inline28675:8.10416pt::8.10416pt::53.93723pt.
[124


]
l2hSize :tex2html_wrap_inline28677:8.10416pt::8.10416pt::101.86514pt.
[125


]
l2hSize :tex2html_wrap_inline28681:7.98248pt::7.98248pt::13.99214pt.
[126


]
l2hSize :tex2html_wrap_inline28683:10.26059pt::10.26059pt::74.15353pt.
[127


]
l2hSize :tex2html_wrap_indisplay28686:10.26059pt::10.26059pt::88.75485pt.
[128


]
l2hSize :tex2html_wrap_inline28694:8.10416pt::8.10416pt::47.002pt.
[129


]
l2hSize :tex2html_wrap_inline28699:8.7125pt::8.7125pt::45.87064pt.
[130


]
l2hSize :tex2html_wrap_inline28701:7.57185pt::7.57185pt::6.05675pt.
[131


]
l2hSize :tex2html_wrap_inline28703:7.98248pt::7.98248pt::14.8115pt.
[132


]
l2hSize :tex2html_wrap_indisplay28708:10.48782pt::10.48782pt::268.02399pt.
[133


]
l2hSize :tex2html_wrap_inline28710:8.7125pt::8.7125pt::29.32663pt.
[134


]
l2hSize :tex2html_wrap_inline28714:8.7125pt::8.7125pt::17.00676pt.
[135


]
l2hSize :tex2html_wrap_inline28724:7.57185pt::7.57185pt::15.30072pt.
[136


]
l2hSize :tex2html_wrap_inline28731:7.57185pt::7.57185pt::10.80681pt.
[137


]
l2hSize :tex2html_wrap_inline28733:7.57185pt::7.57185pt::10.80681pt.
[138


]
l2hSize :tex2html_wrap_inline28735:7.07185pt::0.0pt::13.32248pt.
[139


]
l2hSize :tex2html_wrap_inline28737:7.57185pt::7.57185pt::11.71422pt.
[140


]
l2hSize :tex2html_wrap_indisplay28740:10.48782pt::10.48782pt::151.7201pt.
[141


]
l2hSize :tex2html_wrap_inline28742:7.57185pt::7.57185pt::10.45534pt.
[142


]
l2hSize :tex2html_wrap_inline28759:7.57185pt::7.57185pt::10.47331pt.
[143


]
l2hSize :tex2html_wrap_inline28761:7.48248pt::0.0pt::6.22023pt.
[144


]
l2hSize :tex2html_wrap_inline28765:9.62923pt::9.62923pt::42.93233pt.
[145


]
l2hSize :tex2html_wrap_inline28767:7.48248pt::0.0pt::7.99962pt.
[146


]
l2hSize :tex2html_wrap_inline28771:9.94032pt::9.94032pt::66.72856pt.
[147


]
l2hSize :tex2html_wrap_inline28775:7.48248pt::0.0pt::9.91739pt.
[148


]
l2hSize :tex2html_wrap_inline28780:7.57185pt::7.57185pt::25.97838pt.
[149


]
l2hSize :tex2html_wrap_inline28786:9.94032pt::9.94032pt::46.87045pt.
[150


]
l2hSize :tex2html_wrap_inline28788:7.48248pt::0.0pt::7.67262pt.
[151


]
l2hSize :tex2html_wrap_inline28790:8.10416pt::8.10416pt::27.00996pt.
[152


]
l2hSize :tex2html_wrap_inline28794:7.60416pt::0.0pt::6.93504pt.
[153


]
l2hSize :tex2html_wrap_indisplay28802:15.49446pt::15.49446pt::226.24397pt.
[154


]
l2hSize :tex2html_wrap_inline28804:7.48248pt::0.0pt::9.06422pt.
[155


]
l2hSize :tex2html_wrap_indisplay28807:19.77519pt::19.77519pt::295.46094pt.
[156


]
l2hSize :tex2html_wrap_inline28811:8.07089pt::8.07089pt::14.70718pt.
[157


]
l2hSize :tex2html_wrap_inline28815:9.52922pt::0.0pt::12.07399pt.
[158


]
l2hSize :tex2html_wrap_inline28819:10.99374pt::10.99374pt::85.77373pt.
[159


]
l2hSize :tex2html_wrap_inline28821:7.57185pt::7.57185pt::32.35931pt.
[160


]
l2hSize :tex2html_wrap_inline28823:7.60416pt::0.0pt::34.57613pt.
[161


]
l2hSize :tex2html_wrap_inline28825:7.57089pt::0.0pt::6.61903pt.
[162


]
l2hSize :tex2html_wrap_inline28827:8.7125pt::8.7125pt::22.64143pt.
[163


]
l2hSize :tex2html_wrap_indisplay28830:10.66058pt::10.66058pt::225.99168pt.
[164


]
l2hSize :tex2html_wrap_indisplay28833:19.02444pt::19.02444pt::290.89235pt.
[165


]
l2hSize :tex2html_wrap_indisplay28836:19.02444pt::19.02444pt::378.62103pt.

Overfull \hbox (32.83005pt too wide) in paragraph at lines 1329--1330
[]|[] 
 []

[166


]
l2hSize :tex2html_wrap_inline28838:8.7125pt::8.7125pt::19.24748pt.
[167


]
l2hSize :tex2html_wrap_inline28840:8.7125pt::8.7125pt::28.3725pt.
[168


]
l2hSize :tex2html_wrap_inline28842:9.62923pt::9.62923pt::33.12256pt.
[169


]
l2hSize :tex2html_wrap_inline28846:7.57185pt::7.57185pt::28.75508pt.
[170


]
l2hSize :tex2html_wrap_indisplay28853:8.10416pt::8.10416pt::47.98474pt.
[171


]
l2hSize :tex2html_wrap_inline28855:7.60416pt::0.0pt::4.03026pt.
[172


]
l2hSize :tex2html_wrap_inline28857:7.07185pt::0.0pt::6.81593pt.
[173


]
l2hSize :tex2html_wrap_inline28861:7.07185pt::0.0pt::15.63678pt.
[174


]
l2hSize :tex2html_wrap_indisplay28864:23.63748pt::23.63748pt::126.06874pt.
[175


]
l2hSize :tex2html_wrap_indisplay28867:8.10416pt::8.10416pt::44.45383pt.
[176


]
l2hSize :tex2html_wrap_inline28869:7.48248pt::0.0pt::8.76004pt.
[177


]
l2hSize :tex2html_wrap_inline28871:7.57185pt::7.57185pt::30.11761pt.
[178


]
l2hSize :tex2html_wrap_inline28873:7.57185pt::7.57185pt::9.72954pt.
[179


]
l2hSize :tex2html_wrap_inline28883:7.60416pt::0.0pt::5.2469pt.
[180


]
l2hSize :tex2html_wrap_inline28885:7.07185pt::0.0pt::10.16177pt.
[181


]
l2hSize :tex2html_wrap_inline28895:7.57185pt::7.57185pt::53.47531pt.
[182


]
l2hSize :tex2html_wrap_inline28899:8.10416pt::8.10416pt::40.19551pt.
[183


]
l2hSize :tex2html_wrap_indisplay28908:118.83742pt::118.83742pt::316.1376pt.
[184


]
l2hSize :subequations28911:233.77351pt::0.0pt::349.0pt.
[185


]
l2hSize :tex2html_wrap_inline28913:7.57185pt::7.57185pt::71.86072pt.
[186


]
l2hSize :tex2html_wrap_indisplay28916:23.63748pt::23.63748pt::184.43434pt.
[187


]
l2hSize :tex2html_wrap_indisplay28921:30.43747pt::30.43747pt::181.1405pt.
[188


]
l2hSize :subequations28924:60.30919pt::0.0pt::349.0pt.
[189


]
l2hSize :tex2html_wrap_indisplay28927:37.23747pt::37.23747pt::202.90726pt.
[190


]
l2hSize :tex2html_wrap_indisplay28932:10.03749pt::10.03749pt::83.1056pt.
[191


]
l2hSize :tex2html_wrap_indisplay28935:10.03749pt::10.03749pt::91.6223pt.
[192


]
l2hSize :tex2html_wrap_inline28942:9.12923pt::0.0pt::26.73247pt.
[193


]
l2hSize :tex2html_wrap_inline28944:9.12923pt::0.0pt::22.4824pt.
[194


]
l2hSize :tex2html_wrap_inline28966:7.48248pt::0.0pt::24.71506pt.
[195


]
l2hSize :tex2html_wrap_indisplay28969:64.43745pt::64.43745pt::294.57854pt.
[196


]
l2hSize :tex2html_wrap_indisplay28984:44.03746pt::44.03746pt::137.98534pt.
[197


]
l2hSize :tex2html_wrap_indisplay28995:30.43747pt::30.43747pt::107.03532pt.
[198


]
l2hSize :tex2html_wrap_inline29010:7.07185pt::0.0pt::15.63678pt.
[199


]
l2hSize :tex2html_wrap_inline29012:7.07185pt::0.0pt::15.63678pt.
[200


]
File: images/model_free/mandel95.eps.gz Graphic file (type eps)
<images/model_free/mandel95.eps.gz>
l2hSize :tex2html_wrap29027:345.16356pt::0.0pt::349.0pt.
[201


]
l2hSize :tex2html_wrap_inline29031:8.7125pt::8.7125pt::31.64351pt.
[202


]
l2hSize :tex2html_wrap_inline29035:7.07185pt::0.0pt::15.63678pt.
[203


]
l2hSize :tex2html_wrap_inline29037:7.07185pt::0.0pt::15.63678pt.
[204


]
l2hSize :tex2html_wrap_inline29045:7.57089pt::0.0pt::9.62077pt.
[205


]
File: images/model_free/init_diff_est.eps.gz Graphic file (type eps)
<images/model_free/init_diff_est.eps.gz>
l2hSize :tex2html_wrap29063:334.15654pt::0.0pt::349.0pt.
[206


]
File: images/model_free/new_protocol.eps.gz Graphic file (type eps)
<images/model_free/new_protocol.eps.gz>
l2hSize :tex2html_wrap29087:422.13174pt::0.0pt::349.0pt.
[207


]
l2hSize :tex2html_wrap_inline29091:7.07185pt::0.0pt::19.59096pt.
[208


]
l2hSize :tex2html_wrap_inline29093:7.07185pt::0.0pt::19.59096pt.
[209


]
! Missing } inserted.
<inserted text> 
                }
l.1609 $ \widehat\mathfrak
                          {U}$%
I've inserted something that you may have forgotten.
(See the <inserted text> above.)
With luck, this will get me unwedged. But if you
really didn't forget anything, try typing `2' now; then
my insertion and my current dilemma will both disappear.

! Extra }, or forgotten $.
\@mathmeasure ...erymath \@emptytoks \m@th $#2#3$}
                                                  
l.1609 $ \widehat\mathfrak
                          {U}$%
I've deleted a group-closing symbol because it seems to be
spurious, as in `$x}$'. But perhaps the } is legitimate and
you forgot something else, as in `\hbox{$x}'. In such cases
the way to recover is to insert both the forgotten and the
deleted material, e.g., by typing `I$}'.

! Argument of \math@egroup has an extra }.
<inserted text> 
                \par 
l.1609 $ \widehat\mathfrak
                          {U}$%
I've run across a `}' that doesn't seem to match anything.
For example, `\def\a#1{...}' and `\a}' would produce
this error. If you simply proceed now, the `\par' that
I've just inserted will cause me to report a runaway
argument that might be the root of the problem. But if
your `}' was spurious, just type `2' and it will go away.

! Missing $ inserted.
<inserted text> 
                $
l.1609 $ \widehat\mathfrak
                          {U}$%
I've inserted a begin-math/end-math symbol since I think
you left one out. Proceed, with fingers crossed.

! Missing } inserted.
<inserted text> 
                }
l.1609 $ \widehat\mathfrak
                          {U}$%
I've inserted something that you may have forgotten.
(See the <inserted text> above.)
With luck, this will get me unwedged. But if you
really didn't forget anything, try typing `2' now; then
my insertion and my current dilemma will both disappear.

! Extra }, or forgotten $.
\lthtmlinlinemathZ ->\egroup 
                             \expandafter \ifdim \dp \sizebox >0pt \expandaf...
l.1610 \lthtmlinlinemathZ
                         
I've deleted a group-closing symbol because it seems to be
spurious, as in `$x}$'. But perhaps the } is legitimate and
you forgot something else, as in `\hbox{$x}'. In such cases
the way to recover is to insert both the forgotten and the
deleted material, e.g., by typing `I$}'.

l2hSize :tex2html_wrap_inline29111:7.90834pt::0.0pt::0.54753pt.
! Missing $ inserted.
<inserted text> 
                $
l.1611 \lthtmlcheckvsize
                        \clearpage}
I've inserted a begin-math/end-math symbol since I think
you left one out. Proceed, with fingers crossed.

[210


]
l2hSize :tex2html_wrap_indisplay29135:34.9309pt::34.9309pt::59.8684pt.
[211


]
l2hSize :tex2html_wrap_indisplay29143:38.2728pt::38.2728pt::191.45622pt.
[212


]
l2hSize :tex2html_wrap_inline29146:8.07089pt::8.07089pt::7.24008pt.
[213


]
l2hSize :tex2html_wrap_indisplay29164:8.10416pt::8.10416pt::71.42918pt.
[214


]
l2hSize :tex2html_wrap_inline29166:9.62923pt::9.62923pt::121.94041pt.
[215


]
l2hSize :tex2html_wrap_inline29183:8.07089pt::8.07089pt::13.04726pt.
[216


]
l2hSize :tex2html_wrap_indisplay29186:8.07089pt::8.07089pt::63.66132pt.
[217


]
l2hSize :tex2html_wrap_indisplay29193:8.10416pt::8.10416pt::93.962pt.
[218


]
l2hSize :tex2html_wrap_inline29200:8.7125pt::8.7125pt::92.76776pt.
[219


]
l2hSize :tex2html_wrap_inline29202:7.57089pt::0.0pt::9.60303pt.
[220


]
l2hSize :tex2html_wrap_indisplay29205:8.07089pt::8.07089pt::57.11705pt.
[221


]
l2hSize :tex2html_wrap_indisplay29238:8.10416pt::8.10416pt::204.88966pt.
[222


]
l2hSize :tex2html_wrap_indisplay29244:20.83809pt::20.83809pt::93.36394pt.
[223


]
l2hSize :tex2html_wrap_indisplay29253:20.83809pt::20.83809pt::159.05354pt.
[224


]
l2hSize :tex2html_wrap_inline29255:8.10416pt::8.10416pt::9.64209pt.
[225


]
l2hSize :tex2html_wrap_inline29259:8.10416pt::8.10416pt::30.70903pt.
[226


]
l2hSize :tex2html_wrap_inline29271:9.62923pt::9.62923pt::12.14891pt.
[227


]
l2hSize :tex2html_wrap_indisplay29280:20.83809pt::20.83809pt::59.03354pt.
[228


]
File: images/gradient.eps.gz Graphic file (type eps)
<images/gradient.eps.gz>
l2hSize :tex2html_wrap29289:338.26028pt::0.0pt::349.0pt.
[229


]
l2hSize :tex2html_wrap_inline29293:9.62923pt::9.62923pt::21.27393pt.
[230


]
l2hSize :tex2html_wrap_inline29299:9.62923pt::9.62923pt::21.27393pt.
[231


]
l2hSize :tex2html_wrap_inline29301:7.60416pt::0.0pt::16.07501pt.
[232


]
l2hSize :tex2html_wrap_inline29303:8.07089pt::8.07089pt::14.0519pt.
[233


]
l2hSize :tex2html_wrap_inline29305:8.10416pt::8.10416pt::17.05574pt.
[234


]
l2hSize :tex2html_wrap_inline29307:11.1159pt::11.1159pt::11.63867pt.
[235


]
l2hSize :tex2html_wrap_inline29311:8.07089pt::8.07089pt::11.63867pt.
[236


]
l2hSize :tex2html_wrap_inline29313:8.10416pt::8.10416pt::24.05594pt.
[237


]
l2hSize :tex2html_wrap_indisplay29333:20.83809pt::20.83809pt::77.28357pt.
[238


]
l2hSize :tex2html_wrap_indisplay29342:10.17673pt::10.17673pt::79.01376pt.
[239


]
l2hSize :tex2html_wrap_inline29344:7.72179pt::7.72179pt::5.68361pt.
[240


]
l2hSize :tex2html_wrap_inline29346:13.17632pt::13.17632pt::17.34203pt.
[241


]
l2hSize :tex2html_wrap_inline29348:8.10416pt::8.10416pt::10.08653pt.
[242


]
l2hSize :tex2html_wrap_indisplay29361:10.17673pt::10.17673pt::79.0463pt.
[243


]
File: images/kite.eps.gz Graphic file (type eps)
<images/kite.eps.gz>
l2hSize :tex2html_wrap29380:414.5526pt::0.0pt::349.0pt.
[244


]
l2hSize :tex2html_wrap_inline29384:9.62923pt::9.62923pt::26.02399pt.
[245


]
l2hSize :tex2html_wrap_inline29390:9.62923pt::9.62923pt::26.02399pt.
[246


]
l2hSize :tex2html_wrap_inline29396:8.07089pt::8.07089pt::14.79225pt.
[247


]
l2hSize :tex2html_wrap_inline29400:10.02922pt::10.02922pt::12.37903pt.
[248


]
l2hSize :tex2html_wrap_inline29408:11.1159pt::11.1159pt::11.63867pt.
[249


]
l2hSize :tex2html_wrap_inline29410:10.02922pt::10.02922pt::12.37903pt.
[250


]
l2hSize :tex2html_wrap_inline29412:8.10416pt::8.10416pt::22.40259pt.
[251


]
l2hSize :tex2html_wrap_indisplay29438:20.83809pt::20.83809pt::86.78369pt.
[252


]
File: images/dependencies.eps.gz Graphic file (type eps)
<images/dependencies.eps.gz>
l2hSize :tex2html_wrap29457:126.43867pt::0.0pt::349.0pt.
[253


]
l2hSize :tex2html_wrap_indisplay29485:18.72697pt::18.72697pt::178.27913pt.
[254


]
l2hSize :tex2html_wrap_indisplay29493:18.72697pt::18.72697pt::305.11867pt.
[255


]
l2hSize :subequations29512:72.42223pt::0.0pt::349.0pt.
[256


]
l2hSize :subequations29520:134.62643pt::0.0pt::349.0pt.
[257


]
l2hSize :tex2html_wrap_inline29529:9.26027pt::9.26027pt::35.0882pt.
[258


]
l2hSize :tex2html_wrap_inline29531:9.62923pt::9.62923pt::39.83826pt.
[259


]
l2hSize :tex2html_wrap_indisplay29546:18.10912pt::18.10912pt::114.59552pt.
[260


]
l2hSize :tex2html_wrap_inline29550:7.57185pt::7.57185pt::15.43674pt.
[261


]
l2hSize :tex2html_wrap_indisplay29557:18.10912pt::18.10912pt::154.70035pt.
[262


]
l2hSize :tex2html_wrap_indisplay29560:18.10912pt::18.10912pt::158.71428pt.
[263


]
l2hSize :tex2html_wrap_indisplay29564:18.10912pt::18.10912pt::77.2089pt.
[264


]
l2hSize :tex2html_wrap_indisplay29569:17.14462pt::17.14462pt::111.08081pt.
[265


]
l2hSize :tex2html_wrap_indisplay29574:17.14462pt::17.14462pt::94.45332pt.
[266


]
l2hSize :tex2html_wrap_indisplay29582:10.17673pt::10.17673pt::90.9114pt.
[267


]
l2hSize :tex2html_wrap_indisplay29587:15.5119pt::15.5119pt::116.64755pt.
[268


]
l2hSize :tex2html_wrap_indisplay29594:17.03697pt::17.03697pt::86.58163pt.
[269


]
l2hSize :tex2html_wrap_indisplay29602:10.84941pt::10.84941pt::222.265pt.
[270


]
l2hSize :tex2html_wrap_indisplay29607:18.65572pt::18.65572pt::293.00185pt.
[271


]
l2hSize :tex2html_wrap_indisplay29614:18.65572pt::18.65572pt::325.66133pt.
[272


]
l2hSize :tex2html_wrap_indisplay29622:10.48782pt::10.48782pt::66.80672pt.
[273


]
l2hSize :tex2html_wrap_indisplay29627:17.34807pt::17.34807pt::119.90016pt.
[274


]
l2hSize :tex2html_wrap_indisplay29634:17.34807pt::17.34807pt::138.19295pt.
[275


]
l2hSize :tex2html_wrap_indisplay29642:10.84941pt::10.84941pt::311.6547pt.
[276


]
l2hSize :tex2html_wrap_indisplay29647:18.65572pt::18.65572pt::400.03494pt.

Overfull \hbox (54.24396pt too wide) in paragraph at lines 2049--2050
[]|[] 
 []

[277


]
l2hSize :multline3817:64.11108pt::0.0pt::349.0pt.
[278


]
l2hSize :tex2html_wrap_indisplay29660:10.48782pt::10.48782pt::112.25679pt.
[279


]
l2hSize :tex2html_wrap_indisplay29665:17.34807pt::17.34807pt::174.17194pt.
[280


]
l2hSize :tex2html_wrap_indisplay29672:17.34807pt::17.34807pt::210.36282pt.
[281


]
l2hSize :tex2html_wrap_indisplay29680:9.06055pt::9.06055pt::183.67151pt.
[282


]
l2hSize :tex2html_wrap_indisplay29685:16.86685pt::16.86685pt::256.42447pt.
[283


]
l2hSize :tex2html_wrap_indisplay29692:17.43553pt::17.43553pt::273.49608pt.
[284


]
l2hSize :subequations29698:71.23222pt::0.0pt::349.0pt.
[285


]
l2hSize :subequations29717:97.41745pt::0.0pt::349.0pt.
[286


]
l2hSize :subequations29725:94.21082pt::0.0pt::349.0pt.
[287


]
l2hSize :subequations29733:88.02895pt::0.0pt::349.0pt.
[288


]
l2hSize :subequations29741:88.02895pt::0.0pt::349.0pt.
[289


]
l2hSize :subequations29768:100.16765pt::0.0pt::349.0pt.
[290


]
l2hSize :subequations29780:100.16765pt::0.0pt::349.0pt.
[291


]
l2hSize :subequations29792:100.16765pt::0.0pt::349.0pt.
[292


]
l2hSize :subequations29804:100.16765pt::0.0pt::349.0pt.
[293


]
l2hSize :subequations29814:99.59311pt::0.0pt::349.0pt.
[294


]
l2hSize :subequations29826:96.96101pt::0.0pt::349.0pt.
[295


]
l2hSize :subequations29838:96.96101pt::0.0pt::349.0pt.
[296


]
l2hSize :subequations29848:93.20561pt::0.0pt::349.0pt.
[297


]
l2hSize :subequations29860:90.57352pt::0.0pt::349.0pt.
[298


]
l2hSize :subequations29870:93.20561pt::0.0pt::349.0pt.
[299


]
l2hSize :tex2html_wrap_inline29876:8.7125pt::8.7125pt::26.47789pt.
[300


]
l2hSize :tex2html_wrap_inline29878:8.7125pt::8.7125pt::30.02794pt.
[301


]
l2hSize :tex2html_wrap_indisplay29881:8.7125pt::8.7125pt::104.66055pt.
[302


]
l2hSize :tex2html_wrap_indisplay29884:20.83809pt::20.83809pt::124.0923pt.
[303


]
l2hSize :tex2html_wrap_indisplay29891:11.02116pt::11.02116pt::138.03113pt.
[304


]
l2hSize :tex2html_wrap_indisplay29898:11.02116pt::11.02116pt::227.36658pt.
[305


]
l2hSize :tex2html_wrap_indisplay29913:20.83809pt::20.83809pt::275.90718pt.
[306


]
l2hSize :tex2html_wrap_indisplay29916:20.83809pt::20.83809pt::389.04008pt.

Overfull \hbox (43.2491pt too wide) in paragraph at lines 2287--2288
[]|[] 
 []

[307


]
l2hSize :tex2html_wrap_inline29919:8.07089pt::8.07089pt::12.54155pt.
[308


]
l2hSize :tex2html_wrap_inline29921:8.07089pt::8.07089pt::12.99698pt.
[309


]
l2hSize :tex2html_wrap_inline29928:8.07089pt::8.07089pt::13.54619pt.
[310


]
Overfull \hbox (35.68283pt too wide) detected at line 2323
 []$[]  [] \OT1/cmr/m/n/10.95 = [] [] []\OML/cmm/m/it/10.95 c[][][]S[][] \OT1/c
mr/m/n/10.95 + (1 \OMS/cmsy/m/n/10.95 ^^@ \OML/cmm/m/it/10.95 S[]\OT1/cmr/m/n/1
0.95 )\OML/cmm/m/it/10.95 ^^\[][][]$ 
 []

l2hSize :multline4215:76.51991pt::0.0pt::349.0pt.
[311


]
l2hSize :tex2html_wrap_inline29934:8.07089pt::8.07089pt::14.00162pt.
[312


]
l2hSize :tex2html_wrap_indisplay29939:20.83809pt::20.83809pt::290.96379pt.
[313


]
l2hSize :tex2html_wrap_indisplay29947:20.83809pt::20.83809pt::276.82063pt.
[314


]
l2hSize :tex2html_wrap_indisplay29955:20.83809pt::20.83809pt::251.51825pt.
[315


]
l2hSize :tex2html_wrap_inline29961:8.07089pt::8.07089pt::14.28654pt.
[316


]
l2hSize :multline4277:187.07085pt::0.0pt::349.0pt.
[317


]
l2hSize :tex2html_wrap_inline29971:8.07089pt::8.07089pt::14.74197pt.
[318


]
Overfull \hbox (69.23888pt too wide) detected at line 2411
 []$[]  [] \OT1/cmr/m/n/10.95 = [] [] [][][][]\OML/cmm/m/it/10.95 S[][] \OT1/cm
r/m/n/10.95 + (1 \OMS/cmsy/m/n/10.95 ^^@ \OML/cmm/m/it/10.95 S[]\OT1/cmr/m/n/10
.95 )\OML/cmm/m/it/10.95 ^^\[][][]$ 
 []

l2hSize :multline4314:76.51991pt::0.0pt::349.0pt.
[319


]
Overfull \hbox (5.55685pt too wide) detected at line 2429
 []$[]  [] \OT1/cmr/m/n/10.95 = [] [] []\OML/cmm/m/it/10.95 c[][][][] \OMS/cmsy
/m/n/10.95 ^^@ \OML/cmm/m/it/10.95 ^^\[][][]$ 
 []

l2hSize :multline4337:76.51991pt::0.0pt::349.0pt.
[320


]
l2hSize :multline4358:76.51991pt::0.0pt::349.0pt.
[321


]
l2hSize :tex2html_wrap_indisplay30008:20.83809pt::20.83809pt::338.61615pt.
[322


]
l2hSize :tex2html_wrap_indisplay30020:20.83809pt::20.83809pt::307.99298pt.
[323


]
l2hSize :tex2html_wrap_indisplay30032:20.83809pt::20.83809pt::279.82487pt.
[324


]
l2hSize :tex2html_wrap_indisplay30042:17.03697pt::17.03697pt::60.08641pt.
[325


]
l2hSize :tex2html_wrap_indisplay30054:20.83809pt::20.83809pt::233.36935pt.
[326


]
l2hSize :tex2html_wrap_indisplay30064:20.83809pt::20.83809pt::340.15712pt.
[327


]
l2hSize :multline4448:161.15207pt::0.0pt::349.0pt.
[328


]
l2hSize :tex2html_wrap_indisplay30091:20.83809pt::20.83809pt::404.0967pt.

Overfull \hbox (58.30571pt too wide) in paragraph at lines 2513--2514
[]|[] 
 []

[329


]
l2hSize :tex2html_wrap_indisplay30099:20.83809pt::20.83809pt::276.79561pt.
[330


]
l2hSize :tex2html_wrap_indisplay30107:20.83809pt::20.83809pt::335.17241pt.
[331


]
l2hSize :tex2html_wrap_indisplay30115:20.83809pt::20.83809pt::253.64677pt.
[332


]
l2hSize :tex2html_wrap_indisplay30123:20.83809pt::20.83809pt::258.19801pt.
[333


]
Overfull \hbox (38.40019pt too wide) detected at line 2575
 []$[] \OT1/cmr/m/n/10.95 + [][]\OML/cmm/m/it/10.95 ^^\[][][] \OT1/cmr/m/n/10.9
5 + [] + [][][][]\OML/cmm/m/it/10.95 :$ []  
 []

l2hSize :multline4540:269.58449pt::0.0pt::349.0pt.
[334


]
Overfull \hbox (21.51807pt too wide) detected at line 2595
 []$[] \OT1/cmr/m/n/10.95 + []\OML/cmm/m/it/10.95 ^^\[][][] \OT1/cmr/m/n/10.95 
+ [] + [][][]\OML/cmm/m/it/10.95 :$ []  
 []

l2hSize :multline4583:161.15207pt::0.0pt::349.0pt.
[335


]
Overfull \hbox (5.53183pt too wide) detected at line 2613
 []$[]  [] \OT1/cmr/m/n/10.95 = [] [] []\OML/cmm/m/it/10.95 c[][][][] \OMS/cmsy
/m/n/10.95 ^^@ \OML/cmm/m/it/10.95 ^^\[][][]$ 
 []

l2hSize :multline4610:76.51991pt::0.0pt::349.0pt.
[336


]
Overfull \hbox (74.76913pt too wide) detected at line 2631
 []$[]  [] \OT1/cmr/m/n/10.95 = \OMS/cmsy/m/n/10.95 ^^@[] [] []\OML/cmm/m/it/10
.95 c[][][]^^\[][] \OMS/cmsy/m/n/10.95 ^^@ \OML/cmm/m/it/10.95 ^^\[][][]$ 
 []

l2hSize :multline4631:76.51991pt::0.0pt::349.0pt.
[337


]
l2hSize :multline4652:76.51991pt::0.0pt::349.0pt.
[338


]
Overfull \hbox (1.45535pt too wide) detected at line 2657
 []$[]  [] \OT1/cmr/m/n/10.95 = [](\OML/cmm/m/it/10.95 S[] \OMS/cmsy/m/n/10.95 
^^@ \OML/cmm/m/it/10.95 S[]\OT1/cmr/m/n/10.95 ) [] []2\OML/cmm/m/it/10.95 c[][]
^^\[]^^\[]\OT1/cmr/m/n/10.95 (\OML/cmm/m/it/10.95 ^^\[] \OT1/cmr/m/n/10.95 + \O
ML/cmm/m/it/10.95 ^^\[]\OT1/cmr/m/n/10.95 )[]$ 
 []

l2hSize :multline4669:76.51991pt::0.0pt::349.0pt.
[339


]
l2hSize :multline4686:76.51991pt::0.0pt::349.0pt.
[340


]
l2hSize :tex2html_wrap_indisplay30206:20.83809pt::20.83809pt::307.96796pt.
[341


]
l2hSize :tex2html_wrap_indisplay30218:20.83809pt::20.83809pt::366.42888pt.

Overfull \hbox (20.6379pt too wide) in paragraph at lines 2686--2687
[]|[] 
 []

[342


]
l2hSize :tex2html_wrap_indisplay30230:20.83809pt::20.83809pt::282.9756pt.
[343


]
l2hSize :tex2html_wrap_indisplay30242:20.83809pt::20.83809pt::286.49213pt.
[344


]
l2hSize :tex2html_wrap_indisplay30264:17.03697pt::17.03697pt::71.09125pt.
[345


]
l2hSize :tex2html_wrap_indisplay30276:17.03697pt::17.03697pt::69.1636pt.
[346


]
l2hSize :tex2html_wrap_indisplay30288:20.83809pt::20.83809pt::233.33182pt.
[347


]
l2hSize :tex2html_wrap_indisplay30298:17.03697pt::17.03697pt::60.08641pt.
[348


]
l2hSize :tex2html_wrap_indisplay30310:20.83809pt::20.83809pt::236.52008pt.
[349


]
l2hSize :tex2html_wrap_indisplay30322:20.83809pt::20.83809pt::224.89925pt.
[350


]
l2hSize :tex2html_wrap_indisplay30332:20.83809pt::20.83809pt::343.30785pt.
[351


]
l2hSize :tex2html_wrap_indisplay30344:17.03697pt::17.03697pt::66.28537pt.
[352


]
l2hSize :tex2html_wrap_indisplay30354:20.83809pt::20.83809pt::346.82437pt.

Overfull \hbox (1.03339pt too wide) in paragraph at lines 2764--2765
[]|[] 
 []

[353


]
l2hSize :tex2html_wrap_indisplay30395:20.83809pt::20.83809pt::389.95354pt.

Overfull \hbox (44.16255pt too wide) in paragraph at lines 2774--2775
[]|[] 
 []

[354


]
l2hSize :tex2html_wrap_indisplay30403:20.83809pt::20.83809pt::288.9754pt.
[355


]
l2hSize :tex2html_wrap_indisplay30419:20.83809pt::20.83809pt::263.67302pt.
[356


]
Overfull \hbox (11.11227pt too wide) detected at line 2811
 []$[]  [] \OT1/cmr/m/n/10.95 = [] [] []\OML/cmm/m/it/10.95 c[][][]S[][] \OMS/c
msy/m/n/10.95 ^^@ \OML/cmm/m/it/10.95 ^^\[][]$ 
 []

l2hSize :multline5011:150.22054pt::0.0pt::349.0pt.
[357


]
Overfull \hbox (17.71162pt too wide) detected at line 2829
 []$[]  [] \OT1/cmr/m/n/10.95 = []\OML/cmm/m/it/10.95 S[] [] []c[][][][] \OMS/c
msy/m/n/10.95 ^^@ \OML/cmm/m/it/10.95 ^^\[][][]$ 
 []

l2hSize :multline5036:76.51991pt::0.0pt::349.0pt.
[358


]
l2hSize :tex2html_wrap_indisplay30510:20.83809pt::20.83809pt::421.21pt.

Overfull \hbox (75.41902pt too wide) in paragraph at lines 2840--2841
[]|[] 
 []

[359


]
l2hSize :tex2html_wrap_indisplay30522:20.83809pt::20.83809pt::320.14775pt.
[360


]
l2hSize :tex2html_wrap_indisplay30568:20.83809pt::20.83809pt::292.5505pt.
[361


]
l2hSize :tex2html_wrap_indisplay30592:20.83809pt::20.83809pt::264.36989pt.
[362


]
l2hSize :tex2html_wrap_indisplay30602:17.03697pt::17.03697pt::60.08641pt.
[363


]
l2hSize :tex2html_wrap_indisplay30614:17.03697pt::17.03697pt::69.1636pt.
[364


]
l2hSize :tex2html_wrap_indisplay30626:20.83809pt::20.83809pt::245.51161pt.
[365


]
l2hSize :tex2html_wrap_indisplay30658:20.83809pt::20.83809pt::352.29938pt.

Overfull \hbox (6.50839pt too wide) in paragraph at lines 2895--2896
[]|[] 
 []

[366


]
l2hSize :tex2html_wrap_indisplay30663:20.4381pt::20.4381pt::108.96927pt.
[367


]
l2hSize :subequations30672:65.40688pt::0.0pt::349.0pt.
[368


]
l2hSize :tex2html_wrap_indisplay30675:8.7125pt::8.7125pt::95.80943pt.
[369


]
l2hSize :tex2html_wrap_indisplay30678:8.7125pt::8.7125pt::68.02214pt.
[370


]
l2hSize :tex2html_wrap_indisplay30690:16.37761pt::16.37761pt::348.09822pt.

Overfull \hbox (2.30724pt too wide) in paragraph at lines 2932--2933
[]|[] 
 []

[371


]
l2hSize :tex2html_wrap_inline30692:7.57089pt::0.0pt::9.61485pt.
[372


]
l2hSize :subequations30704:157.83043pt::0.0pt::349.0pt.
[373


]
l2hSize :tex2html_wrap_indisplay30705:19.66264pt::19.66264pt::276.4511pt.
[374


]
l2hSize :tex2html_wrap_indisplay30706:16.37761pt::16.37761pt::231.71419pt.
[375


]
l2hSize :tex2html_wrap_indisplay30708:16.37761pt::16.37761pt::191.05516pt.
[376


]
l2hSize :tex2html_wrap_indisplay30709:19.66264pt::19.66264pt::9.97672pt.
[377


]
l2hSize :subequations30717:147.25685pt::0.0pt::349.0pt.
[378


]
l2hSize :subequations30725:147.25685pt::0.0pt::349.0pt.
[379


]
l2hSize :subequations30733:147.25685pt::0.0pt::349.0pt.
[380


]
l2hSize :tex2html_wrap_indisplay30736:16.37761pt::16.37761pt::381.11674pt.

Overfull \hbox (35.32576pt too wide) in paragraph at lines 3005--3006
[]|[] 
 []

[381


]
l2hSize :subequations30749:522.00313pt::0.0pt::349.0pt.
[382


]
l2hSize :tex2html_wrap_indisplay30750:19.66264pt::19.66264pt::305.3649pt.
[383


]
l2hSize :tex2html_wrap_indisplay30751:19.66264pt::19.66264pt::171.08696pt.
[384


]
l2hSize :tex2html_wrap_indisplay30752:19.66264pt::19.66264pt::171.28372pt.
[385


]
l2hSize :tex2html_wrap_indisplay30753:19.66264pt::19.66264pt::178.78596pt.
[386


]
l2hSize :tex2html_wrap_indisplay30754:19.66264pt::19.66264pt::231.95506pt.
[387


]
l2hSize :tex2html_wrap_indisplay30755:19.66264pt::19.66264pt::171.20726pt.
[388


]
l2hSize :tex2html_wrap_indisplay30756:19.66264pt::19.66264pt::171.58002pt.
[389


]
l2hSize :tex2html_wrap_indisplay30757:19.66264pt::19.66264pt::179.08226pt.
[390


]
l2hSize :tex2html_wrap_indisplay30758:19.66264pt::19.66264pt::190.70575pt.
[391


]
l2hSize :tex2html_wrap_indisplay30759:19.66264pt::19.66264pt::171.40402pt.
[392


]
l2hSize :tex2html_wrap_indisplay30760:19.66264pt::19.66264pt::171.58002pt.
[393


]
l2hSize :tex2html_wrap_indisplay30762:19.66264pt::19.66264pt::179.27902pt.
[394


]
l2hSize :subequations30775:154.8822pt::0.0pt::349.0pt.
[395


]
l2hSize :subequations30787:154.8822pt::0.0pt::349.0pt.
[396


]
l2hSize :subequations30799:154.8822pt::0.0pt::349.0pt.
[397


]
l2hSize :tex2html_wrap_indisplay30800:19.66264pt::19.66264pt::303.73369pt.
[398


]
l2hSize :tex2html_wrap_indisplay30801:16.37761pt::16.37761pt::226.23918pt.
[399


]
l2hSize :tex2html_wrap_indisplay30803:16.37761pt::16.37761pt::204.73274pt.
[400


]
l2hSize :subequations30814:159.26903pt::0.0pt::349.0pt.
[401


]
l2hSize :subequations30826:154.8822pt::0.0pt::349.0pt.
[402


]
l2hSize :subequations30838:154.8822pt::0.0pt::349.0pt.
[403


]
l2hSize :subequations30848:159.26903pt::0.0pt::349.0pt.
[404


]
l2hSize :subequations30860:154.8822pt::0.0pt::349.0pt.
[405


]
l2hSize :subequations30870:159.64336pt::0.0pt::349.0pt.
[406


]
l2hSize :tex2html_wrap_indisplay30871:17.03697pt::17.03697pt::199.99768pt.
[407


]
l2hSize :tex2html_wrap_indisplay30872:10.17673pt::10.17673pt::149.24036pt.
[408


]
l2hSize :tex2html_wrap_indisplay30874:10.17673pt::10.17673pt::122.1795pt.
[409


]
l2hSize :tex2html_wrap_indisplay30875:16.37761pt::16.37761pt::9.3684pt.
[410


]
l2hSize :subequations30881:98.13622pt::0.0pt::349.0pt.
[411


]
l2hSize :subequations30892:147.25685pt::0.0pt::349.0pt.
[412


]
l2hSize :subequations30900:147.25685pt::0.0pt::349.0pt.
[413


]
l2hSize :subequations30908:147.25685pt::0.0pt::349.0pt.
[414


]
Overfull \hbox (10.87451pt too wide) in paragraph at lines 3256--3256
[] 
 []

l2hSize :subequations30919:188.46901pt::0.0pt::349.0pt.
[415


]
l2hSize :subequations30931:154.8822pt::0.0pt::349.0pt.
[416


]
l2hSize :subequations30953:159.26903pt::0.0pt::349.0pt.
[417


]
Overfull \hbox (52.936pt too wide) in paragraph at lines 3284--3284
[] 
 []

l2hSize :subequations30965:213.28217pt::0.0pt::349.0pt.
[418


]
l2hSize :subequations30975:191.87135pt::0.0pt::349.0pt.
[419


]
l2hSize :tex2html_wrap_indisplay30980:20.4381pt::20.4381pt::108.96927pt.
[420


]
l2hSize :tex2html_wrap_indisplay30989:11.56882pt::11.56882pt::69.57611pt.
[421


]
l2hSize :tex2html_wrap_indisplay30992:8.7125pt::8.7125pt::77.26521pt.
[422


]
l2hSize :tex2html_wrap_indisplay30995:8.7125pt::8.7125pt::55.03023pt.
[423


]
l2hSize :subequations31010:90.92577pt::0.0pt::349.0pt.
[424


]
l2hSize :subequations31023:129.36763pt::0.0pt::349.0pt.
[425


]
l2hSize :subequations31029:62.6227pt::0.0pt::349.0pt.
[426


]
l2hSize :subequations31038:90.92577pt::0.0pt::349.0pt.
[427


]
l2hSize :subequations31046:90.92577pt::0.0pt::349.0pt.
[428


]
l2hSize :subequations31057:98.13307pt::0.0pt::349.0pt.
[429


]
l2hSize :subequations31069:95.50098pt::0.0pt::349.0pt.
[430


]
l2hSize :subequations31079:98.13307pt::0.0pt::349.0pt.
[431


]
l2hSize :tex2html_wrap_indisplay31083:8.7125pt::8.7125pt::30.02794pt.
[432


]
l2hSize :tex2html_wrap_indisplay31084:14.9644pt::14.9644pt::48.18712pt.
[433


]
l2hSize :tex2html_wrap_indisplay31086:20.4381pt::20.4381pt::71.89752pt.
[434


]
l2hSize :tex2html_wrap_indisplay31095:8.7125pt::8.7125pt::51.05035pt.
[435


]
l2hSize :tex2html_wrap_inline31098:7.60416pt::0.0pt::26.66777pt.
[436


]
l2hSize :tex2html_wrap_indisplay31103:8.7125pt::8.7125pt::37.16988pt.
[437


]
l2hSize :tex2html_wrap_indisplay31109:7.57185pt::7.57185pt::33.15286pt.
[438


]
l2hSize :tex2html_wrap_indisplay31118:15.5119pt::15.5119pt::45.29128pt.
[439


]
l2hSize :tex2html_wrap_indisplay31129:17.03697pt::17.03697pt::50.04134pt.
[440


]
l2hSize :tex2html_wrap_indisplay31135:7.57185pt::7.57185pt::40.53146pt.
[441


]
l2hSize :tex2html_wrap_indisplay31144:15.5119pt::15.5119pt::45.29128pt.
[442


]
l2hSize :tex2html_wrap_indisplay31155:17.03697pt::17.03697pt::50.04134pt.
[443


]
l2hSize :tex2html_wrap_indisplay31160:11.56882pt::11.56882pt::66.78058pt.
[444


]
l2hSize :tex2html_wrap_inline31166:7.57185pt::7.57185pt::6.30898pt.
[445


]
l2hSize :tex2html_wrap_inline31168:7.07185pt::0.0pt::6.1214pt.
[446


]
l2hSize :tex2html_wrap_inline31170:10.98041pt::0.0pt::20.47041pt.
[447


]
l2hSize :tex2html_wrap_inline31172:11.56882pt::11.56882pt::13.04726pt.
[448


]
l2hSize :subequations31181:140.82906pt::0.0pt::349.0pt.
[449


]
l2hSize :tex2html_wrap_inline31184:8.10416pt::8.10416pt::8.80814pt.
[450


]
l2hSize :tex2html_wrap_indisplay31189:18.97656pt::18.97656pt::231.22684pt.
[451


]
l2hSize :tex2html_wrap_indisplay31194:18.97656pt::18.97656pt::82.66357pt.
[452


]
l2hSize :tex2html_wrap_inline31197:11.56882pt::11.56882pt::14.93808pt.
[453


]
l2hSize :subequations31202:140.82906pt::0.0pt::349.0pt.
[454


]
l2hSize :tex2html_wrap_inline31205:11.56882pt::11.56882pt::14.64178pt.
[455


]
l2hSize :subequations31210:140.82906pt::0.0pt::349.0pt.
[456


]
l2hSize :tex2html_wrap_inline31213:11.56882pt::11.56882pt::14.44502pt.
[457


]
l2hSize :subequations31218:140.82906pt::0.0pt::349.0pt.
[458


]
l2hSize :tex2html_wrap_indisplay31228:18.97656pt::18.97656pt::262.17245pt.
[459


]
l2hSize :subequations31236:275.22897pt::0.0pt::349.0pt.
[460


]
l2hSize :subequations31244:275.22897pt::0.0pt::349.0pt.
[461


]
l2hSize :subequations31252:275.22897pt::0.0pt::349.0pt.
[462


]
l2hSize :tex2html_wrap_indisplay31257:11.56882pt::11.56882pt::69.1177pt.
[463


]
l2hSize :tex2html_wrap_inline31261:11.56882pt::11.56882pt::13.98662pt.
[464


]
l2hSize :tex2html_wrap_indisplay31268:23.63748pt::23.63748pt::98.1646pt.
[465


]
l2hSize :tex2html_wrap_indisplay31274:18.98175pt::18.98175pt::231.08128pt.
[466


]
l2hSize :tex2html_wrap_indisplay31277:18.98175pt::18.98175pt::81.64394pt.
[467


]
l2hSize :subequations31285:96.02908pt::0.0pt::349.0pt.
[468


]
l2hSize :tex2html_wrap_inline31288:8.10416pt::8.10416pt::10.2059pt.
[469


]
l2hSize :tex2html_wrap_indisplay31295:18.98175pt::18.98175pt::257.87683pt.
[470


]
l2hSize :subequations31303:140.82906pt::0.0pt::349.0pt.
[471


]
l2hSize :tex2html_wrap_inline31309:7.07185pt::0.0pt::9.06422pt.
[472


]
File: images/core_design.eps.gz Graphic file (type eps)
<images/core_design.eps.gz>
l2hSize :tex2html_wrap31354:425.97926pt::0.0pt::349.0pt.
[473


]
l2hSize :tex2html_wrap_inline31489:7.07185pt::0.0pt::6.57385pt.
[474


]
l2hSize :tex2html_wrap_inline31599:7.57185pt::7.57185pt::9.06422pt.
[475


]
l2hSize :tex2html_wrap_inline31605:7.07185pt::0.0pt::7.18219pt.
[476


]
l2hSize :tex2html_wrap_inline31638:7.57185pt::7.57185pt::9.06422pt.
[477


]
l2hSize :tex2html_wrap_inline31663:8.10416pt::8.10416pt::10.40266pt.
[478


]
l2hSize :tex2html_wrap_inline31667:8.10416pt::8.10416pt::10.69896pt.
[479


]
l2hSize :tex2html_wrap_inline32460:8.7125pt::8.7125pt::21.66432pt.
[480


]
l2hSize :tex2html_wrap_inline32466:8.7125pt::8.7125pt::31.12056pt.
[481


]
l2hSize :tex2html_wrap_inline32472:8.7125pt::8.7125pt::31.10388pt.
[482


]
l2hSize :tex2html_wrap_inline32822:7.57185pt::7.57185pt::9.06422pt.
[483


]
l2hSize :tex2html_wrap_inline32826:7.57185pt::7.57185pt::9.06422pt.
[484


]
l2hSize :tex2html_wrap_inline36352:8.8943pt::0.0pt::7.70596pt.
[485


]
l2hSize :tex2html_wrap_inline36354:9.52922pt::0.0pt::10.49211pt.
[486


]
l2hSize :tex2html_wrap_inline36356:9.52922pt::0.0pt::9.08237pt.
[487


]
l2hSize :tex2html_wrap_inline36358:9.52922pt::0.0pt::9.07542pt.
[488


] (./images.aux) ) 
Here is how much of TeX's memory you used:
 3809 strings out of 94501
 48966 string characters out of 1169943
 120054 words of memory out of 1000000
 6930 multiletter control sequences out of 10000+50000
 9005 words of font info for 35 fonts, out of 500000 for 2000
 580 hyphenation exceptions out of 1000
 27i,15n,24p,4668b,278s stack positions out of 3000i,1500n,5000p,200000b,15000s

Output written on images.dvi (488 pages, 518944 bytes).
